src/app/api/patterns/scan/route.ts(259,3): error TS2322: Type '({ slope: number; intercept: number; touches: never[]; quality_score: number; coords: { xAxis: number; yAxis: number; }[]; } | null)[]' is not assignable to type 'TrendLine[]'.
  Type '{ slope: number; intercept: number; touches: never[]; quality_score: number; coords: { xAxis: number; yAxis: number; }[]; } | null' is not assignable to type 'TrendLine'.
    Type 'null' is not assignable to type 'TrendLine'.
src/app/api/patterns/scan/route.ts(278,29): error TS2677: A type predicate's type must be assignable to its parameter's type.
  Type 'TrendLine' is not assignable to type '{ slope: number; intercept: number; touches: never[]; quality_score: number; coords: { xAxis: number; yAxis: number; }[]; }'.
    Types of property 'touches' are incompatible.
      Type 'number[]' is not assignable to type 'never[]'.
        Type 'number' is not assignable to type 'never'.
src/components/charts/IndicatorPanel.tsx(687,15): error TS17001: JSX elements cannot have multiple attributes with the same name.
src/components/charts/indicators/index.ts(8,1): error TS2308: Module './MovingAverages' has already exported a member named 'CandleData'. Consider explicitly re-exporting to resolve the ambiguity.
src/components/charts/indicators/index.ts(14,1): error TS2308: Module './MovingAverages' has already exported a member named 'CandleData'. Consider explicitly re-exporting to resolve the ambiguity.
src/components/charts/TradingChart.backup.tsx(476,24): error TS2503: Cannot find namespace 'JSX'.
src/components/charts/TradingChart.tsx(476,24): error TS2503: Cannot find namespace 'JSX'.
src/components/patterns/PatternChart.tsx(210,13): error TS2322: Type '{ name: string; type: "candlestick"; data: any[][]; clip: false; itemStyle: { color: string; color0: string; borderColor: string; borderColor0: string; borderWidth: number; }; markLine: { silent: true; ... 5 more ...; data: any; } | undefined; markPoint: { ...; } | undefined; }[]' is not assignable to type 'SeriesOption | SeriesOption[] | undefined'.
  Type '{ name: string; type: "candlestick"; data: any[][]; clip: false; itemStyle: { color: string; color0: string; borderColor: string; borderColor0: string; borderWidth: number; }; markLine: { silent: true; ... 5 more ...; data: any; } | undefined; markPoint: { ...; } | undefined; }[]' is not assignable to type 'CustomSeriesOption | MapSeriesOption$1 | ParallelSeriesOption$1 | LinesSeriesOption$1 | ... 19 more ... | SeriesOption[]'.
    Type '{ name: string; type: "candlestick"; data: any[][]; clip: false; itemStyle: { color: string; color0: string; borderColor: string; borderColor0: string; borderWidth: number; }; markLine: { silent: true; ... 5 more ...; data: any; } | undefined; markPoint: { ...; } | undefined; }' is not assignable to type 'SeriesOption'.
      Types of property 'markLine' are incompatible.
        Type '{ silent: true; symbol: string[]; animation: false; clip: false; lineStyle: { type: "solid"; color: string; width: number; shadowBlur: number; shadowColor: string; }; label: { show: true; position: "end"; ... 5 more ...; formatter: (p: any) => string; }; data: any; } | undefined' is not assignable to type 'MarkLineOption | undefined'.
          Object literal may only specify known properties, and 'clip' does not exist in type 'MarkLineOption'.
src/components/patterns/PatternChart.tsx(289,31): error TS2341: Property 'getModel' is private and only accessible within class 'ECharts'.
src/components/settings/store/settingsStore.ts(140,7): error TS2741: Property 'colors' is missing in type '{ account: never[]; subscription: never[]; privacy: ("dataSharing" | "anonymousAnalytics" | "smartPersonalization" | "memoryEnabled" | "historyEnabled" | "historyRetention" | "temporaryChatMode" | "improveModelForAll")[]; ... 10 more ...; about: never[]; }' but required in type 'Record<SettingsSectionId, (keyof SettingsState)[]>'.
src/components/trading/ExchangeManager.tsx(147,13): error TS17001: JSX elements cannot have multiple attributes with the same name.
