2026-02-22 01:31:10 | INFO    | 🥩 ═══ بدء زحف StakingRewards ═══
2026-02-22 01:31:10 | INFO    | ⏱️ StakingRewards timeframe: 24h
2026-02-22 01:31:12 | DEBUG   | 🌐 GET https://www.stakingrewards.com/assets/all?page=0&pageSize=100&timeframe=24h (محاولة 1/3)
2026-02-22 01:31:18 | INFO    | ✅ https://www.stakingrewards.com/assets/all?page=0&pageSize=100&timeframe=24h → 1,191,616 bytes
2026-02-22 01:31:18 | INFO    | 🥩 عثرنا على 18 أصل في RSC payload
2026-02-22 01:31:18 | DEBUG   |   ✅ ETH    rate=    3.33 price=$  1,973.94 providers=0
2026-02-22 01:31:18 | DEBUG   |   ✅ SOL    rate=6.419999999999999 price=$     85.53 providers=0
2026-02-22 01:31:18 | DEBUG   |   ✅ HYPE   rate=2.2055129900000003 price=$     29.62 providers=0
2026-02-22 01:31:18 | DEBUG   |   ✅ TRX    rate=3.2548210616843045 price=$      0.29 providers=0
2026-02-22 01:31:18 | DEBUG   |   ✅ SUI    rate=1.7161029759750979 price=$      0.95 providers=0
2026-02-22 01:31:18 | DEBUG   |   ✅ BTC    rate=0.03344292016457813 price=$ 68,071.00 providers=0
2026-02-22 01:31:18 | DEBUG   |   ✅ AVAX   rate=6.639282503638253 price=$      9.17 providers=0
2026-02-22 01:31:18 | DEBUG   |   ✅ DOT    rate=11.567628627488572 price=$      1.36 providers=0
2026-02-22 01:31:18 | DEBUG   |   ✅ CRO    rate=1.6763886055383155 price=$      0.08 providers=0
2026-02-22 01:31:18 | DEBUG   |   ✅ APT    rate=6.999678000000001 price=$      0.89 providers=0
2026-02-22 01:31:18 | DEBUG   |   ✅ ATOM   rate=19.04688704438944 price=$      2.33 providers=0
2026-02-22 01:31:18 | DEBUG   |   ✅ NEAR   rate=4.785768170778164 price=$      1.05 providers=0
2026-02-22 01:31:18 | DEBUG   |   ✅ IP     rate=   10.75 price=$      1.10 providers=0
2026-02-22 01:31:18 | DEBUG   |   ✅ MATIC  rate=4.724671243121438 price=$      0.00 providers=0
2026-02-22 01:31:18 | DEBUG   |   ✅ SEI    rate=6.985689799094221 price=$      0.07 providers=0
2026-02-22 01:31:18 | DEBUG   |   ✅ MON    rate=15.366415737911865 price=$      0.02 providers=0
2026-02-22 01:31:18 | DEBUG   |   ✅ XTZ    rate=9.511986354363446 price=$      0.39 providers=0
2026-02-22 01:31:18 | DEBUG   |   ✅ INJ    rate=5.991943654049135 price=$      3.80 providers=0
2026-02-22 01:31:18 | INFO    | 🥩 StakingRewards: 18 أصل | متوسط المكافآت: 6.72%
2026-02-22 01:31:18 | INFO    | ⏱️ StakingRewards timeframe: 7d
2026-02-22 01:31:20 | DEBUG   | 🌐 GET https://www.stakingrewards.com/assets/all?page=0&pageSize=100&timeframe=7d (محاولة 1/3)
2026-02-22 01:31:23 | INFO    | ✅ https://www.stakingrewards.com/assets/all?page=0&pageSize=100&timeframe=7d → 1,191,611 bytes
2026-02-22 01:31:23 | INFO    | 🥩 عثرنا على 18 أصل في RSC payload
2026-02-22 01:31:23 | DEBUG   |   ✅ ETH    rate=    3.33 price=$  1,973.94 providers=0
2026-02-22 01:31:23 | DEBUG   |   ✅ SOL    rate=6.419999999999999 price=$     85.53 providers=0
2026-02-22 01:31:23 | DEBUG   |   ✅ HYPE   rate=2.2055129900000003 price=$     29.62 providers=0
2026-02-22 01:31:23 | DEBUG   |   ✅ TRX    rate=3.2548210616843045 price=$      0.29 providers=0
2026-02-22 01:31:23 | DEBUG   |   ✅ SUI    rate=1.7161029759750979 price=$      0.95 providers=0
2026-02-22 01:31:23 | DEBUG   |   ✅ BTC    rate=0.03344292016457813 price=$ 68,071.00 providers=0
2026-02-22 01:31:23 | DEBUG   |   ✅ AVAX   rate=6.639282503638253 price=$      9.17 providers=0
2026-02-22 01:31:23 | DEBUG   |   ✅ DOT    rate=11.567628627488572 price=$      1.36 providers=0
2026-02-22 01:31:23 | DEBUG   |   ✅ CRO    rate=1.6763886055383155 price=$      0.08 providers=0
2026-02-22 01:31:23 | DEBUG   |   ✅ APT    rate=6.999678000000001 price=$      0.89 providers=0
2026-02-22 01:31:23 | DEBUG   |   ✅ ATOM   rate=19.04688704438944 price=$      2.33 providers=0
2026-02-22 01:31:23 | DEBUG   |   ✅ NEAR   rate=4.785768170778164 price=$      1.05 providers=0
2026-02-22 01:31:23 | DEBUG   |   ✅ IP     rate=   10.75 price=$      1.10 providers=0
2026-02-22 01:31:23 | DEBUG   |   ✅ MATIC  rate=4.724671243121438 price=$      0.00 providers=0
2026-02-22 01:31:23 | DEBUG   |   ✅ SEI    rate=6.985689799094221 price=$      0.07 providers=0
2026-02-22 01:31:23 | DEBUG   |   ✅ MON    rate=15.366415737911865 price=$      0.02 providers=0
2026-02-22 01:31:23 | DEBUG   |   ✅ XTZ    rate=9.511986354363446 price=$      0.39 providers=0
2026-02-22 01:31:23 | DEBUG   |   ✅ INJ    rate=5.991943654049135 price=$      3.80 providers=0
2026-02-22 01:31:23 | INFO    | 🥩 StakingRewards: 18 أصل | متوسط المكافآت: 6.72%
2026-02-22 01:31:23 | INFO    | ⏱️ StakingRewards timeframe: 30d
2026-02-22 01:31:25 | DEBUG   | 🌐 GET https://www.stakingrewards.com/assets/all?page=0&pageSize=100&timeframe=30d (محاولة 1/3)
2026-02-22 01:31:28 | INFO    | ✅ https://www.stakingrewards.com/assets/all?page=0&pageSize=100&timeframe=30d → 1,191,616 bytes
2026-02-22 01:31:28 | INFO    | 🥩 عثرنا على 18 أصل في RSC payload
2026-02-22 01:31:28 | DEBUG   |   ✅ ETH    rate=    3.33 price=$  1,973.94 providers=0
2026-02-22 01:31:28 | DEBUG   |   ✅ SOL    rate=6.419999999999999 price=$     85.53 providers=0
2026-02-22 01:31:28 | DEBUG   |   ✅ HYPE   rate=2.2055129900000003 price=$     29.62 providers=0
2026-02-22 01:31:28 | DEBUG   |   ✅ TRX    rate=3.2548210616843045 price=$      0.29 providers=0
2026-02-22 01:31:28 | DEBUG   |   ✅ SUI    rate=1.7161029759750979 price=$      0.95 providers=0
2026-02-22 01:31:28 | DEBUG   |   ✅ BTC    rate=0.03344292016457813 price=$ 68,071.00 providers=0
2026-02-22 01:31:28 | DEBUG   |   ✅ AVAX   rate=6.639282503638253 price=$      9.17 providers=0
2026-02-22 01:31:28 | DEBUG   |   ✅ DOT    rate=11.567628627488572 price=$      1.36 providers=0
2026-02-22 01:31:28 | DEBUG   |   ✅ CRO    rate=1.6763886055383155 price=$      0.08 providers=0
2026-02-22 01:31:28 | DEBUG   |   ✅ APT    rate=6.999678000000001 price=$      0.89 providers=0
2026-02-22 01:31:28 | DEBUG   |   ✅ ATOM   rate=19.04688704438944 price=$      2.33 providers=0
2026-02-22 01:31:28 | DEBUG   |   ✅ NEAR   rate=4.785768170778164 price=$      1.05 providers=0
2026-02-22 01:31:28 | DEBUG   |   ✅ IP     rate=   10.75 price=$      1.10 providers=0
2026-02-22 01:31:28 | DEBUG   |   ✅ MATIC  rate=4.724671243121438 price=$      0.00 providers=0
2026-02-22 01:31:28 | DEBUG   |   ✅ SEI    rate=6.985689799094221 price=$      0.07 providers=0
2026-02-22 01:31:28 | DEBUG   |   ✅ MON    rate=15.366415737911865 price=$      0.02 providers=0
2026-02-22 01:31:28 | DEBUG   |   ✅ XTZ    rate=9.511986354363446 price=$      0.39 providers=0
2026-02-22 01:31:28 | DEBUG   |   ✅ INJ    rate=5.991943654049135 price=$      3.80 providers=0
2026-02-22 01:31:28 | INFO    | 🥩 StakingRewards: 18 أصل | متوسط المكافآت: 6.72%
2026-02-22 01:31:28 | INFO    | ⏱️ StakingRewards timeframe: 90d
2026-02-22 01:31:30 | DEBUG   | 🌐 GET https://www.stakingrewards.com/assets/all?page=0&pageSize=100&timeframe=90d (محاولة 1/3)
2026-02-22 01:31:31 | INFO    | ✅ https://www.stakingrewards.com/assets/all?page=0&pageSize=100&timeframe=90d → 1,191,616 bytes
2026-02-22 01:31:31 | INFO    | 🥩 عثرنا على 18 أصل في RSC payload
2026-02-22 01:31:31 | DEBUG   |   ✅ ETH    rate=    3.33 price=$  1,973.94 providers=0
2026-02-22 01:31:31 | DEBUG   |   ✅ SOL    rate=6.419999999999999 price=$     85.53 providers=0
2026-02-22 01:31:31 | DEBUG   |   ✅ HYPE   rate=2.2055129900000003 price=$     29.62 providers=0
2026-02-22 01:31:31 | DEBUG   |   ✅ TRX    rate=3.2548210616843045 price=$      0.29 providers=0
2026-02-22 01:31:31 | DEBUG   |   ✅ SUI    rate=1.7161029759750979 price=$      0.95 providers=0
2026-02-22 01:31:31 | DEBUG   |   ✅ BTC    rate=0.03344292016457813 price=$ 68,071.00 providers=0
2026-02-22 01:31:31 | DEBUG   |   ✅ AVAX   rate=6.639282503638253 price=$      9.17 providers=0
2026-02-22 01:31:31 | DEBUG   |   ✅ DOT    rate=11.567628627488572 price=$      1.36 providers=0
2026-02-22 01:31:31 | DEBUG   |   ✅ CRO    rate=1.6763886055383155 price=$      0.08 providers=0
2026-02-22 01:31:31 | DEBUG   |   ✅ APT    rate=6.999678000000001 price=$      0.89 providers=0
2026-02-22 01:31:31 | DEBUG   |   ✅ ATOM   rate=19.04688704438944 price=$      2.33 providers=0
2026-02-22 01:31:31 | DEBUG   |   ✅ NEAR   rate=4.785768170778164 price=$      1.05 providers=0
2026-02-22 01:31:31 | DEBUG   |   ✅ IP     rate=   10.75 price=$      1.10 providers=0
2026-02-22 01:31:31 | DEBUG   |   ✅ MATIC  rate=4.724671243121438 price=$      0.00 providers=0
2026-02-22 01:31:31 | DEBUG   |   ✅ SEI    rate=6.985689799094221 price=$      0.07 providers=0
2026-02-22 01:31:31 | DEBUG   |   ✅ MON    rate=15.366415737911865 price=$      0.02 providers=0
2026-02-22 01:31:31 | DEBUG   |   ✅ XTZ    rate=9.511986354363446 price=$      0.39 providers=0
2026-02-22 01:31:31 | DEBUG   |   ✅ INJ    rate=5.991943654049135 price=$      3.80 providers=0
2026-02-22 01:31:31 | INFO    | 🥩 StakingRewards: 18 أصل | متوسط المكافآت: 6.72%
2026-02-22 01:31:31 | INFO    | ⏱️ StakingRewards timeframe: 1y
2026-02-22 01:31:33 | DEBUG   | 🌐 GET https://www.stakingrewards.com/assets/all?page=0&pageSize=100&timeframe=1y (محاولة 1/3)
2026-02-22 01:31:35 | INFO    | ✅ https://www.stakingrewards.com/assets/all?page=0&pageSize=100&timeframe=1y → 1,191,611 bytes
2026-02-22 01:31:35 | INFO    | 🥩 عثرنا على 18 أصل في RSC payload
2026-02-22 01:31:35 | DEBUG   |   ✅ ETH    rate=    3.33 price=$  1,973.94 providers=0
2026-02-22 01:31:35 | DEBUG   |   ✅ SOL    rate=6.419999999999999 price=$     85.53 providers=0
2026-02-22 01:31:35 | DEBUG   |   ✅ HYPE   rate=2.2055129900000003 price=$     29.62 providers=0
2026-02-22 01:31:35 | DEBUG   |   ✅ TRX    rate=3.2548210616843045 price=$      0.29 providers=0
2026-02-22 01:31:35 | DEBUG   |   ✅ SUI    rate=1.7161029759750979 price=$      0.95 providers=0
2026-02-22 01:31:35 | DEBUG   |   ✅ BTC    rate=0.03344292016457813 price=$ 68,071.00 providers=0
2026-02-22 01:31:35 | DEBUG   |   ✅ AVAX   rate=6.639282503638253 price=$      9.17 providers=0
2026-02-22 01:31:35 | DEBUG   |   ✅ DOT    rate=11.567628627488572 price=$      1.36 providers=0
2026-02-22 01:31:35 | DEBUG   |   ✅ CRO    rate=1.6763886055383155 price=$      0.08 providers=0
2026-02-22 01:31:35 | DEBUG   |   ✅ APT    rate=6.999678000000001 price=$      0.89 providers=0
2026-02-22 01:31:35 | DEBUG   |   ✅ ATOM   rate=19.04688704438944 price=$      2.33 providers=0
2026-02-22 01:31:35 | DEBUG   |   ✅ NEAR   rate=4.785768170778164 price=$      1.05 providers=0
2026-02-22 01:31:35 | DEBUG   |   ✅ IP     rate=   10.75 price=$      1.10 providers=0
2026-02-22 01:31:35 | DEBUG   |   ✅ MATIC  rate=4.724671243121438 price=$      0.00 providers=0
2026-02-22 01:31:35 | DEBUG   |   ✅ SEI    rate=6.985689799094221 price=$      0.07 providers=0
2026-02-22 01:31:35 | DEBUG   |   ✅ MON    rate=15.366415737911865 price=$      0.02 providers=0
2026-02-22 01:31:35 | DEBUG   |   ✅ XTZ    rate=9.511986354363446 price=$      0.39 providers=0
2026-02-22 01:31:35 | DEBUG   |   ✅ INJ    rate=5.991943654049135 price=$      3.80 providers=0
2026-02-22 01:31:35 | INFO    | 🥩 StakingRewards: 18 أصل | متوسط المكافآت: 6.72%
2026-02-22 01:31:35 | INFO    | 🥩 ═══ اكتمل زحف StakingRewards (25.4ث) | assets=18 ═══
2026-02-22 01:31:36 | INFO    | 💾 تم حفظ __stakingrewards__: crawler/data\latest\__stakingrewards__.json
2026-02-22 01:31:36 | SUCCESS | ✅ تم تحديث StakingRewards بنجاح
2026-02-22 01:32:36 | INFO    | ⏳ غير مستحق بعد — التحديث القادم خلال ~1438 دقيقة
2026-02-22 01:33:36 | INFO    | ⏳ غير مستحق بعد — التحديث القادم خلال ~1437 دقيقة
2026-02-22 01:34:36 | INFO    | ⏳ غير مستحق بعد — التحديث القادم خلال ~1436 دقيقة
2026-02-22 01:35:36 | INFO    | ⏳ غير مستحق بعد — التحديث القادم خلال ~1435 دقيقة
2026-02-22 01:36:36 | INFO    | ⏳ غير مستحق بعد — التحديث القادم خلال ~1434 دقيقة
2026-02-22 01:37:36 | INFO    | ⏳ غير مستحق بعد — التحديث القادم خلال ~1433 دقيقة
2026-02-22 01:38:36 | INFO    | ⏳ غير مستحق بعد — التحديث القادم خلال ~1432 دقيقة
2026-02-22 01:39:36 | INFO    | ⏳ غير مستحق بعد — التحديث القادم خلال ~1431 دقيقة
2026-02-22 01:40:36 | INFO    | ⏳ غير مستحق بعد — التحديث القادم خلال ~1430 دقيقة
2026-02-22 01:41:36 | INFO    | ⏳ غير مستحق بعد — التحديث القادم خلال ~1429 دقيقة
2026-02-22 01:42:37 | INFO    | ⏳ غير مستحق بعد — التحديث القادم خلال ~1428 دقيقة
2026-02-22 01:43:37 | INFO    | ⏳ غير مستحق بعد — التحديث القادم خلال ~1427 دقيقة
2026-02-22 01:44:37 | INFO    | ⏳ غير مستحق بعد — التحديث القادم خلال ~1426 دقيقة
2026-02-22 01:45:38 | INFO    | ⏳ غير مستحق بعد — التحديث القادم خلال ~1425 دقيقة
2026-02-22 01:46:38 | INFO    | ⏳ غير مستحق بعد — التحديث القادم خلال ~1424 دقيقة
2026-02-22 01:47:38 | INFO    | ⏳ غير مستحق بعد — التحديث القادم خلال ~1423 دقيقة
2026-02-22 01:48:38 | INFO    | ⏳ غير مستحق بعد — التحديث القادم خلال ~1422 دقيقة
2026-02-22 01:49:38 | INFO    | ⏳ غير مستحق بعد — التحديث القادم خلال ~1421 دقيقة
2026-02-22 01:50:38 | INFO    | ⏳ غير مستحق بعد — التحديث القادم خلال ~1420 دقيقة
2026-02-22 01:51:38 | INFO    | ⏳ غير مستحق بعد — التحديث القادم خلال ~1419 دقيقة
2026-02-22 01:52:39 | INFO    | ⏳ غير مستحق بعد — التحديث القادم خلال ~1418 دقيقة
2026-02-22 01:53:39 | INFO    | ⏳ غير مستحق بعد — التحديث القادم خلال ~1417 دقيقة
2026-02-22 01:54:39 | INFO    | ⏳ غير مستحق بعد — التحديث القادم خلال ~1416 دقيقة
2026-02-22 01:55:39 | INFO    | ⏳ غير مستحق بعد — التحديث القادم خلال ~1415 دقيقة
2026-02-22 01:56:39 | INFO    | ⏳ غير مستحق بعد — التحديث القادم خلال ~1414 دقيقة
2026-02-22 01:57:39 | INFO    | ⏳ غير مستحق بعد — التحديث القادم خلال ~1413 دقيقة
2026-02-22 01:58:39 | INFO    | ⏳ غير مستحق بعد — التحديث القادم خلال ~1412 دقيقة
2026-02-22 01:59:39 | INFO    | ⏳ غير مستحق بعد — التحديث القادم خلال ~1411 دقيقة
2026-02-22 02:00:39 | INFO    | ⏳ غير مستحق بعد — التحديث القادم خلال ~1410 دقيقة
2026-02-22 02:01:39 | INFO    | ⏳ غير مستحق بعد — التحديث القادم خلال ~1409 دقيقة
2026-02-22 02:02:39 | INFO    | ⏳ غير مستحق بعد — التحديث القادم خلال ~1408 دقيقة
2026-02-22 02:03:39 | INFO    | ⏳ غير مستحق بعد — التحديث القادم خلال ~1407 دقيقة
2026-02-22 02:04:40 | INFO    | ⏳ غير مستحق بعد — التحديث القادم خلال ~1406 دقيقة
2026-02-22 02:05:40 | INFO    | ⏳ غير مستحق بعد — التحديث القادم خلال ~1405 دقيقة
2026-02-22 02:06:40 | INFO    | ⏳ غير مستحق بعد — التحديث القادم خلال ~1404 دقيقة
2026-02-22 02:07:40 | INFO    | ⏳ غير مستحق بعد — التحديث القادم خلال ~1403 دقيقة
2026-02-22 02:08:40 | INFO    | ⏳ غير مستحق بعد — التحديث القادم خلال ~1402 دقيقة
2026-02-22 02:09:40 | INFO    | ⏳ غير مستحق بعد — التحديث القادم خلال ~1401 دقيقة
2026-02-22 02:10:40 | INFO    | ⏳ غير مستحق بعد — التحديث القادم خلال ~1400 دقيقة
2026-02-22 02:11:40 | INFO    | ⏳ غير مستحق بعد — التحديث القادم خلال ~1399 دقيقة
2026-02-22 02:12:40 | INFO    | ⏳ غير مستحق بعد — التحديث القادم خلال ~1398 دقيقة
2026-02-22 02:13:40 | INFO    | ⏳ غير مستحق بعد — التحديث القادم خلال ~1397 دقيقة
2026-02-22 02:14:40 | INFO    | ⏳ غير مستحق بعد — التحديث القادم خلال ~1396 دقيقة
2026-02-22 02:15:41 | INFO    | ⏳ غير مستحق بعد — التحديث القادم خلال ~1395 دقيقة
2026-02-22 02:16:41 | INFO    | ⏳ غير مستحق بعد — التحديث القادم خلال ~1394 دقيقة
2026-02-22 02:17:41 | INFO    | ⏳ غير مستحق بعد — التحديث القادم خلال ~1393 دقيقة
2026-02-22 02:18:41 | INFO    | ⏳ غير مستحق بعد — التحديث القادم خلال ~1392 دقيقة
2026-02-22 02:19:41 | INFO    | ⏳ غير مستحق بعد — التحديث القادم خلال ~1391 دقيقة
2026-02-22 02:20:41 | INFO    | ⏳ غير مستحق بعد — التحديث القادم خلال ~1390 دقيقة
2026-02-22 02:21:41 | INFO    | ⏳ غير مستحق بعد — التحديث القادم خلال ~1389 دقيقة
2026-02-22 02:22:41 | INFO    | ⏳ غير مستحق بعد — التحديث القادم خلال ~1388 دقيقة
2026-02-22 02:23:41 | INFO    | ⏳ غير مستحق بعد — التحديث القادم خلال ~1387 دقيقة
2026-02-22 02:24:41 | INFO    | ⏳ غير مستحق بعد — التحديث القادم خلال ~1386 دقيقة
2026-02-22 02:25:41 | INFO    | ⏳ غير مستحق بعد — التحديث القادم خلال ~1385 دقيقة
2026-02-22 02:26:41 | INFO    | ⏳ غير مستحق بعد — التحديث القادم خلال ~1384 دقيقة
2026-02-22 02:27:41 | INFO    | ⏳ غير مستحق بعد — التحديث القادم خلال ~1383 دقيقة
2026-02-22 02:28:42 | INFO    | ⏳ غير مستحق بعد — التحديث القادم خلال ~1382 دقيقة
2026-02-22 02:29:42 | INFO    | ⏳ غير مستحق بعد — التحديث القادم خلال ~1381 دقيقة
2026-02-22 02:30:42 | INFO    | ⏳ غير مستحق بعد — التحديث القادم خلال ~1380 دقيقة
2026-02-22 02:31:42 | INFO    | ⏳ غير مستحق بعد — التحديث القادم خلال ~1379 دقيقة
2026-02-22 02:32:42 | INFO    | ⏳ غير مستحق بعد — التحديث القادم خلال ~1378 دقيقة
2026-02-22 02:33:42 | INFO    | ⏳ غير مستحق بعد — التحديث القادم خلال ~1377 دقيقة
2026-02-22 02:34:42 | INFO    | ⏳ غير مستحق بعد — التحديث القادم خلال ~1376 دقيقة
2026-02-22 02:35:42 | INFO    | ⏳ غير مستحق بعد — التحديث القادم خلال ~1375 دقيقة
2026-02-22 02:36:42 | INFO    | ⏳ غير مستحق بعد — التحديث القادم خلال ~1374 دقيقة
2026-02-22 02:37:42 | INFO    | ⏳ غير مستحق بعد — التحديث القادم خلال ~1373 دقيقة
2026-02-22 02:38:42 | INFO    | ⏳ غير مستحق بعد — التحديث القادم خلال ~1372 دقيقة
2026-02-22 02:39:43 | INFO    | ⏳ غير مستحق بعد — التحديث القادم خلال ~1371 دقيقة
2026-02-22 02:40:43 | INFO    | ⏳ غير مستحق بعد — التحديث القادم خلال ~1370 دقيقة
2026-02-22 02:41:43 | INFO    | ⏳ غير مستحق بعد — التحديث القادم خلال ~1369 دقيقة
2026-02-22 02:42:43 | INFO    | ⏳ غير مستحق بعد — التحديث القادم خلال ~1368 دقيقة
2026-02-22 02:43:43 | INFO    | ⏳ غير مستحق بعد — التحديث القادم خلال ~1367 دقيقة
2026-02-22 02:44:43 | INFO    | ⏳ غير مستحق بعد — التحديث القادم خلال ~1366 دقيقة
2026-02-22 02:45:43 | INFO    | ⏳ غير مستحق بعد — التحديث القادم خلال ~1365 دقيقة
2026-02-22 02:46:43 | INFO    | ⏳ غير مستحق بعد — التحديث القادم خلال ~1364 دقيقة
2026-02-22 02:47:43 | INFO    | ⏳ غير مستحق بعد — التحديث القادم خلال ~1363 دقيقة
2026-02-22 02:48:43 | INFO    | ⏳ غير مستحق بعد — التحديث القادم خلال ~1362 دقيقة
2026-02-22 02:49:43 | INFO    | ⏳ غير مستحق بعد — التحديث القادم خلال ~1361 دقيقة
2026-02-22 02:50:43 | INFO    | ⏳ غير مستحق بعد — التحديث القادم خلال ~1360 دقيقة
2026-02-22 02:51:43 | INFO    | ⏳ غير مستحق بعد — التحديث القادم خلال ~1359 دقيقة
2026-02-22 02:52:44 | INFO    | ⏳ غير مستحق بعد — التحديث القادم خلال ~1358 دقيقة
2026-02-22 02:53:46 | INFO    | ⏳ غير مستحق بعد — التحديث القادم خلال ~1357 دقيقة
2026-02-22 02:54:46 | INFO    | ⏳ غير مستحق بعد — التحديث القادم خلال ~1356 دقيقة
2026-02-22 02:55:46 | INFO    | ⏳ غير مستحق بعد — التحديث القادم خلال ~1355 دقيقة
2026-02-22 02:56:46 | INFO    | ⏳ غير مستحق بعد — التحديث القادم خلال ~1354 دقيقة
2026-02-22 02:57:46 | INFO    | ⏳ غير مستحق بعد — التحديث القادم خلال ~1353 دقيقة
2026-02-22 02:58:46 | INFO    | ⏳ غير مستحق بعد — التحديث القادم خلال ~1352 دقيقة
2026-02-22 02:59:46 | INFO    | ⏳ غير مستحق بعد — التحديث القادم خلال ~1351 دقيقة
2026-02-22 03:00:46 | INFO    | ⏳ غير مستحق بعد — التحديث القادم خلال ~1350 دقيقة
2026-02-22 03:01:46 | INFO    | ⏳ غير مستحق بعد — التحديث القادم خلال ~1349 دقيقة
2026-02-22 03:02:46 | INFO    | ⏳ غير مستحق بعد — التحديث القادم خلال ~1348 دقيقة
2026-02-22 03:03:46 | INFO    | ⏳ غير مستحق بعد — التحديث القادم خلال ~1347 دقيقة
2026-02-22 03:04:47 | INFO    | ⏳ غير مستحق بعد — التحديث القادم خلال ~1346 دقيقة
2026-02-22 03:05:47 | INFO    | ⏳ غير مستحق بعد — التحديث القادم خلال ~1345 دقيقة
2026-02-22 03:06:47 | INFO    | ⏳ غير مستحق بعد — التحديث القادم خلال ~1344 دقيقة
2026-02-22 03:07:47 | INFO    | ⏳ غير مستحق بعد — التحديث القادم خلال ~1343 دقيقة
2026-02-22 03:08:47 | INFO    | ⏳ غير مستحق بعد — التحديث القادم خلال ~1342 دقيقة
2026-02-22 03:09:47 | INFO    | ⏳ غير مستحق بعد — التحديث القادم خلال ~1341 دقيقة
2026-02-22 03:10:47 | INFO    | ⏳ غير مستحق بعد — التحديث القادم خلال ~1340 دقيقة
2026-02-22 03:11:47 | INFO    | ⏳ غير مستحق بعد — التحديث القادم خلال ~1339 دقيقة
2026-02-22 03:12:47 | INFO    | ⏳ غير مستحق بعد — التحديث القادم خلال ~1338 دقيقة
2026-02-22 03:13:47 | INFO    | ⏳ غير مستحق بعد — التحديث القادم خلال ~1337 دقيقة
2026-02-22 03:14:47 | INFO    | ⏳ غير مستحق بعد — التحديث القادم خلال ~1336 دقيقة
2026-02-22 03:15:47 | INFO    | ⏳ غير مستحق بعد — التحديث القادم خلال ~1335 دقيقة
2026-02-22 03:16:48 | INFO    | ⏳ غير مستحق بعد — التحديث القادم خلال ~1334 دقيقة
2026-02-22 03:17:48 | INFO    | ⏳ غير مستحق بعد — التحديث القادم خلال ~1333 دقيقة
2026-02-22 03:18:48 | INFO    | ⏳ غير مستحق بعد — التحديث القادم خلال ~1332 دقيقة
2026-02-22 03:19:48 | INFO    | ⏳ غير مستحق بعد — التحديث القادم خلال ~1331 دقيقة
2026-02-22 03:20:48 | INFO    | ⏳ غير مستحق بعد — التحديث القادم خلال ~1330 دقيقة
2026-02-22 03:21:48 | INFO    | ⏳ غير مستحق بعد — التحديث القادم خلال ~1329 دقيقة
2026-02-22 03:22:48 | INFO    | ⏳ غير مستحق بعد — التحديث القادم خلال ~1328 دقيقة
2026-02-22 03:23:48 | INFO    | ⏳ غير مستحق بعد — التحديث القادم خلال ~1327 دقيقة
2026-02-22 03:24:48 | INFO    | ⏳ غير مستحق بعد — التحديث القادم خلال ~1326 دقيقة
2026-02-22 03:25:48 | INFO    | ⏳ غير مستحق بعد — التحديث القادم خلال ~1325 دقيقة
2026-02-22 03:26:49 | INFO    | ⏳ غير مستحق بعد — التحديث القادم خلال ~1324 دقيقة
2026-02-22 03:27:49 | INFO    | ⏳ غير مستحق بعد — التحديث القادم خلال ~1323 دقيقة
2026-02-22 03:28:49 | INFO    | ⏳ غير مستحق بعد — التحديث القادم خلال ~1322 دقيقة
2026-02-22 03:29:49 | INFO    | ⏳ غير مستحق بعد — التحديث القادم خلال ~1321 دقيقة
2026-02-22 03:30:49 | INFO    | ⏳ غير مستحق بعد — التحديث القادم خلال ~1320 دقيقة
2026-02-22 03:31:49 | INFO    | ⏳ غير مستحق بعد — التحديث القادم خلال ~1319 دقيقة
2026-02-22 03:32:49 | INFO    | ⏳ غير مستحق بعد — التحديث القادم خلال ~1318 دقيقة
2026-02-22 03:33:49 | INFO    | ⏳ غير مستحق بعد — التحديث القادم خلال ~1317 دقيقة
2026-02-22 03:34:49 | INFO    | ⏳ غير مستحق بعد — التحديث القادم خلال ~1316 دقيقة
2026-02-22 03:35:49 | INFO    | ⏳ غير مستحق بعد — التحديث القادم خلال ~1315 دقيقة
2026-02-22 03:36:49 | INFO    | ⏳ غير مستحق بعد — التحديث القادم خلال ~1314 دقيقة
2026-02-22 03:37:49 | INFO    | ⏳ غير مستحق بعد — التحديث القادم خلال ~1313 دقيقة
2026-02-22 03:38:49 | INFO    | ⏳ غير مستحق بعد — التحديث القادم خلال ~1312 دقيقة
2026-02-22 03:39:50 | INFO    | ⏳ غير مستحق بعد — التحديث القادم خلال ~1311 دقيقة
2026-02-22 03:40:50 | INFO    | ⏳ غير مستحق بعد — التحديث القادم خلال ~1310 دقيقة
2026-02-22 03:41:50 | INFO    | ⏳ غير مستحق بعد — التحديث القادم خلال ~1309 دقيقة
2026-02-22 03:42:50 | INFO    | ⏳ غير مستحق بعد — التحديث القادم خلال ~1308 دقيقة
2026-02-22 03:43:50 | INFO    | ⏳ غير مستحق بعد — التحديث القادم خلال ~1307 دقيقة
2026-02-22 03:44:50 | INFO    | ⏳ غير مستحق بعد — التحديث القادم خلال ~1306 دقيقة
2026-02-22 03:45:50 | INFO    | ⏳ غير مستحق بعد — التحديث القادم خلال ~1305 دقيقة
2026-02-22 03:46:50 | INFO    | ⏳ غير مستحق بعد — التحديث القادم خلال ~1304 دقيقة
2026-02-22 03:47:50 | INFO    | ⏳ غير مستحق بعد — التحديث القادم خلال ~1303 دقيقة
2026-02-22 03:48:50 | INFO    | ⏳ غير مستحق بعد — التحديث القادم خلال ~1302 دقيقة
2026-02-22 03:49:50 | INFO    | ⏳ غير مستحق بعد — التحديث القادم خلال ~1301 دقيقة
2026-02-22 03:50:50 | INFO    | ⏳ غير مستحق بعد — التحديث القادم خلال ~1300 دقيقة
2026-02-22 03:51:50 | INFO    | ⏳ غير مستحق بعد — التحديث القادم خلال ~1299 دقيقة
2026-02-22 03:52:51 | INFO    | ⏳ غير مستحق بعد — التحديث القادم خلال ~1298 دقيقة
2026-02-22 03:53:51 | INFO    | ⏳ غير مستحق بعد — التحديث القادم خلال ~1297 دقيقة
2026-02-22 03:54:51 | INFO    | ⏳ غير مستحق بعد — التحديث القادم خلال ~1296 دقيقة
2026-02-22 03:55:51 | INFO    | ⏳ غير مستحق بعد — التحديث القادم خلال ~1295 دقيقة
2026-02-22 03:56:51 | INFO    | ⏳ غير مستحق بعد — التحديث القادم خلال ~1294 دقيقة
2026-02-22 03:57:51 | INFO    | ⏳ غير مستحق بعد — التحديث القادم خلال ~1293 دقيقة
2026-02-22 03:58:51 | INFO    | ⏳ غير مستحق بعد — التحديث القادم خلال ~1292 دقيقة
2026-02-22 03:59:51 | INFO    | ⏳ غير مستحق بعد — التحديث القادم خلال ~1291 دقيقة
2026-02-22 04:00:51 | INFO    | ⏳ غير مستحق بعد — التحديث القادم خلال ~1290 دقيقة
2026-02-22 04:01:51 | INFO    | ⏳ غير مستحق بعد — التحديث القادم خلال ~1289 دقيقة
2026-02-22 04:02:51 | INFO    | ⏳ غير مستحق بعد — التحديث القادم خلال ~1288 دقيقة
2026-02-22 04:03:51 | INFO    | ⏳ غير مستحق بعد — التحديث القادم خلال ~1287 دقيقة
2026-02-22 04:04:52 | INFO    | ⏳ غير مستحق بعد — التحديث القادم خلال ~1286 دقيقة
2026-02-22 04:05:52 | INFO    | ⏳ غير مستحق بعد — التحديث القادم خلال ~1285 دقيقة
2026-02-22 04:06:52 | INFO    | ⏳ غير مستحق بعد — التحديث القادم خلال ~1284 دقيقة
2026-02-22 04:07:52 | INFO    | ⏳ غير مستحق بعد — التحديث القادم خلال ~1283 دقيقة
2026-02-22 04:08:52 | INFO    | ⏳ غير مستحق بعد — التحديث القادم خلال ~1282 دقيقة
2026-02-22 04:09:52 | INFO    | ⏳ غير مستحق بعد — التحديث القادم خلال ~1281 دقيقة
2026-02-22 04:10:52 | INFO    | ⏳ غير مستحق بعد — التحديث القادم خلال ~1280 دقيقة
2026-02-22 04:11:52 | INFO    | ⏳ غير مستحق بعد — التحديث القادم خلال ~1279 دقيقة
2026-02-22 04:12:52 | INFO    | ⏳ غير مستحق بعد — التحديث القادم خلال ~1278 دقيقة
2026-02-22 04:13:52 | INFO    | ⏳ غير مستحق بعد — التحديث القادم خلال ~1277 دقيقة
2026-02-22 04:14:53 | INFO    | ⏳ غير مستحق بعد — التحديث القادم خلال ~1276 دقيقة
2026-02-22 04:15:53 | INFO    | ⏳ غير مستحق بعد — التحديث القادم خلال ~1275 دقيقة
2026-02-22 04:16:53 | INFO    | ⏳ غير مستحق بعد — التحديث القادم خلال ~1274 دقيقة
2026-02-22 04:17:53 | INFO    | ⏳ غير مستحق بعد — التحديث القادم خلال ~1273 دقيقة
2026-02-22 04:18:53 | INFO    | ⏳ غير مستحق بعد — التحديث القادم خلال ~1272 دقيقة
2026-02-22 04:19:53 | INFO    | ⏳ غير مستحق بعد — التحديث القادم خلال ~1271 دقيقة
2026-02-22 04:20:53 | INFO    | ⏳ غير مستحق بعد — التحديث القادم خلال ~1270 دقيقة
2026-02-22 04:21:53 | INFO    | ⏳ غير مستحق بعد — التحديث القادم خلال ~1269 دقيقة
2026-02-22 04:22:53 | INFO    | ⏳ غير مستحق بعد — التحديث القادم خلال ~1268 دقيقة
2026-02-22 04:23:53 | INFO    | ⏳ غير مستحق بعد — التحديث القادم خلال ~1267 دقيقة
2026-02-22 04:24:53 | INFO    | ⏳ غير مستحق بعد — التحديث القادم خلال ~1266 دقيقة
2026-02-22 04:25:53 | INFO    | ⏳ غير مستحق بعد — التحديث القادم خلال ~1265 دقيقة
2026-02-22 04:26:53 | INFO    | ⏳ غير مستحق بعد — التحديث القادم خلال ~1264 دقيقة
2026-02-22 04:27:54 | INFO    | ⏳ غير مستحق بعد — التحديث القادم خلال ~1263 دقيقة
2026-02-22 04:28:54 | INFO    | ⏳ غير مستحق بعد — التحديث القادم خلال ~1262 دقيقة
2026-02-22 04:29:54 | INFO    | ⏳ غير مستحق بعد — التحديث القادم خلال ~1261 دقيقة
2026-02-22 04:30:54 | INFO    | ⏳ غير مستحق بعد — التحديث القادم خلال ~1260 دقيقة
2026-02-22 04:31:54 | INFO    | ⏳ غير مستحق بعد — التحديث القادم خلال ~1259 دقيقة
2026-02-22 04:32:54 | INFO    | ⏳ غير مستحق بعد — التحديث القادم خلال ~1258 دقيقة
2026-02-22 04:33:54 | INFO    | ⏳ غير مستحق بعد — التحديث القادم خلال ~1257 دقيقة
2026-02-22 04:34:54 | INFO    | ⏳ غير مستحق بعد — التحديث القادم خلال ~1256 دقيقة
2026-02-22 04:35:54 | INFO    | ⏳ غير مستحق بعد — التحديث القادم خلال ~1255 دقيقة
2026-02-22 04:36:54 | INFO    | ⏳ غير مستحق بعد — التحديث القادم خلال ~1254 دقيقة
2026-02-22 04:37:54 | INFO    | ⏳ غير مستحق بعد — التحديث القادم خلال ~1253 دقيقة
2026-02-22 04:38:54 | INFO    | ⏳ غير مستحق بعد — التحديث القادم خلال ~1252 دقيقة
2026-02-22 04:39:55 | INFO    | ⏳ غير مستحق بعد — التحديث القادم خلال ~1251 دقيقة
2026-02-22 04:40:55 | INFO    | ⏳ غير مستحق بعد — التحديث القادم خلال ~1250 دقيقة
2026-02-22 04:41:55 | INFO    | ⏳ غير مستحق بعد — التحديث القادم خلال ~1249 دقيقة
2026-02-22 04:42:55 | INFO    | ⏳ غير مستحق بعد — التحديث القادم خلال ~1248 دقيقة
2026-02-22 04:43:55 | INFO    | ⏳ غير مستحق بعد — التحديث القادم خلال ~1247 دقيقة
2026-02-22 04:44:55 | INFO    | ⏳ غير مستحق بعد — التحديث القادم خلال ~1246 دقيقة
2026-02-22 04:45:55 | INFO    | ⏳ غير مستحق بعد — التحديث القادم خلال ~1245 دقيقة
2026-02-22 04:46:55 | INFO    | ⏳ غير مستحق بعد — التحديث القادم خلال ~1244 دقيقة
2026-02-22 04:47:55 | INFO    | ⏳ غير مستحق بعد — التحديث القادم خلال ~1243 دقيقة
2026-02-22 04:48:55 | INFO    | ⏳ غير مستحق بعد — التحديث القادم خلال ~1242 دقيقة
2026-02-22 04:49:55 | INFO    | ⏳ غير مستحق بعد — التحديث القادم خلال ~1241 دقيقة
2026-02-22 04:50:56 | INFO    | ⏳ غير مستحق بعد — التحديث القادم خلال ~1240 دقيقة
2026-02-22 04:51:56 | INFO    | ⏳ غير مستحق بعد — التحديث القادم خلال ~1239 دقيقة
2026-02-22 04:52:56 | INFO    | ⏳ غير مستحق بعد — التحديث القادم خلال ~1238 دقيقة
2026-02-22 04:53:56 | INFO    | ⏳ غير مستحق بعد — التحديث القادم خلال ~1237 دقيقة
2026-02-22 04:54:56 | INFO    | ⏳ غير مستحق بعد — التحديث القادم خلال ~1236 دقيقة
2026-02-22 04:55:56 | INFO    | ⏳ غير مستحق بعد — التحديث القادم خلال ~1235 دقيقة
2026-02-22 04:56:56 | INFO    | ⏳ غير مستحق بعد — التحديث القادم خلال ~1234 دقيقة
2026-02-22 04:57:56 | INFO    | ⏳ غير مستحق بعد — التحديث القادم خلال ~1233 دقيقة
2026-02-22 04:58:56 | INFO    | ⏳ غير مستحق بعد — التحديث القادم خلال ~1232 دقيقة
2026-02-22 04:59:56 | INFO    | ⏳ غير مستحق بعد — التحديث القادم خلال ~1231 دقيقة
2026-02-22 05:00:56 | INFO    | ⏳ غير مستحق بعد — التحديث القادم خلال ~1230 دقيقة
2026-02-22 05:01:56 | INFO    | ⏳ غير مستحق بعد — التحديث القادم خلال ~1229 دقيقة
2026-02-22 05:02:56 | INFO    | ⏳ غير مستحق بعد — التحديث القادم خلال ~1228 دقيقة
2026-02-22 05:03:56 | INFO    | ⏳ غير مستحق بعد — التحديث القادم خلال ~1227 دقيقة
2026-02-22 05:04:57 | INFO    | ⏳ غير مستحق بعد — التحديث القادم خلال ~1226 دقيقة
2026-02-22 05:05:57 | INFO    | ⏳ غير مستحق بعد — التحديث القادم خلال ~1225 دقيقة
2026-02-22 05:06:57 | INFO    | ⏳ غير مستحق بعد — التحديث القادم خلال ~1224 دقيقة
2026-02-22 05:07:57 | INFO    | ⏳ غير مستحق بعد — التحديث القادم خلال ~1223 دقيقة
2026-02-22 05:08:57 | INFO    | ⏳ غير مستحق بعد — التحديث القادم خلال ~1222 دقيقة
2026-02-22 05:09:57 | INFO    | ⏳ غير مستحق بعد — التحديث القادم خلال ~1221 دقيقة
2026-02-22 05:10:57 | INFO    | ⏳ غير مستحق بعد — التحديث القادم خلال ~1220 دقيقة
2026-02-22 05:11:57 | INFO    | ⏳ غير مستحق بعد — التحديث القادم خلال ~1219 دقيقة
2026-02-22 05:12:57 | INFO    | ⏳ غير مستحق بعد — التحديث القادم خلال ~1218 دقيقة
2026-02-22 05:13:57 | INFO    | ⏳ غير مستحق بعد — التحديث القادم خلال ~1217 دقيقة
2026-02-22 05:14:57 | INFO    | ⏳ غير مستحق بعد — التحديث القادم خلال ~1216 دقيقة
2026-02-22 05:15:57 | INFO    | ⏳ غير مستحق بعد — التحديث القادم خلال ~1215 دقيقة
2026-02-22 05:16:58 | INFO    | ⏳ غير مستحق بعد — التحديث القادم خلال ~1214 دقيقة
2026-02-22 05:17:58 | INFO    | ⏳ غير مستحق بعد — التحديث القادم خلال ~1213 دقيقة
2026-02-22 05:18:58 | INFO    | ⏳ غير مستحق بعد — التحديث القادم خلال ~1212 دقيقة
2026-02-22 05:19:58 | INFO    | ⏳ غير مستحق بعد — التحديث القادم خلال ~1211 دقيقة
2026-02-22 05:20:58 | INFO    | ⏳ غير مستحق بعد — التحديث القادم خلال ~1210 دقيقة
2026-02-22 05:21:58 | INFO    | ⏳ غير مستحق بعد — التحديث القادم خلال ~1209 دقيقة
2026-02-22 05:22:58 | INFO    | ⏳ غير مستحق بعد — التحديث القادم خلال ~1208 دقيقة
2026-02-22 05:23:58 | INFO    | ⏳ غير مستحق بعد — التحديث القادم خلال ~1207 دقيقة
2026-02-22 05:24:58 | INFO    | ⏳ غير مستحق بعد — التحديث القادم خلال ~1206 دقيقة
2026-02-22 05:25:58 | INFO    | ⏳ غير مستحق بعد — التحديث القادم خلال ~1205 دقيقة
2026-02-22 05:26:58 | INFO    | ⏳ غير مستحق بعد — التحديث القادم خلال ~1204 دقيقة
2026-02-22 05:27:58 | INFO    | ⏳ غير مستحق بعد — التحديث القادم خلال ~1203 دقيقة
2026-02-22 05:28:58 | INFO    | ⏳ غير مستحق بعد — التحديث القادم خلال ~1202 دقيقة
2026-02-22 05:29:59 | INFO    | ⏳ غير مستحق بعد — التحديث القادم خلال ~1201 دقيقة
2026-02-22 05:30:59 | INFO    | ⏳ غير مستحق بعد — التحديث القادم خلال ~1200 دقيقة
2026-02-22 05:31:59 | INFO    | ⏳ غير مستحق بعد — التحديث القادم خلال ~1199 دقيقة
2026-02-22 05:32:59 | INFO    | ⏳ غير مستحق بعد — التحديث القادم خلال ~1198 دقيقة
2026-02-22 05:33:59 | INFO    | ⏳ غير مستحق بعد — التحديث القادم خلال ~1197 دقيقة
2026-02-22 05:34:59 | INFO    | ⏳ غير مستحق بعد — التحديث القادم خلال ~1196 دقيقة
2026-02-22 05:35:59 | INFO    | ⏳ غير مستحق بعد — التحديث القادم خلال ~1195 دقيقة
2026-02-22 05:36:59 | INFO    | ⏳ غير مستحق بعد — التحديث القادم خلال ~1194 دقيقة
2026-02-22 05:37:59 | INFO    | ⏳ غير مستحق بعد — التحديث القادم خلال ~1193 دقيقة
2026-02-22 05:38:59 | INFO    | ⏳ غير مستحق بعد — التحديث القادم خلال ~1192 دقيقة
2026-02-22 05:39:59 | INFO    | ⏳ غير مستحق بعد — التحديث القادم خلال ~1191 دقيقة
2026-02-22 05:40:59 | INFO    | ⏳ غير مستحق بعد — التحديث القادم خلال ~1190 دقيقة
2026-02-22 05:42:00 | INFO    | ⏳ غير مستحق بعد — التحديث القادم خلال ~1189 دقيقة
2026-02-22 05:43:00 | INFO    | ⏳ غير مستحق بعد — التحديث القادم خلال ~1188 دقيقة
2026-02-22 05:44:00 | INFO    | ⏳ غير مستحق بعد — التحديث القادم خلال ~1187 دقيقة
2026-02-22 05:45:00 | INFO    | ⏳ غير مستحق بعد — التحديث القادم خلال ~1186 دقيقة
2026-02-22 05:46:00 | INFO    | ⏳ غير مستحق بعد — التحديث القادم خلال ~1185 دقيقة
2026-02-22 05:47:00 | INFO    | ⏳ غير مستحق بعد — التحديث القادم خلال ~1184 دقيقة
2026-02-22 05:48:00 | INFO    | ⏳ غير مستحق بعد — التحديث القادم خلال ~1183 دقيقة
2026-02-22 05:49:00 | INFO    | ⏳ غير مستحق بعد — التحديث القادم خلال ~1182 دقيقة
2026-02-22 05:50:00 | INFO    | ⏳ غير مستحق بعد — التحديث القادم خلال ~1181 دقيقة
2026-02-22 05:51:00 | INFO    | ⏳ غير مستحق بعد — التحديث القادم خلال ~1180 دقيقة
2026-02-22 05:52:00 | INFO    | ⏳ غير مستحق بعد — التحديث القادم خلال ~1179 دقيقة
2026-02-22 05:53:00 | INFO    | ⏳ غير مستحق بعد — التحديث القادم خلال ~1178 دقيقة
2026-02-22 05:54:00 | INFO    | ⏳ غير مستحق بعد — التحديث القادم خلال ~1177 دقيقة
2026-02-22 05:55:01 | INFO    | ⏳ غير مستحق بعد — التحديث القادم خلال ~1176 دقيقة
2026-02-22 05:56:01 | INFO    | ⏳ غير مستحق بعد — التحديث القادم خلال ~1175 دقيقة
2026-02-22 05:57:01 | INFO    | ⏳ غير مستحق بعد — التحديث القادم خلال ~1174 دقيقة
2026-02-22 05:58:01 | INFO    | ⏳ غير مستحق بعد — التحديث القادم خلال ~1173 دقيقة
2026-02-22 05:59:01 | INFO    | ⏳ غير مستحق بعد — التحديث القادم خلال ~1172 دقيقة
2026-02-22 06:00:01 | INFO    | ⏳ غير مستحق بعد — التحديث القادم خلال ~1171 دقيقة
2026-02-22 06:01:01 | INFO    | ⏳ غير مستحق بعد — التحديث القادم خلال ~1170 دقيقة
2026-02-22 06:02:01 | INFO    | ⏳ غير مستحق بعد — التحديث القادم خلال ~1169 دقيقة
2026-02-22 06:03:01 | INFO    | ⏳ غير مستحق بعد — التحديث القادم خلال ~1168 دقيقة
2026-02-22 06:04:01 | INFO    | ⏳ غير مستحق بعد — التحديث القادم خلال ~1167 دقيقة
2026-02-22 06:05:01 | INFO    | ⏳ غير مستحق بعد — التحديث القادم خلال ~1166 دقيقة
2026-02-22 06:06:01 | INFO    | ⏳ غير مستحق بعد — التحديث القادم خلال ~1165 دقيقة
2026-02-22 06:07:01 | INFO    | ⏳ غير مستحق بعد — التحديث القادم خلال ~1164 دقيقة
2026-02-22 06:08:02 | INFO    | ⏳ غير مستحق بعد — التحديث القادم خلال ~1163 دقيقة
2026-02-22 06:09:02 | INFO    | ⏳ غير مستحق بعد — التحديث القادم خلال ~1162 دقيقة
2026-02-22 06:10:02 | INFO    | ⏳ غير مستحق بعد — التحديث القادم خلال ~1161 دقيقة
2026-02-22 06:11:02 | INFO    | ⏳ غير مستحق بعد — التحديث القادم خلال ~1160 دقيقة
2026-02-22 06:12:02 | INFO    | ⏳ غير مستحق بعد — التحديث القادم خلال ~1159 دقيقة
2026-02-22 06:13:02 | INFO    | ⏳ غير مستحق بعد — التحديث القادم خلال ~1158 دقيقة
2026-02-22 06:14:02 | INFO    | ⏳ غير مستحق بعد — التحديث القادم خلال ~1157 دقيقة
2026-02-22 06:15:02 | INFO    | ⏳ غير مستحق بعد — التحديث القادم خلال ~1156 دقيقة
2026-02-22 06:16:02 | INFO    | ⏳ غير مستحق بعد — التحديث القادم خلال ~1155 دقيقة
2026-02-22 06:17:02 | INFO    | ⏳ غير مستحق بعد — التحديث القادم خلال ~1154 دقيقة
2026-02-22 06:18:02 | INFO    | ⏳ غير مستحق بعد — التحديث القادم خلال ~1153 دقيقة
2026-02-22 06:19:02 | INFO    | ⏳ غير مستحق بعد — التحديث القادم خلال ~1152 دقيقة
2026-02-22 06:20:03 | INFO    | ⏳ غير مستحق بعد — التحديث القادم خلال ~1151 دقيقة
2026-02-22 06:21:03 | INFO    | ⏳ غير مستحق بعد — التحديث القادم خلال ~1150 دقيقة
2026-02-22 06:22:03 | INFO    | ⏳ غير مستحق بعد — التحديث القادم خلال ~1149 دقيقة
2026-02-22 06:23:03 | INFO    | ⏳ غير مستحق بعد — التحديث القادم خلال ~1148 دقيقة
2026-02-22 06:24:03 | INFO    | ⏳ غير مستحق بعد — التحديث القادم خلال ~1147 دقيقة
2026-02-22 06:25:03 | INFO    | ⏳ غير مستحق بعد — التحديث القادم خلال ~1146 دقيقة
2026-02-22 06:26:03 | INFO    | ⏳ غير مستحق بعد — التحديث القادم خلال ~1145 دقيقة
2026-02-22 06:27:03 | INFO    | ⏳ غير مستحق بعد — التحديث القادم خلال ~1144 دقيقة
2026-02-22 06:28:03 | INFO    | ⏳ غير مستحق بعد — التحديث القادم خلال ~1143 دقيقة
2026-02-22 06:29:03 | INFO    | ⏳ غير مستحق بعد — التحديث القادم خلال ~1142 دقيقة
2026-02-22 06:30:03 | INFO    | ⏳ غير مستحق بعد — التحديث القادم خلال ~1141 دقيقة
2026-02-22 06:31:03 | INFO    | ⏳ غير مستحق بعد — التحديث القادم خلال ~1140 دقيقة
2026-02-22 06:32:04 | INFO    | ⏳ غير مستحق بعد — التحديث القادم خلال ~1139 دقيقة
2026-02-22 06:33:04 | INFO    | ⏳ غير مستحق بعد — التحديث القادم خلال ~1138 دقيقة
2026-02-22 06:34:04 | INFO    | ⏳ غير مستحق بعد — التحديث القادم خلال ~1137 دقيقة
2026-02-22 06:35:04 | INFO    | ⏳ غير مستحق بعد — التحديث القادم خلال ~1136 دقيقة
2026-02-22 06:36:04 | INFO    | ⏳ غير مستحق بعد — التحديث القادم خلال ~1135 دقيقة
2026-02-22 06:37:04 | INFO    | ⏳ غير مستحق بعد — التحديث القادم خلال ~1134 دقيقة
2026-02-22 06:38:04 | INFO    | ⏳ غير مستحق بعد — التحديث القادم خلال ~1133 دقيقة
2026-02-22 06:39:04 | INFO    | ⏳ غير مستحق بعد — التحديث القادم خلال ~1132 دقيقة
2026-02-22 06:40:04 | INFO    | ⏳ غير مستحق بعد — التحديث القادم خلال ~1131 دقيقة
2026-02-22 06:41:04 | INFO    | ⏳ غير مستحق بعد — التحديث القادم خلال ~1130 دقيقة
2026-02-22 06:42:04 | INFO    | ⏳ غير مستحق بعد — التحديث القادم خلال ~1129 دقيقة
2026-02-22 06:43:04 | INFO    | ⏳ غير مستحق بعد — التحديث القادم خلال ~1128 دقيقة
2026-02-22 06:44:05 | INFO    | ⏳ غير مستحق بعد — التحديث القادم خلال ~1127 دقيقة
2026-02-22 06:45:05 | INFO    | ⏳ غير مستحق بعد — التحديث القادم خلال ~1126 دقيقة
2026-02-22 06:46:05 | INFO    | ⏳ غير مستحق بعد — التحديث القادم خلال ~1125 دقيقة
2026-02-22 06:47:05 | INFO    | ⏳ غير مستحق بعد — التحديث القادم خلال ~1124 دقيقة
2026-02-22 06:48:05 | INFO    | ⏳ غير مستحق بعد — التحديث القادم خلال ~1123 دقيقة
2026-02-22 06:49:05 | INFO    | ⏳ غير مستحق بعد — التحديث القادم خلال ~1122 دقيقة
2026-02-22 06:50:05 | INFO    | ⏳ غير مستحق بعد — التحديث القادم خلال ~1121 دقيقة
2026-02-22 06:51:05 | INFO    | ⏳ غير مستحق بعد — التحديث القادم خلال ~1120 دقيقة
2026-02-22 06:52:05 | INFO    | ⏳ غير مستحق بعد — التحديث القادم خلال ~1119 دقيقة
2026-02-22 06:53:05 | INFO    | ⏳ غير مستحق بعد — التحديث القادم خلال ~1118 دقيقة
2026-02-22 06:54:05 | INFO    | ⏳ غير مستحق بعد — التحديث القادم خلال ~1117 دقيقة
2026-02-22 06:55:05 | INFO    | ⏳ غير مستحق بعد — التحديث القادم خلال ~1116 دقيقة
2026-02-22 06:56:05 | INFO    | ⏳ غير مستحق بعد — التحديث القادم خلال ~1115 دقيقة
2026-02-22 06:57:06 | INFO    | ⏳ غير مستحق بعد — التحديث القادم خلال ~1114 دقيقة
2026-02-22 06:58:06 | INFO    | ⏳ غير مستحق بعد — التحديث القادم خلال ~1113 دقيقة
2026-02-22 06:59:06 | INFO    | ⏳ غير مستحق بعد — التحديث القادم خلال ~1112 دقيقة
2026-02-22 07:00:06 | INFO    | ⏳ غير مستحق بعد — التحديث القادم خلال ~1111 دقيقة
2026-02-22 07:01:06 | INFO    | ⏳ غير مستحق بعد — التحديث القادم خلال ~1110 دقيقة
2026-02-22 07:02:06 | INFO    | ⏳ غير مستحق بعد — التحديث القادم خلال ~1109 دقيقة
2026-02-22 07:03:06 | INFO    | ⏳ غير مستحق بعد — التحديث القادم خلال ~1108 دقيقة
2026-02-22 07:04:06 | INFO    | ⏳ غير مستحق بعد — التحديث القادم خلال ~1107 دقيقة
2026-02-22 07:05:06 | INFO    | ⏳ غير مستحق بعد — التحديث القادم خلال ~1106 دقيقة
2026-02-22 07:06:06 | INFO    | ⏳ غير مستحق بعد — التحديث القادم خلال ~1105 دقيقة
2026-02-22 07:07:06 | INFO    | ⏳ غير مستحق بعد — التحديث القادم خلال ~1104 دقيقة
2026-02-22 07:08:06 | INFO    | ⏳ غير مستحق بعد — التحديث القادم خلال ~1103 دقيقة
2026-02-22 07:09:06 | INFO    | ⏳ غير مستحق بعد — التحديث القادم خلال ~1102 دقيقة
2026-02-22 07:10:07 | INFO    | ⏳ غير مستحق بعد — التحديث القادم خلال ~1101 دقيقة
2026-02-22 07:11:07 | INFO    | ⏳ غير مستحق بعد — التحديث القادم خلال ~1100 دقيقة
2026-02-22 07:12:07 | INFO    | ⏳ غير مستحق بعد — التحديث القادم خلال ~1099 دقيقة
2026-02-22 07:13:07 | INFO    | ⏳ غير مستحق بعد — التحديث القادم خلال ~1098 دقيقة
2026-02-22 07:14:07 | INFO    | ⏳ غير مستحق بعد — التحديث القادم خلال ~1097 دقيقة
2026-02-22 07:15:07 | INFO    | ⏳ غير مستحق بعد — التحديث القادم خلال ~1096 دقيقة
2026-02-22 07:16:07 | INFO    | ⏳ غير مستحق بعد — التحديث القادم خلال ~1095 دقيقة
2026-02-22 07:17:07 | INFO    | ⏳ غير مستحق بعد — التحديث القادم خلال ~1094 دقيقة
2026-02-22 07:18:07 | INFO    | ⏳ غير مستحق بعد — التحديث القادم خلال ~1093 دقيقة
2026-02-22 07:19:07 | INFO    | ⏳ غير مستحق بعد — التحديث القادم خلال ~1092 دقيقة
2026-02-22 07:20:07 | INFO    | ⏳ غير مستحق بعد — التحديث القادم خلال ~1091 دقيقة
2026-02-22 07:21:07 | INFO    | ⏳ غير مستحق بعد — التحديث القادم خلال ~1090 دقيقة
2026-02-22 07:22:07 | INFO    | ⏳ غير مستحق بعد — التحديث القادم خلال ~1089 دقيقة
2026-02-22 07:23:08 | INFO    | ⏳ غير مستحق بعد — التحديث القادم خلال ~1088 دقيقة
2026-02-22 07:24:08 | INFO    | ⏳ غير مستحق بعد — التحديث القادم خلال ~1087 دقيقة
2026-02-22 07:25:08 | INFO    | ⏳ غير مستحق بعد — التحديث القادم خلال ~1086 دقيقة
2026-02-22 07:26:08 | INFO    | ⏳ غير مستحق بعد — التحديث القادم خلال ~1085 دقيقة
2026-02-22 07:27:08 | INFO    | ⏳ غير مستحق بعد — التحديث القادم خلال ~1084 دقيقة
2026-02-22 07:28:08 | INFO    | ⏳ غير مستحق بعد — التحديث القادم خلال ~1083 دقيقة
2026-02-22 07:29:08 | INFO    | ⏳ غير مستحق بعد — التحديث القادم خلال ~1082 دقيقة
2026-02-22 07:30:08 | INFO    | ⏳ غير مستحق بعد — التحديث القادم خلال ~1081 دقيقة
2026-02-22 07:31:08 | INFO    | ⏳ غير مستحق بعد — التحديث القادم خلال ~1080 دقيقة
2026-02-22 07:32:08 | INFO    | ⏳ غير مستحق بعد — التحديث القادم خلال ~1079 دقيقة
2026-02-22 07:33:08 | INFO    | ⏳ غير مستحق بعد — التحديث القادم خلال ~1078 دقيقة
2026-02-22 07:34:08 | INFO    | ⏳ غير مستحق بعد — التحديث القادم خلال ~1077 دقيقة
2026-02-22 07:35:09 | INFO    | ⏳ غير مستحق بعد — التحديث القادم خلال ~1076 دقيقة
2026-02-22 07:36:09 | INFO    | ⏳ غير مستحق بعد — التحديث القادم خلال ~1075 دقيقة
2026-02-22 07:37:09 | INFO    | ⏳ غير مستحق بعد — التحديث القادم خلال ~1074 دقيقة
2026-02-22 07:38:09 | INFO    | ⏳ غير مستحق بعد — التحديث القادم خلال ~1073 دقيقة
2026-02-22 07:39:09 | INFO    | ⏳ غير مستحق بعد — التحديث القادم خلال ~1072 دقيقة
2026-02-22 07:40:09 | INFO    | ⏳ غير مستحق بعد — التحديث القادم خلال ~1071 دقيقة
2026-02-22 07:41:09 | INFO    | ⏳ غير مستحق بعد — التحديث القادم خلال ~1070 دقيقة
2026-02-22 07:42:09 | INFO    | ⏳ غير مستحق بعد — التحديث القادم خلال ~1069 دقيقة
2026-02-22 07:43:09 | INFO    | ⏳ غير مستحق بعد — التحديث القادم خلال ~1068 دقيقة
2026-02-22 07:44:09 | INFO    | ⏳ غير مستحق بعد — التحديث القادم خلال ~1067 دقيقة
2026-02-22 07:45:09 | INFO    | ⏳ غير مستحق بعد — التحديث القادم خلال ~1066 دقيقة
2026-02-22 07:46:09 | INFO    | ⏳ غير مستحق بعد — التحديث القادم خلال ~1065 دقيقة
2026-02-22 07:47:10 | INFO    | ⏳ غير مستحق بعد — التحديث القادم خلال ~1064 دقيقة
2026-02-22 07:48:10 | INFO    | ⏳ غير مستحق بعد — التحديث القادم خلال ~1063 دقيقة
2026-02-22 07:49:10 | INFO    | ⏳ غير مستحق بعد — التحديث القادم خلال ~1062 دقيقة
2026-02-22 07:50:10 | INFO    | ⏳ غير مستحق بعد — التحديث القادم خلال ~1061 دقيقة
2026-02-22 07:51:10 | INFO    | ⏳ غير مستحق بعد — التحديث القادم خلال ~1060 دقيقة
2026-02-22 07:52:10 | INFO    | ⏳ غير مستحق بعد — التحديث القادم خلال ~1059 دقيقة
2026-02-22 07:53:10 | INFO    | ⏳ غير مستحق بعد — التحديث القادم خلال ~1058 دقيقة
2026-02-22 07:54:10 | INFO    | ⏳ غير مستحق بعد — التحديث القادم خلال ~1057 دقيقة
2026-02-22 07:55:10 | INFO    | ⏳ غير مستحق بعد — التحديث القادم خلال ~1056 دقيقة
2026-02-22 07:56:10 | INFO    | ⏳ غير مستحق بعد — التحديث القادم خلال ~1054 دقيقة
2026-02-22 07:57:10 | INFO    | ⏳ غير مستحق بعد — التحديث القادم خلال ~1053 دقيقة
2026-02-22 07:58:10 | INFO    | ⏳ غير مستحق بعد — التحديث القادم خلال ~1052 دقيقة
2026-02-22 07:59:10 | INFO    | ⏳ غير مستحق بعد — التحديث القادم خلال ~1051 دقيقة
2026-02-22 08:00:11 | INFO    | ⏳ غير مستحق بعد — التحديث القادم خلال ~1050 دقيقة
2026-02-22 08:01:11 | INFO    | ⏳ غير مستحق بعد — التحديث القادم خلال ~1049 دقيقة
2026-02-22 08:02:11 | INFO    | ⏳ غير مستحق بعد — التحديث القادم خلال ~1048 دقيقة
2026-02-22 08:03:11 | INFO    | ⏳ غير مستحق بعد — التحديث القادم خلال ~1047 دقيقة
2026-02-22 08:04:11 | INFO    | ⏳ غير مستحق بعد — التحديث القادم خلال ~1046 دقيقة
2026-02-22 08:05:11 | INFO    | ⏳ غير مستحق بعد — التحديث القادم خلال ~1045 دقيقة
2026-02-22 08:06:11 | INFO    | ⏳ غير مستحق بعد — التحديث القادم خلال ~1044 دقيقة
2026-02-22 08:07:11 | INFO    | ⏳ غير مستحق بعد — التحديث القادم خلال ~1043 دقيقة
2026-02-22 08:08:11 | INFO    | ⏳ غير مستحق بعد — التحديث القادم خلال ~1042 دقيقة
2026-02-22 08:09:11 | INFO    | ⏳ غير مستحق بعد — التحديث القادم خلال ~1041 دقيقة
2026-02-22 08:10:11 | INFO    | ⏳ غير مستحق بعد — التحديث القادم خلال ~1040 دقيقة
2026-02-22 08:11:11 | INFO    | ⏳ غير مستحق بعد — التحديث القادم خلال ~1039 دقيقة
2026-02-22 08:12:11 | INFO    | ⏳ غير مستحق بعد — التحديث القادم خلال ~1038 دقيقة
2026-02-22 08:13:12 | INFO    | ⏳ غير مستحق بعد — التحديث القادم خلال ~1037 دقيقة
2026-02-22 08:14:12 | INFO    | ⏳ غير مستحق بعد — التحديث القادم خلال ~1036 دقيقة
2026-02-22 08:15:12 | INFO    | ⏳ غير مستحق بعد — التحديث القادم خلال ~1035 دقيقة
2026-02-22 08:16:12 | INFO    | ⏳ غير مستحق بعد — التحديث القادم خلال ~1034 دقيقة
2026-02-22 08:17:12 | INFO    | ⏳ غير مستحق بعد — التحديث القادم خلال ~1033 دقيقة
2026-02-22 08:18:12 | INFO    | ⏳ غير مستحق بعد — التحديث القادم خلال ~1032 دقيقة
2026-02-22 08:19:12 | INFO    | ⏳ غير مستحق بعد — التحديث القادم خلال ~1031 دقيقة
2026-02-22 08:20:12 | INFO    | ⏳ غير مستحق بعد — التحديث القادم خلال ~1030 دقيقة
2026-02-22 08:21:12 | INFO    | ⏳ غير مستحق بعد — التحديث القادم خلال ~1029 دقيقة
2026-02-22 08:22:12 | INFO    | ⏳ غير مستحق بعد — التحديث القادم خلال ~1028 دقيقة
2026-02-22 08:23:12 | INFO    | ⏳ غير مستحق بعد — التحديث القادم خلال ~1027 دقيقة
2026-02-22 08:24:12 | INFO    | ⏳ غير مستحق بعد — التحديث القادم خلال ~1026 دقيقة
2026-02-22 08:25:13 | INFO    | ⏳ غير مستحق بعد — التحديث القادم خلال ~1025 دقيقة
2026-02-22 08:26:13 | INFO    | ⏳ غير مستحق بعد — التحديث القادم خلال ~1024 دقيقة
2026-02-22 08:27:13 | INFO    | ⏳ غير مستحق بعد — التحديث القادم خلال ~1023 دقيقة
2026-02-22 08:28:13 | INFO    | ⏳ غير مستحق بعد — التحديث القادم خلال ~1022 دقيقة
2026-02-22 08:29:13 | INFO    | ⏳ غير مستحق بعد — التحديث القادم خلال ~1021 دقيقة
2026-02-22 08:30:13 | INFO    | ⏳ غير مستحق بعد — التحديث القادم خلال ~1020 دقيقة
2026-02-22 08:31:13 | INFO    | ⏳ غير مستحق بعد — التحديث القادم خلال ~1019 دقيقة
2026-02-22 08:32:13 | INFO    | ⏳ غير مستحق بعد — التحديث القادم خلال ~1018 دقيقة
2026-02-22 08:33:13 | INFO    | ⏳ غير مستحق بعد — التحديث القادم خلال ~1017 دقيقة
2026-02-22 08:34:13 | INFO    | ⏳ غير مستحق بعد — التحديث القادم خلال ~1016 دقيقة
2026-02-22 08:35:13 | INFO    | ⏳ غير مستحق بعد — التحديث القادم خلال ~1015 دقيقة
2026-02-22 08:36:14 | INFO    | ⏳ غير مستحق بعد — التحديث القادم خلال ~1014 دقيقة
2026-02-22 08:37:14 | INFO    | ⏳ غير مستحق بعد — التحديث القادم خلال ~1013 دقيقة
2026-02-22 08:38:14 | INFO    | ⏳ غير مستحق بعد — التحديث القادم خلال ~1012 دقيقة
2026-02-22 08:39:14 | INFO    | ⏳ غير مستحق بعد — التحديث القادم خلال ~1011 دقيقة
2026-02-22 08:40:14 | INFO    | ⏳ غير مستحق بعد — التحديث القادم خلال ~1010 دقيقة
2026-02-22 08:41:14 | INFO    | ⏳ غير مستحق بعد — التحديث القادم خلال ~1009 دقيقة
2026-02-22 08:42:14 | INFO    | ⏳ غير مستحق بعد — التحديث القادم خلال ~1008 دقيقة
2026-02-22 08:43:14 | INFO    | ⏳ غير مستحق بعد — التحديث القادم خلال ~1007 دقيقة
2026-02-22 08:44:14 | INFO    | ⏳ غير مستحق بعد — التحديث القادم خلال ~1006 دقيقة
2026-02-22 08:45:14 | INFO    | ⏳ غير مستحق بعد — التحديث القادم خلال ~1005 دقيقة
2026-02-22 08:46:14 | INFO    | ⏳ غير مستحق بعد — التحديث القادم خلال ~1004 دقيقة
2026-02-22 08:47:14 | INFO    | ⏳ غير مستحق بعد — التحديث القادم خلال ~1003 دقيقة
2026-02-22 08:48:14 | INFO    | ⏳ غير مستحق بعد — التحديث القادم خلال ~1002 دقيقة
2026-02-22 08:49:15 | INFO    | ⏳ غير مستحق بعد — التحديث القادم خلال ~1001 دقيقة
2026-02-22 08:50:15 | INFO    | ⏳ غير مستحق بعد — التحديث القادم خلال ~1000 دقيقة
2026-02-22 08:51:15 | INFO    | ⏳ غير مستحق بعد — التحديث القادم خلال ~999 دقيقة
2026-02-22 08:52:15 | INFO    | ⏳ غير مستحق بعد — التحديث القادم خلال ~998 دقيقة
2026-02-22 08:53:15 | INFO    | ⏳ غير مستحق بعد — التحديث القادم خلال ~997 دقيقة
2026-02-22 08:54:15 | INFO    | ⏳ غير مستحق بعد — التحديث القادم خلال ~996 دقيقة
2026-02-22 08:55:15 | INFO    | ⏳ غير مستحق بعد — التحديث القادم خلال ~995 دقيقة
2026-02-22 08:56:15 | INFO    | ⏳ غير مستحق بعد — التحديث القادم خلال ~994 دقيقة
2026-02-22 08:57:15 | INFO    | ⏳ غير مستحق بعد — التحديث القادم خلال ~993 دقيقة
2026-02-22 08:58:15 | INFO    | ⏳ غير مستحق بعد — التحديث القادم خلال ~992 دقيقة
2026-02-22 08:59:15 | INFO    | ⏳ غير مستحق بعد — التحديث القادم خلال ~991 دقيقة
2026-02-22 09:00:15 | INFO    | ⏳ غير مستحق بعد — التحديث القادم خلال ~990 دقيقة
2026-02-22 09:01:16 | INFO    | ⏳ غير مستحق بعد — التحديث القادم خلال ~989 دقيقة
2026-02-22 09:02:16 | INFO    | ⏳ غير مستحق بعد — التحديث القادم خلال ~988 دقيقة
2026-02-22 09:03:16 | INFO    | ⏳ غير مستحق بعد — التحديث القادم خلال ~987 دقيقة
2026-02-22 09:04:16 | INFO    | ⏳ غير مستحق بعد — التحديث القادم خلال ~986 دقيقة
2026-02-22 09:05:16 | INFO    | ⏳ غير مستحق بعد — التحديث القادم خلال ~985 دقيقة
2026-02-22 09:06:16 | INFO    | ⏳ غير مستحق بعد — التحديث القادم خلال ~984 دقيقة
2026-02-22 09:07:16 | INFO    | ⏳ غير مستحق بعد — التحديث القادم خلال ~983 دقيقة
2026-02-22 09:08:16 | INFO    | ⏳ غير مستحق بعد — التحديث القادم خلال ~982 دقيقة
2026-02-22 09:09:16 | INFO    | ⏳ غير مستحق بعد — التحديث القادم خلال ~981 دقيقة
2026-02-22 09:10:16 | INFO    | ⏳ غير مستحق بعد — التحديث القادم خلال ~980 دقيقة
2026-02-22 09:11:16 | INFO    | ⏳ غير مستحق بعد — التحديث القادم خلال ~979 دقيقة
2026-02-22 09:12:17 | INFO    | ⏳ غير مستحق بعد — التحديث القادم خلال ~978 دقيقة
2026-02-22 09:13:17 | INFO    | ⏳ غير مستحق بعد — التحديث القادم خلال ~977 دقيقة
2026-02-22 09:14:17 | INFO    | ⏳ غير مستحق بعد — التحديث القادم خلال ~976 دقيقة
2026-02-22 09:15:17 | INFO    | ⏳ غير مستحق بعد — التحديث القادم خلال ~975 دقيقة
2026-02-22 09:16:17 | INFO    | ⏳ غير مستحق بعد — التحديث القادم خلال ~974 دقيقة
2026-02-22 09:17:17 | INFO    | ⏳ غير مستحق بعد — التحديث القادم خلال ~973 دقيقة
2026-02-22 09:18:17 | INFO    | ⏳ غير مستحق بعد — التحديث القادم خلال ~972 دقيقة
2026-02-22 09:19:17 | INFO    | ⏳ غير مستحق بعد — التحديث القادم خلال ~971 دقيقة
2026-02-22 09:20:17 | INFO    | ⏳ غير مستحق بعد — التحديث القادم خلال ~970 دقيقة
2026-02-22 09:21:17 | INFO    | ⏳ غير مستحق بعد — التحديث القادم خلال ~969 دقيقة
2026-02-22 09:22:17 | INFO    | ⏳ غير مستحق بعد — التحديث القادم خلال ~968 دقيقة
2026-02-22 09:23:17 | INFO    | ⏳ غير مستحق بعد — التحديث القادم خلال ~967 دقيقة
2026-02-22 09:24:18 | INFO    | ⏳ غير مستحق بعد — التحديث القادم خلال ~966 دقيقة
2026-02-22 09:25:18 | INFO    | ⏳ غير مستحق بعد — التحديث القادم خلال ~965 دقيقة
2026-02-22 09:26:18 | INFO    | ⏳ غير مستحق بعد — التحديث القادم خلال ~964 دقيقة
2026-02-22 09:27:18 | INFO    | ⏳ غير مستحق بعد — التحديث القادم خلال ~963 دقيقة
2026-02-22 09:28:18 | INFO    | ⏳ غير مستحق بعد — التحديث القادم خلال ~962 دقيقة
2026-02-22 09:29:18 | INFO    | ⏳ غير مستحق بعد — التحديث القادم خلال ~961 دقيقة
2026-02-22 09:30:18 | INFO    | ⏳ غير مستحق بعد — التحديث القادم خلال ~960 دقيقة
2026-02-22 09:31:18 | INFO    | ⏳ غير مستحق بعد — التحديث القادم خلال ~959 دقيقة
2026-02-22 09:32:18 | INFO    | ⏳ غير مستحق بعد — التحديث القادم خلال ~958 دقيقة
2026-02-22 09:33:18 | INFO    | ⏳ غير مستحق بعد — التحديث القادم خلال ~957 دقيقة
2026-02-22 09:34:18 | INFO    | ⏳ غير مستحق بعد — التحديث القادم خلال ~956 دقيقة
2026-02-22 09:35:18 | INFO    | ⏳ غير مستحق بعد — التحديث القادم خلال ~955 دقيقة
2026-02-22 09:36:18 | INFO    | ⏳ غير مستحق بعد — التحديث القادم خلال ~954 دقيقة
2026-02-22 09:37:19 | INFO    | ⏳ غير مستحق بعد — التحديث القادم خلال ~953 دقيقة
2026-02-22 09:38:19 | INFO    | ⏳ غير مستحق بعد — التحديث القادم خلال ~952 دقيقة
2026-02-22 09:39:19 | INFO    | ⏳ غير مستحق بعد — التحديث القادم خلال ~951 دقيقة
2026-02-22 09:40:19 | INFO    | ⏳ غير مستحق بعد — التحديث القادم خلال ~950 دقيقة
2026-02-22 09:41:19 | INFO    | ⏳ غير مستحق بعد — التحديث القادم خلال ~949 دقيقة
2026-02-22 09:42:19 | INFO    | ⏳ غير مستحق بعد — التحديث القادم خلال ~948 دقيقة
2026-02-22 09:43:19 | INFO    | ⏳ غير مستحق بعد — التحديث القادم خلال ~947 دقيقة
2026-02-22 09:44:19 | INFO    | ⏳ غير مستحق بعد — التحديث القادم خلال ~946 دقيقة
2026-02-22 09:45:19 | INFO    | ⏳ غير مستحق بعد — التحديث القادم خلال ~945 دقيقة
2026-02-22 09:46:19 | INFO    | ⏳ غير مستحق بعد — التحديث القادم خلال ~944 دقيقة
2026-02-22 09:47:19 | INFO    | ⏳ غير مستحق بعد — التحديث القادم خلال ~943 دقيقة
2026-02-22 09:48:19 | INFO    | ⏳ غير مستحق بعد — التحديث القادم خلال ~942 دقيقة
2026-02-22 09:49:19 | INFO    | ⏳ غير مستحق بعد — التحديث القادم خلال ~941 دقيقة
2026-02-22 09:50:20 | INFO    | ⏳ غير مستحق بعد — التحديث القادم خلال ~940 دقيقة
2026-02-22 09:51:20 | INFO    | ⏳ غير مستحق بعد — التحديث القادم خلال ~939 دقيقة
2026-02-22 09:52:20 | INFO    | ⏳ غير مستحق بعد — التحديث القادم خلال ~938 دقيقة
2026-02-22 09:53:20 | INFO    | ⏳ غير مستحق بعد — التحديث القادم خلال ~937 دقيقة
2026-02-22 09:54:20 | INFO    | ⏳ غير مستحق بعد — التحديث القادم خلال ~936 دقيقة
2026-02-22 09:55:20 | INFO    | ⏳ غير مستحق بعد — التحديث القادم خلال ~935 دقيقة
2026-02-22 09:56:20 | INFO    | ⏳ غير مستحق بعد — التحديث القادم خلال ~934 دقيقة
2026-02-22 09:57:20 | INFO    | ⏳ غير مستحق بعد — التحديث القادم خلال ~933 دقيقة
2026-02-22 09:58:20 | INFO    | ⏳ غير مستحق بعد — التحديث القادم خلال ~932 دقيقة
2026-02-22 09:59:20 | INFO    | ⏳ غير مستحق بعد — التحديث القادم خلال ~931 دقيقة
2026-02-22 10:00:20 | INFO    | ⏳ غير مستحق بعد — التحديث القادم خلال ~930 دقيقة
2026-02-22 10:01:20 | INFO    | ⏳ غير مستحق بعد — التحديث القادم خلال ~929 دقيقة
2026-02-22 10:02:20 | INFO    | ⏳ غير مستحق بعد — التحديث القادم خلال ~928 دقيقة
2026-02-22 10:03:21 | INFO    | ⏳ غير مستحق بعد — التحديث القادم خلال ~927 دقيقة
2026-02-22 10:04:21 | INFO    | ⏳ غير مستحق بعد — التحديث القادم خلال ~926 دقيقة
2026-02-22 10:05:21 | INFO    | ⏳ غير مستحق بعد — التحديث القادم خلال ~925 دقيقة
2026-02-22 10:06:21 | INFO    | ⏳ غير مستحق بعد — التحديث القادم خلال ~924 دقيقة
2026-02-22 10:07:21 | INFO    | ⏳ غير مستحق بعد — التحديث القادم خلال ~923 دقيقة
2026-02-22 10:08:21 | INFO    | ⏳ غير مستحق بعد — التحديث القادم خلال ~922 دقيقة
2026-02-22 10:09:21 | INFO    | ⏳ غير مستحق بعد — التحديث القادم خلال ~921 دقيقة
2026-02-22 10:10:21 | INFO    | ⏳ غير مستحق بعد — التحديث القادم خلال ~920 دقيقة
2026-02-22 10:11:21 | INFO    | ⏳ غير مستحق بعد — التحديث القادم خلال ~919 دقيقة
2026-02-22 10:12:21 | INFO    | ⏳ غير مستحق بعد — التحديث القادم خلال ~918 دقيقة
2026-02-22 10:13:21 | INFO    | ⏳ غير مستحق بعد — التحديث القادم خلال ~917 دقيقة
2026-02-22 10:14:21 | INFO    | ⏳ غير مستحق بعد — التحديث القادم خلال ~916 دقيقة
2026-02-22 10:15:21 | INFO    | ⏳ غير مستحق بعد — التحديث القادم خلال ~915 دقيقة
2026-02-22 10:16:22 | INFO    | ⏳ غير مستحق بعد — التحديث القادم خلال ~914 دقيقة
2026-02-22 10:17:22 | INFO    | ⏳ غير مستحق بعد — التحديث القادم خلال ~913 دقيقة
2026-02-22 10:18:22 | INFO    | ⏳ غير مستحق بعد — التحديث القادم خلال ~912 دقيقة
2026-02-22 10:19:22 | INFO    | ⏳ غير مستحق بعد — التحديث القادم خلال ~911 دقيقة
2026-02-22 10:20:22 | INFO    | ⏳ غير مستحق بعد — التحديث القادم خلال ~910 دقيقة
2026-02-22 10:21:22 | INFO    | ⏳ غير مستحق بعد — التحديث القادم خلال ~909 دقيقة
2026-02-22 10:22:22 | INFO    | ⏳ غير مستحق بعد — التحديث القادم خلال ~908 دقيقة
2026-02-22 10:23:22 | INFO    | ⏳ غير مستحق بعد — التحديث القادم خلال ~907 دقيقة
2026-02-22 10:24:22 | INFO    | ⏳ غير مستحق بعد — التحديث القادم خلال ~906 دقيقة
2026-02-22 10:25:22 | INFO    | ⏳ غير مستحق بعد — التحديث القادم خلال ~905 دقيقة
2026-02-22 10:26:22 | INFO    | ⏳ غير مستحق بعد — التحديث القادم خلال ~904 دقيقة
2026-02-22 10:27:22 | INFO    | ⏳ غير مستحق بعد — التحديث القادم خلال ~903 دقيقة
2026-02-22 10:28:23 | INFO    | ⏳ غير مستحق بعد — التحديث القادم خلال ~902 دقيقة
2026-02-22 10:29:23 | INFO    | ⏳ غير مستحق بعد — التحديث القادم خلال ~901 دقيقة
2026-02-22 10:30:23 | INFO    | ⏳ غير مستحق بعد — التحديث القادم خلال ~900 دقيقة
2026-02-22 10:31:23 | INFO    | ⏳ غير مستحق بعد — التحديث القادم خلال ~899 دقيقة
2026-02-22 10:32:23 | INFO    | ⏳ غير مستحق بعد — التحديث القادم خلال ~898 دقيقة
2026-02-22 10:33:23 | INFO    | ⏳ غير مستحق بعد — التحديث القادم خلال ~897 دقيقة
2026-02-22 10:34:23 | INFO    | ⏳ غير مستحق بعد — التحديث القادم خلال ~896 دقيقة
2026-02-22 10:35:23 | INFO    | ⏳ غير مستحق بعد — التحديث القادم خلال ~895 دقيقة
2026-02-22 10:36:23 | INFO    | ⏳ غير مستحق بعد — التحديث القادم خلال ~894 دقيقة
2026-02-22 10:37:23 | INFO    | ⏳ غير مستحق بعد — التحديث القادم خلال ~893 دقيقة
2026-02-22 10:38:23 | INFO    | ⏳ غير مستحق بعد — التحديث القادم خلال ~892 دقيقة
2026-02-22 10:39:23 | INFO    | ⏳ غير مستحق بعد — التحديث القادم خلال ~891 دقيقة
2026-02-22 10:40:24 | INFO    | ⏳ غير مستحق بعد — التحديث القادم خلال ~890 دقيقة
2026-02-22 10:41:24 | INFO    | ⏳ غير مستحق بعد — التحديث القادم خلال ~889 دقيقة
2026-02-22 10:42:24 | INFO    | ⏳ غير مستحق بعد — التحديث القادم خلال ~888 دقيقة
2026-02-22 10:43:24 | INFO    | ⏳ غير مستحق بعد — التحديث القادم خلال ~887 دقيقة
2026-02-22 10:44:24 | INFO    | ⏳ غير مستحق بعد — التحديث القادم خلال ~886 دقيقة
2026-02-22 10:45:24 | INFO    | ⏳ غير مستحق بعد — التحديث القادم خلال ~885 دقيقة
2026-02-22 10:46:24 | INFO    | ⏳ غير مستحق بعد — التحديث القادم خلال ~884 دقيقة
2026-02-22 10:47:24 | INFO    | ⏳ غير مستحق بعد — التحديث القادم خلال ~883 دقيقة
2026-02-22 10:48:24 | INFO    | ⏳ غير مستحق بعد — التحديث القادم خلال ~882 دقيقة
2026-02-22 10:49:24 | INFO    | ⏳ غير مستحق بعد — التحديث القادم خلال ~881 دقيقة
2026-02-22 10:50:24 | INFO    | ⏳ غير مستحق بعد — التحديث القادم خلال ~880 دقيقة
2026-02-22 10:51:24 | INFO    | ⏳ غير مستحق بعد — التحديث القادم خلال ~879 دقيقة
2026-02-22 10:52:25 | INFO    | ⏳ غير مستحق بعد — التحديث القادم خلال ~878 دقيقة
2026-02-22 10:53:25 | INFO    | ⏳ غير مستحق بعد — التحديث القادم خلال ~877 دقيقة
2026-02-22 10:54:25 | INFO    | ⏳ غير مستحق بعد — التحديث القادم خلال ~876 دقيقة
2026-02-22 10:55:25 | INFO    | ⏳ غير مستحق بعد — التحديث القادم خلال ~875 دقيقة
2026-02-22 10:56:25 | INFO    | ⏳ غير مستحق بعد — التحديث القادم خلال ~874 دقيقة
2026-02-22 10:57:25 | INFO    | ⏳ غير مستحق بعد — التحديث القادم خلال ~873 دقيقة
2026-02-22 10:58:25 | INFO    | ⏳ غير مستحق بعد — التحديث القادم خلال ~872 دقيقة
2026-02-22 10:59:25 | INFO    | ⏳ غير مستحق بعد — التحديث القادم خلال ~871 دقيقة
2026-02-22 11:00:25 | INFO    | ⏳ غير مستحق بعد — التحديث القادم خلال ~870 دقيقة
2026-02-22 11:01:25 | INFO    | ⏳ غير مستحق بعد — التحديث القادم خلال ~869 دقيقة
2026-02-22 11:02:25 | INFO    | ⏳ غير مستحق بعد — التحديث القادم خلال ~868 دقيقة
2026-02-22 11:03:25 | INFO    | ⏳ غير مستحق بعد — التحديث القادم خلال ~867 دقيقة
2026-02-22 11:04:25 | INFO    | ⏳ غير مستحق بعد — التحديث القادم خلال ~866 دقيقة
2026-02-22 11:05:26 | INFO    | ⏳ غير مستحق بعد — التحديث القادم خلال ~865 دقيقة
2026-02-22 11:06:26 | INFO    | ⏳ غير مستحق بعد — التحديث القادم خلال ~864 دقيقة
2026-02-22 11:07:26 | INFO    | ⏳ غير مستحق بعد — التحديث القادم خلال ~863 دقيقة
2026-02-22 11:08:26 | INFO    | ⏳ غير مستحق بعد — التحديث القادم خلال ~862 دقيقة
2026-02-22 11:09:26 | INFO    | ⏳ غير مستحق بعد — التحديث القادم خلال ~861 دقيقة
2026-02-22 11:10:26 | INFO    | ⏳ غير مستحق بعد — التحديث القادم خلال ~860 دقيقة
2026-02-22 11:11:26 | INFO    | ⏳ غير مستحق بعد — التحديث القادم خلال ~859 دقيقة
2026-02-22 11:12:26 | INFO    | ⏳ غير مستحق بعد — التحديث القادم خلال ~858 دقيقة
2026-02-22 11:13:26 | INFO    | ⏳ غير مستحق بعد — التحديث القادم خلال ~857 دقيقة
2026-02-22 11:14:26 | INFO    | ⏳ غير مستحق بعد — التحديث القادم خلال ~856 دقيقة
2026-02-22 11:15:26 | INFO    | ⏳ غير مستحق بعد — التحديث القادم خلال ~855 دقيقة
2026-02-22 11:16:27 | INFO    | ⏳ غير مستحق بعد — التحديث القادم خلال ~854 دقيقة
2026-02-22 11:17:27 | INFO    | ⏳ غير مستحق بعد — التحديث القادم خلال ~853 دقيقة
2026-02-22 11:18:27 | INFO    | ⏳ غير مستحق بعد — التحديث القادم خلال ~852 دقيقة
2026-02-22 11:19:27 | INFO    | ⏳ غير مستحق بعد — التحديث القادم خلال ~851 دقيقة
2026-02-22 11:20:27 | INFO    | ⏳ غير مستحق بعد — التحديث القادم خلال ~850 دقيقة
2026-02-22 11:21:27 | INFO    | ⏳ غير مستحق بعد — التحديث القادم خلال ~849 دقيقة
2026-02-22 11:22:27 | INFO    | ⏳ غير مستحق بعد — التحديث القادم خلال ~848 دقيقة
2026-02-22 11:23:27 | INFO    | ⏳ غير مستحق بعد — التحديث القادم خلال ~847 دقيقة
2026-02-22 11:24:27 | INFO    | ⏳ غير مستحق بعد — التحديث القادم خلال ~846 دقيقة
2026-02-22 11:25:27 | INFO    | ⏳ غير مستحق بعد — التحديث القادم خلال ~845 دقيقة
2026-02-22 11:26:27 | INFO    | ⏳ غير مستحق بعد — التحديث القادم خلال ~844 دقيقة
2026-02-22 11:27:27 | INFO    | ⏳ غير مستحق بعد — التحديث القادم خلال ~843 دقيقة
2026-02-22 11:28:27 | INFO    | ⏳ غير مستحق بعد — التحديث القادم خلال ~842 دقيقة
2026-02-22 11:29:28 | INFO    | ⏳ غير مستحق بعد — التحديث القادم خلال ~841 دقيقة
2026-02-22 11:30:28 | INFO    | ⏳ غير مستحق بعد — التحديث القادم خلال ~840 دقيقة
2026-02-22 11:31:28 | INFO    | ⏳ غير مستحق بعد — التحديث القادم خلال ~839 دقيقة
2026-02-22 11:32:28 | INFO    | ⏳ غير مستحق بعد — التحديث القادم خلال ~838 دقيقة
2026-02-22 11:33:28 | INFO    | ⏳ غير مستحق بعد — التحديث القادم خلال ~837 دقيقة
2026-02-22 11:34:28 | INFO    | ⏳ غير مستحق بعد — التحديث القادم خلال ~836 دقيقة
2026-02-22 11:35:28 | INFO    | ⏳ غير مستحق بعد — التحديث القادم خلال ~835 دقيقة
2026-02-22 11:36:28 | INFO    | ⏳ غير مستحق بعد — التحديث القادم خلال ~834 دقيقة
2026-02-22 11:37:28 | INFO    | ⏳ غير مستحق بعد — التحديث القادم خلال ~833 دقيقة
2026-02-22 11:38:28 | INFO    | ⏳ غير مستحق بعد — التحديث القادم خلال ~832 دقيقة
2026-02-22 11:39:28 | INFO    | ⏳ غير مستحق بعد — التحديث القادم خلال ~831 دقيقة
2026-02-22 11:40:28 | INFO    | ⏳ غير مستحق بعد — التحديث القادم خلال ~830 دقيقة
2026-02-22 11:41:28 | INFO    | ⏳ غير مستحق بعد — التحديث القادم خلال ~829 دقيقة
2026-02-22 11:42:29 | INFO    | ⏳ غير مستحق بعد — التحديث القادم خلال ~828 دقيقة
2026-02-22 11:43:29 | INFO    | ⏳ غير مستحق بعد — التحديث القادم خلال ~827 دقيقة
2026-02-22 11:44:29 | INFO    | ⏳ غير مستحق بعد — التحديث القادم خلال ~826 دقيقة
2026-02-22 11:45:29 | INFO    | ⏳ غير مستحق بعد — التحديث القادم خلال ~825 دقيقة
2026-02-22 11:46:29 | INFO    | ⏳ غير مستحق بعد — التحديث القادم خلال ~824 دقيقة
2026-02-22 11:47:29 | INFO    | ⏳ غير مستحق بعد — التحديث القادم خلال ~823 دقيقة
2026-02-22 11:48:29 | INFO    | ⏳ غير مستحق بعد — التحديث القادم خلال ~822 دقيقة
2026-02-22 11:49:29 | INFO    | ⏳ غير مستحق بعد — التحديث القادم خلال ~821 دقيقة
2026-02-22 11:50:29 | INFO    | ⏳ غير مستحق بعد — التحديث القادم خلال ~820 دقيقة
2026-02-22 11:51:29 | INFO    | ⏳ غير مستحق بعد — التحديث القادم خلال ~819 دقيقة
2026-02-22 11:52:29 | INFO    | ⏳ غير مستحق بعد — التحديث القادم خلال ~818 دقيقة
2026-02-22 11:53:29 | INFO    | ⏳ غير مستحق بعد — التحديث القادم خلال ~817 دقيقة
2026-02-22 11:54:30 | INFO    | ⏳ غير مستحق بعد — التحديث القادم خلال ~816 دقيقة
2026-02-22 11:55:30 | INFO    | ⏳ غير مستحق بعد — التحديث القادم خلال ~815 دقيقة
2026-02-22 11:56:30 | INFO    | ⏳ غير مستحق بعد — التحديث القادم خلال ~814 دقيقة
2026-02-22 11:57:30 | INFO    | ⏳ غير مستحق بعد — التحديث القادم خلال ~813 دقيقة
2026-02-22 11:58:30 | INFO    | ⏳ غير مستحق بعد — التحديث القادم خلال ~812 دقيقة
2026-02-22 11:59:30 | INFO    | ⏳ غير مستحق بعد — التحديث القادم خلال ~811 دقيقة
2026-02-22 12:00:30 | INFO    | ⏳ غير مستحق بعد — التحديث القادم خلال ~810 دقيقة
2026-02-22 12:01:30 | INFO    | ⏳ غير مستحق بعد — التحديث القادم خلال ~809 دقيقة
2026-02-22 12:02:30 | INFO    | ⏳ غير مستحق بعد — التحديث القادم خلال ~808 دقيقة
2026-02-22 12:03:30 | INFO    | ⏳ غير مستحق بعد — التحديث القادم خلال ~807 دقيقة
2026-02-22 12:04:30 | INFO    | ⏳ غير مستحق بعد — التحديث القادم خلال ~806 دقيقة
2026-02-22 12:05:30 | INFO    | ⏳ غير مستحق بعد — التحديث القادم خلال ~805 دقيقة
2026-02-22 12:06:30 | INFO    | ⏳ غير مستحق بعد — التحديث القادم خلال ~804 دقيقة
2026-02-22 12:07:31 | INFO    | ⏳ غير مستحق بعد — التحديث القادم خلال ~803 دقيقة
2026-02-22 12:08:31 | INFO    | ⏳ غير مستحق بعد — التحديث القادم خلال ~802 دقيقة
2026-02-22 12:09:31 | INFO    | ⏳ غير مستحق بعد — التحديث القادم خلال ~801 دقيقة
2026-02-22 12:10:31 | INFO    | ⏳ غير مستحق بعد — التحديث القادم خلال ~800 دقيقة
2026-02-22 12:11:31 | INFO    | ⏳ غير مستحق بعد — التحديث القادم خلال ~799 دقيقة
2026-02-22 12:12:31 | INFO    | ⏳ غير مستحق بعد — التحديث القادم خلال ~798 دقيقة
2026-02-22 12:13:31 | INFO    | ⏳ غير مستحق بعد — التحديث القادم خلال ~797 دقيقة
2026-02-22 12:14:31 | INFO    | ⏳ غير مستحق بعد — التحديث القادم خلال ~796 دقيقة
2026-02-22 12:15:31 | INFO    | ⏳ غير مستحق بعد — التحديث القادم خلال ~795 دقيقة
2026-02-22 12:16:31 | INFO    | ⏳ غير مستحق بعد — التحديث القادم خلال ~794 دقيقة
2026-02-22 12:17:31 | INFO    | ⏳ غير مستحق بعد — التحديث القادم خلال ~793 دقيقة
2026-02-22 12:18:31 | INFO    | ⏳ غير مستحق بعد — التحديث القادم خلال ~792 دقيقة
2026-02-22 12:19:31 | INFO    | ⏳ غير مستحق بعد — التحديث القادم خلال ~791 دقيقة
2026-02-22 12:20:31 | INFO    | ⏳ غير مستحق بعد — التحديث القادم خلال ~790 دقيقة
2026-02-22 12:21:32 | INFO    | ⏳ غير مستحق بعد — التحديث القادم خلال ~789 دقيقة
2026-02-22 12:22:32 | INFO    | ⏳ غير مستحق بعد — التحديث القادم خلال ~788 دقيقة
2026-02-22 12:23:32 | INFO    | ⏳ غير مستحق بعد — التحديث القادم خلال ~787 دقيقة
2026-02-22 12:24:32 | INFO    | ⏳ غير مستحق بعد — التحديث القادم خلال ~786 دقيقة
2026-02-22 12:25:32 | INFO    | ⏳ غير مستحق بعد — التحديث القادم خلال ~785 دقيقة
2026-02-22 12:26:32 | INFO    | ⏳ غير مستحق بعد — التحديث القادم خلال ~784 دقيقة
2026-02-22 12:27:32 | INFO    | ⏳ غير مستحق بعد — التحديث القادم خلال ~783 دقيقة
2026-02-22 12:28:32 | INFO    | ⏳ غير مستحق بعد — التحديث القادم خلال ~782 دقيقة
2026-02-22 12:29:32 | INFO    | ⏳ غير مستحق بعد — التحديث القادم خلال ~781 دقيقة
2026-02-22 12:30:32 | INFO    | ⏳ غير مستحق بعد — التحديث القادم خلال ~780 دقيقة
2026-02-22 12:31:32 | INFO    | ⏳ غير مستحق بعد — التحديث القادم خلال ~779 دقيقة
2026-02-22 12:32:32 | INFO    | ⏳ غير مستحق بعد — التحديث القادم خلال ~778 دقيقة
2026-02-22 12:33:32 | INFO    | ⏳ غير مستحق بعد — التحديث القادم خلال ~777 دقيقة
2026-02-22 12:34:33 | INFO    | ⏳ غير مستحق بعد — التحديث القادم خلال ~776 دقيقة
2026-02-22 12:35:33 | INFO    | ⏳ غير مستحق بعد — التحديث القادم خلال ~775 دقيقة
2026-02-22 12:36:33 | INFO    | ⏳ غير مستحق بعد — التحديث القادم خلال ~774 دقيقة
2026-02-22 12:37:33 | INFO    | ⏳ غير مستحق بعد — التحديث القادم خلال ~773 دقيقة
2026-02-22 12:38:33 | INFO    | ⏳ غير مستحق بعد — التحديث القادم خلال ~772 دقيقة
2026-02-22 12:39:33 | INFO    | ⏳ غير مستحق بعد — التحديث القادم خلال ~771 دقيقة
2026-02-22 12:40:33 | INFO    | ⏳ غير مستحق بعد — التحديث القادم خلال ~770 دقيقة
2026-02-22 12:41:33 | INFO    | ⏳ غير مستحق بعد — التحديث القادم خلال ~769 دقيقة
2026-02-22 12:42:33 | INFO    | ⏳ غير مستحق بعد — التحديث القادم خلال ~768 دقيقة
2026-02-22 12:43:33 | INFO    | ⏳ غير مستحق بعد — التحديث القادم خلال ~767 دقيقة
2026-02-22 12:44:33 | INFO    | ⏳ غير مستحق بعد — التحديث القادم خلال ~766 دقيقة
2026-02-22 12:45:33 | INFO    | ⏳ غير مستحق بعد — التحديث القادم خلال ~765 دقيقة
2026-02-22 12:46:33 | INFO    | ⏳ غير مستحق بعد — التحديث القادم خلال ~764 دقيقة
2026-02-22 12:47:34 | INFO    | ⏳ غير مستحق بعد — التحديث القادم خلال ~763 دقيقة
2026-02-22 12:48:34 | INFO    | ⏳ غير مستحق بعد — التحديث القادم خلال ~762 دقيقة
2026-02-22 12:49:34 | INFO    | ⏳ غير مستحق بعد — التحديث القادم خلال ~761 دقيقة
2026-02-22 12:50:34 | INFO    | ⏳ غير مستحق بعد — التحديث القادم خلال ~760 دقيقة
2026-02-22 12:51:34 | INFO    | ⏳ غير مستحق بعد — التحديث القادم خلال ~759 دقيقة
2026-02-22 12:52:34 | INFO    | ⏳ غير مستحق بعد — التحديث القادم خلال ~758 دقيقة
2026-02-22 12:53:34 | INFO    | ⏳ غير مستحق بعد — التحديث القادم خلال ~757 دقيقة
2026-02-22 12:54:34 | INFO    | ⏳ غير مستحق بعد — التحديث القادم خلال ~756 دقيقة
2026-02-22 12:55:34 | INFO    | ⏳ غير مستحق بعد — التحديث القادم خلال ~755 دقيقة
2026-02-22 12:56:34 | INFO    | ⏳ غير مستحق بعد — التحديث القادم خلال ~754 دقيقة
2026-02-22 12:57:34 | INFO    | ⏳ غير مستحق بعد — التحديث القادم خلال ~753 دقيقة
2026-02-22 12:58:34 | INFO    | ⏳ غير مستحق بعد — التحديث القادم خلال ~752 دقيقة
2026-02-22 12:59:34 | INFO    | ⏳ غير مستحق بعد — التحديث القادم خلال ~751 دقيقة
2026-02-22 13:00:35 | INFO    | ⏳ غير مستحق بعد — التحديث القادم خلال ~750 دقيقة
2026-02-22 13:01:35 | INFO    | ⏳ غير مستحق بعد — التحديث القادم خلال ~749 دقيقة
2026-02-22 13:02:35 | INFO    | ⏳ غير مستحق بعد — التحديث القادم خلال ~748 دقيقة
2026-02-22 13:03:35 | INFO    | ⏳ غير مستحق بعد — التحديث القادم خلال ~747 دقيقة
2026-02-22 13:04:35 | INFO    | ⏳ غير مستحق بعد — التحديث القادم خلال ~746 دقيقة
2026-02-22 13:05:35 | INFO    | ⏳ غير مستحق بعد — التحديث القادم خلال ~745 دقيقة
2026-02-22 13:06:35 | INFO    | ⏳ غير مستحق بعد — التحديث القادم خلال ~744 دقيقة
2026-02-22 13:07:35 | INFO    | ⏳ غير مستحق بعد — التحديث القادم خلال ~743 دقيقة
2026-02-22 13:08:35 | INFO    | ⏳ غير مستحق بعد — التحديث القادم خلال ~742 دقيقة
2026-02-22 13:09:35 | INFO    | ⏳ غير مستحق بعد — التحديث القادم خلال ~741 دقيقة
2026-02-22 13:10:35 | INFO    | ⏳ غير مستحق بعد — التحديث القادم خلال ~740 دقيقة
2026-02-22 13:11:35 | INFO    | ⏳ غير مستحق بعد — التحديث القادم خلال ~739 دقيقة
2026-02-22 13:12:35 | INFO    | ⏳ غير مستحق بعد — التحديث القادم خلال ~738 دقيقة
2026-02-22 13:13:36 | INFO    | ⏳ غير مستحق بعد — التحديث القادم خلال ~737 دقيقة
2026-02-22 13:14:36 | INFO    | ⏳ غير مستحق بعد — التحديث القادم خلال ~736 دقيقة
2026-02-22 13:15:36 | INFO    | ⏳ غير مستحق بعد — التحديث القادم خلال ~735 دقيقة
2026-02-22 13:16:36 | INFO    | ⏳ غير مستحق بعد — التحديث القادم خلال ~734 دقيقة
2026-02-22 13:17:36 | INFO    | ⏳ غير مستحق بعد — التحديث القادم خلال ~733 دقيقة
2026-02-22 13:18:36 | INFO    | ⏳ غير مستحق بعد — التحديث القادم خلال ~732 دقيقة
2026-02-22 13:19:36 | INFO    | ⏳ غير مستحق بعد — التحديث القادم خلال ~731 دقيقة
2026-02-22 13:20:36 | INFO    | ⏳ غير مستحق بعد — التحديث القادم خلال ~730 دقيقة
2026-02-22 13:21:36 | INFO    | ⏳ غير مستحق بعد — التحديث القادم خلال ~729 دقيقة
2026-02-22 13:22:36 | INFO    | ⏳ غير مستحق بعد — التحديث القادم خلال ~728 دقيقة
2026-02-22 13:23:36 | INFO    | ⏳ غير مستحق بعد — التحديث القادم خلال ~727 دقيقة
2026-02-22 13:24:36 | INFO    | ⏳ غير مستحق بعد — التحديث القادم خلال ~726 دقيقة
2026-02-22 13:25:36 | INFO    | ⏳ غير مستحق بعد — التحديث القادم خلال ~725 دقيقة
2026-02-22 13:26:37 | INFO    | ⏳ غير مستحق بعد — التحديث القادم خلال ~724 دقيقة
2026-02-22 13:27:37 | INFO    | ⏳ غير مستحق بعد — التحديث القادم خلال ~723 دقيقة
2026-02-22 13:28:37 | INFO    | ⏳ غير مستحق بعد — التحديث القادم خلال ~722 دقيقة
2026-02-22 13:29:37 | INFO    | ⏳ غير مستحق بعد — التحديث القادم خلال ~721 دقيقة
2026-02-22 13:30:37 | INFO    | ⏳ غير مستحق بعد — التحديث القادم خلال ~720 دقيقة
2026-02-22 13:31:37 | INFO    | ⏳ غير مستحق بعد — التحديث القادم خلال ~719 دقيقة
2026-02-22 13:32:37 | INFO    | ⏳ غير مستحق بعد — التحديث القادم خلال ~718 دقيقة
2026-02-22 13:33:37 | INFO    | ⏳ غير مستحق بعد — التحديث القادم خلال ~717 دقيقة
2026-02-22 13:34:37 | INFO    | ⏳ غير مستحق بعد — التحديث القادم خلال ~716 دقيقة
2026-02-22 13:35:37 | INFO    | ⏳ غير مستحق بعد — التحديث القادم خلال ~715 دقيقة
2026-02-22 13:36:37 | INFO    | ⏳ غير مستحق بعد — التحديث القادم خلال ~714 دقيقة
2026-02-22 13:37:37 | INFO    | ⏳ غير مستحق بعد — التحديث القادم خلال ~713 دقيقة
2026-02-22 13:38:37 | INFO    | ⏳ غير مستحق بعد — التحديث القادم خلال ~712 دقيقة
2026-02-22 13:39:38 | INFO    | ⏳ غير مستحق بعد — التحديث القادم خلال ~711 دقيقة
2026-02-22 13:40:38 | INFO    | ⏳ غير مستحق بعد — التحديث القادم خلال ~710 دقيقة
2026-02-22 13:41:38 | INFO    | ⏳ غير مستحق بعد — التحديث القادم خلال ~709 دقيقة
2026-02-22 13:42:38 | INFO    | ⏳ غير مستحق بعد — التحديث القادم خلال ~708 دقيقة
2026-02-22 13:43:38 | INFO    | ⏳ غير مستحق بعد — التحديث القادم خلال ~707 دقيقة
2026-02-22 13:44:38 | INFO    | ⏳ غير مستحق بعد — التحديث القادم خلال ~706 دقيقة
2026-02-22 13:45:38 | INFO    | ⏳ غير مستحق بعد — التحديث القادم خلال ~705 دقيقة
2026-02-22 13:46:38 | INFO    | ⏳ غير مستحق بعد — التحديث القادم خلال ~704 دقيقة
2026-02-22 13:47:38 | INFO    | ⏳ غير مستحق بعد — التحديث القادم خلال ~703 دقيقة
2026-02-22 13:48:38 | INFO    | ⏳ غير مستحق بعد — التحديث القادم خلال ~702 دقيقة
2026-02-22 13:49:38 | INFO    | ⏳ غير مستحق بعد — التحديث القادم خلال ~701 دقيقة
2026-02-22 13:50:38 | INFO    | ⏳ غير مستحق بعد — التحديث القادم خلال ~700 دقيقة
2026-02-22 13:51:39 | INFO    | ⏳ غير مستحق بعد — التحديث القادم خلال ~699 دقيقة
2026-02-22 13:52:39 | INFO    | ⏳ غير مستحق بعد — التحديث القادم خلال ~698 دقيقة
2026-02-22 13:53:39 | INFO    | ⏳ غير مستحق بعد — التحديث القادم خلال ~697 دقيقة
2026-02-22 13:54:39 | INFO    | ⏳ غير مستحق بعد — التحديث القادم خلال ~696 دقيقة
2026-02-22 13:55:39 | INFO    | ⏳ غير مستحق بعد — التحديث القادم خلال ~695 دقيقة
2026-02-22 13:56:39 | INFO    | ⏳ غير مستحق بعد — التحديث القادم خلال ~694 دقيقة
2026-02-22 13:57:39 | INFO    | ⏳ غير مستحق بعد — التحديث القادم خلال ~693 دقيقة
2026-02-22 13:58:39 | INFO    | ⏳ غير مستحق بعد — التحديث القادم خلال ~692 دقيقة
2026-02-22 13:59:39 | INFO    | ⏳ غير مستحق بعد — التحديث القادم خلال ~691 دقيقة
2026-02-22 14:00:39 | INFO    | ⏳ غير مستحق بعد — التحديث القادم خلال ~690 دقيقة
2026-02-22 14:01:39 | INFO    | ⏳ غير مستحق بعد — التحديث القادم خلال ~689 دقيقة
2026-02-22 14:02:39 | INFO    | ⏳ غير مستحق بعد — التحديث القادم خلال ~688 دقيقة
2026-02-22 14:03:39 | INFO    | ⏳ غير مستحق بعد — التحديث القادم خلال ~687 دقيقة
2026-02-22 14:04:40 | INFO    | ⏳ غير مستحق بعد — التحديث القادم خلال ~686 دقيقة
2026-02-22 14:05:40 | INFO    | ⏳ غير مستحق بعد — التحديث القادم خلال ~685 دقيقة
2026-02-22 14:06:40 | INFO    | ⏳ غير مستحق بعد — التحديث القادم خلال ~684 دقيقة
2026-02-22 14:07:40 | INFO    | ⏳ غير مستحق بعد — التحديث القادم خلال ~683 دقيقة
2026-02-22 14:08:40 | INFO    | ⏳ غير مستحق بعد — التحديث القادم خلال ~682 دقيقة
2026-02-22 14:09:40 | INFO    | ⏳ غير مستحق بعد — التحديث القادم خلال ~681 دقيقة
2026-02-22 14:10:40 | INFO    | ⏳ غير مستحق بعد — التحديث القادم خلال ~680 دقيقة
2026-02-22 14:11:40 | INFO    | ⏳ غير مستحق بعد — التحديث القادم خلال ~679 دقيقة
2026-02-22 14:12:40 | INFO    | ⏳ غير مستحق بعد — التحديث القادم خلال ~678 دقيقة
2026-02-22 14:13:40 | INFO    | ⏳ غير مستحق بعد — التحديث القادم خلال ~677 دقيقة
2026-02-22 14:14:40 | INFO    | ⏳ غير مستحق بعد — التحديث القادم خلال ~676 دقيقة
2026-02-22 14:15:41 | INFO    | ⏳ غير مستحق بعد — التحديث القادم خلال ~675 دقيقة
2026-02-22 14:16:41 | INFO    | ⏳ غير مستحق بعد — التحديث القادم خلال ~674 دقيقة
2026-02-22 14:17:41 | INFO    | ⏳ غير مستحق بعد — التحديث القادم خلال ~673 دقيقة
2026-02-22 14:18:41 | INFO    | ⏳ غير مستحق بعد — التحديث القادم خلال ~672 دقيقة
2026-02-22 14:19:41 | INFO    | ⏳ غير مستحق بعد — التحديث القادم خلال ~671 دقيقة
2026-02-22 14:20:41 | INFO    | ⏳ غير مستحق بعد — التحديث القادم خلال ~670 دقيقة
2026-02-22 14:21:41 | INFO    | ⏳ غير مستحق بعد — التحديث القادم خلال ~669 دقيقة
2026-02-22 14:22:41 | INFO    | ⏳ غير مستحق بعد — التحديث القادم خلال ~668 دقيقة
2026-02-22 14:23:41 | INFO    | ⏳ غير مستحق بعد — التحديث القادم خلال ~667 دقيقة
2026-02-22 14:24:41 | INFO    | ⏳ غير مستحق بعد — التحديث القادم خلال ~666 دقيقة
2026-02-22 14:25:41 | INFO    | ⏳ غير مستحق بعد — التحديث القادم خلال ~665 دقيقة
2026-02-22 14:26:41 | INFO    | ⏳ غير مستحق بعد — التحديث القادم خلال ~664 دقيقة
2026-02-22 14:27:41 | INFO    | ⏳ غير مستحق بعد — التحديث القادم خلال ~663 دقيقة
2026-02-22 14:28:41 | INFO    | ⏳ غير مستحق بعد — التحديث القادم خلال ~662 دقيقة
2026-02-22 14:29:42 | INFO    | ⏳ غير مستحق بعد — التحديث القادم خلال ~661 دقيقة
2026-02-22 14:30:42 | INFO    | ⏳ غير مستحق بعد — التحديث القادم خلال ~660 دقيقة
2026-02-22 14:31:42 | INFO    | ⏳ غير مستحق بعد — التحديث القادم خلال ~659 دقيقة
2026-02-22 14:32:42 | INFO    | ⏳ غير مستحق بعد — التحديث القادم خلال ~658 دقيقة
2026-02-22 14:33:42 | INFO    | ⏳ غير مستحق بعد — التحديث القادم خلال ~657 دقيقة
2026-02-22 14:34:42 | INFO    | ⏳ غير مستحق بعد — التحديث القادم خلال ~656 دقيقة
2026-02-22 14:35:42 | INFO    | ⏳ غير مستحق بعد — التحديث القادم خلال ~655 دقيقة
2026-02-22 14:36:42 | INFO    | ⏳ غير مستحق بعد — التحديث القادم خلال ~654 دقيقة
2026-02-22 14:37:42 | INFO    | ⏳ غير مستحق بعد — التحديث القادم خلال ~653 دقيقة
2026-02-22 14:38:42 | INFO    | ⏳ غير مستحق بعد — التحديث القادم خلال ~652 دقيقة
2026-02-22 14:39:42 | INFO    | ⏳ غير مستحق بعد — التحديث القادم خلال ~651 دقيقة
2026-02-22 14:40:43 | INFO    | ⏳ غير مستحق بعد — التحديث القادم خلال ~650 دقيقة
2026-02-22 14:41:43 | INFO    | ⏳ غير مستحق بعد — التحديث القادم خلال ~649 دقيقة
2026-02-22 14:42:43 | INFO    | ⏳ غير مستحق بعد — التحديث القادم خلال ~648 دقيقة
2026-02-22 14:43:43 | INFO    | ⏳ غير مستحق بعد — التحديث القادم خلال ~647 دقيقة
2026-02-22 14:44:43 | INFO    | ⏳ غير مستحق بعد — التحديث القادم خلال ~646 دقيقة
2026-02-22 14:45:43 | INFO    | ⏳ غير مستحق بعد — التحديث القادم خلال ~645 دقيقة
2026-02-22 14:46:43 | INFO    | ⏳ غير مستحق بعد — التحديث القادم خلال ~644 دقيقة
2026-02-22 14:47:43 | INFO    | ⏳ غير مستحق بعد — التحديث القادم خلال ~643 دقيقة
2026-02-22 14:48:43 | INFO    | ⏳ غير مستحق بعد — التحديث القادم خلال ~642 دقيقة
2026-02-22 14:49:43 | INFO    | ⏳ غير مستحق بعد — التحديث القادم خلال ~641 دقيقة
2026-02-22 14:50:43 | INFO    | ⏳ غير مستحق بعد — التحديث القادم خلال ~640 دقيقة
2026-02-22 14:51:43 | INFO    | ⏳ غير مستحق بعد — التحديث القادم خلال ~639 دقيقة
2026-02-22 14:52:43 | INFO    | ⏳ غير مستحق بعد — التحديث القادم خلال ~638 دقيقة
2026-02-22 14:53:44 | INFO    | ⏳ غير مستحق بعد — التحديث القادم خلال ~637 دقيقة
2026-02-22 14:54:44 | INFO    | ⏳ غير مستحق بعد — التحديث القادم خلال ~636 دقيقة
2026-02-22 14:55:44 | INFO    | ⏳ غير مستحق بعد — التحديث القادم خلال ~635 دقيقة
2026-02-22 14:56:44 | INFO    | ⏳ غير مستحق بعد — التحديث القادم خلال ~634 دقيقة
2026-02-22 14:57:44 | INFO    | ⏳ غير مستحق بعد — التحديث القادم خلال ~633 دقيقة
2026-02-22 14:58:44 | INFO    | ⏳ غير مستحق بعد — التحديث القادم خلال ~632 دقيقة
2026-02-22 14:59:44 | INFO    | ⏳ غير مستحق بعد — التحديث القادم خلال ~631 دقيقة
2026-02-22 15:00:44 | INFO    | ⏳ غير مستحق بعد — التحديث القادم خلال ~630 دقيقة
2026-02-22 15:01:44 | INFO    | ⏳ غير مستحق بعد — التحديث القادم خلال ~629 دقيقة
2026-02-22 15:02:44 | INFO    | ⏳ غير مستحق بعد — التحديث القادم خلال ~628 دقيقة
2026-02-22 15:03:44 | INFO    | ⏳ غير مستحق بعد — التحديث القادم خلال ~627 دقيقة
2026-02-22 15:04:44 | INFO    | ⏳ غير مستحق بعد — التحديث القادم خلال ~626 دقيقة
2026-02-22 15:05:44 | INFO    | ⏳ غير مستحق بعد — التحديث القادم خلال ~625 دقيقة
2026-02-22 15:06:45 | INFO    | ⏳ غير مستحق بعد — التحديث القادم خلال ~624 دقيقة
2026-02-22 15:07:45 | INFO    | ⏳ غير مستحق بعد — التحديث القادم خلال ~623 دقيقة
2026-02-22 15:08:45 | INFO    | ⏳ غير مستحق بعد — التحديث القادم خلال ~622 دقيقة
2026-02-22 15:09:45 | INFO    | ⏳ غير مستحق بعد — التحديث القادم خلال ~621 دقيقة
2026-02-22 15:10:45 | INFO    | ⏳ غير مستحق بعد — التحديث القادم خلال ~620 دقيقة
2026-02-22 15:11:45 | INFO    | ⏳ غير مستحق بعد — التحديث القادم خلال ~619 دقيقة
2026-02-22 15:12:45 | INFO    | ⏳ غير مستحق بعد — التحديث القادم خلال ~618 دقيقة
2026-02-22 15:13:45 | INFO    | ⏳ غير مستحق بعد — التحديث القادم خلال ~617 دقيقة
2026-02-22 15:14:45 | INFO    | ⏳ غير مستحق بعد — التحديث القادم خلال ~616 دقيقة
2026-02-22 15:15:45 | INFO    | ⏳ غير مستحق بعد — التحديث القادم خلال ~615 دقيقة
2026-02-22 15:16:45 | INFO    | ⏳ غير مستحق بعد — التحديث القادم خلال ~614 دقيقة
2026-02-22 15:17:45 | INFO    | ⏳ غير مستحق بعد — التحديث القادم خلال ~613 دقيقة
2026-02-22 15:18:45 | INFO    | ⏳ غير مستحق بعد — التحديث القادم خلال ~612 دقيقة
2026-02-22 15:19:46 | INFO    | ⏳ غير مستحق بعد — التحديث القادم خلال ~611 دقيقة
2026-02-22 15:20:46 | INFO    | ⏳ غير مستحق بعد — التحديث القادم خلال ~610 دقيقة
2026-02-22 15:21:46 | INFO    | ⏳ غير مستحق بعد — التحديث القادم خلال ~609 دقيقة
2026-02-22 15:22:46 | INFO    | ⏳ غير مستحق بعد — التحديث القادم خلال ~608 دقيقة
2026-02-22 15:23:46 | INFO    | ⏳ غير مستحق بعد — التحديث القادم خلال ~607 دقيقة
2026-02-22 15:24:46 | INFO    | ⏳ غير مستحق بعد — التحديث القادم خلال ~606 دقيقة
2026-02-22 15:25:46 | INFO    | ⏳ غير مستحق بعد — التحديث القادم خلال ~605 دقيقة
2026-02-22 15:26:46 | INFO    | ⏳ غير مستحق بعد — التحديث القادم خلال ~604 دقيقة
2026-02-22 15:27:46 | INFO    | ⏳ غير مستحق بعد — التحديث القادم خلال ~603 دقيقة
2026-02-22 15:28:46 | INFO    | ⏳ غير مستحق بعد — التحديث القادم خلال ~602 دقيقة
2026-02-22 15:29:46 | INFO    | ⏳ غير مستحق بعد — التحديث القادم خلال ~601 دقيقة
2026-02-22 15:30:46 | INFO    | ⏳ غير مستحق بعد — التحديث القادم خلال ~600 دقيقة
2026-02-22 15:31:46 | INFO    | ⏳ غير مستحق بعد — التحديث القادم خلال ~599 دقيقة
2026-02-22 15:32:47 | INFO    | ⏳ غير مستحق بعد — التحديث القادم خلال ~598 دقيقة
2026-02-22 15:33:47 | INFO    | ⏳ غير مستحق بعد — التحديث القادم خلال ~597 دقيقة
2026-02-22 15:34:47 | INFO    | ⏳ غير مستحق بعد — التحديث القادم خلال ~596 دقيقة
2026-02-22 15:35:47 | INFO    | ⏳ غير مستحق بعد — التحديث القادم خلال ~595 دقيقة
2026-02-22 15:36:47 | INFO    | ⏳ غير مستحق بعد — التحديث القادم خلال ~594 دقيقة
2026-02-22 15:37:47 | INFO    | ⏳ غير مستحق بعد — التحديث القادم خلال ~593 دقيقة
2026-02-22 15:38:47 | INFO    | ⏳ غير مستحق بعد — التحديث القادم خلال ~592 دقيقة
2026-02-22 15:39:47 | INFO    | ⏳ غير مستحق بعد — التحديث القادم خلال ~591 دقيقة
2026-02-22 15:40:47 | INFO    | ⏳ غير مستحق بعد — التحديث القادم خلال ~590 دقيقة
2026-02-22 15:41:47 | INFO    | ⏳ غير مستحق بعد — التحديث القادم خلال ~589 دقيقة
2026-02-22 15:42:47 | INFO    | ⏳ غير مستحق بعد — التحديث القادم خلال ~588 دقيقة
2026-02-22 15:43:47 | INFO    | ⏳ غير مستحق بعد — التحديث القادم خلال ~587 دقيقة
2026-02-22 15:44:47 | INFO    | ⏳ غير مستحق بعد — التحديث القادم خلال ~586 دقيقة
2026-02-22 15:45:48 | INFO    | ⏳ غير مستحق بعد — التحديث القادم خلال ~585 دقيقة
2026-02-22 15:46:48 | INFO    | ⏳ غير مستحق بعد — التحديث القادم خلال ~584 دقيقة
2026-02-22 15:47:48 | INFO    | ⏳ غير مستحق بعد — التحديث القادم خلال ~583 دقيقة
2026-02-22 15:48:48 | INFO    | ⏳ غير مستحق بعد — التحديث القادم خلال ~582 دقيقة
2026-02-22 15:49:48 | INFO    | ⏳ غير مستحق بعد — التحديث القادم خلال ~581 دقيقة
2026-02-22 15:50:48 | INFO    | ⏳ غير مستحق بعد — التحديث القادم خلال ~580 دقيقة
2026-02-22 15:51:48 | INFO    | ⏳ غير مستحق بعد — التحديث القادم خلال ~579 دقيقة
2026-02-22 15:52:48 | INFO    | ⏳ غير مستحق بعد — التحديث القادم خلال ~578 دقيقة
2026-02-22 15:53:48 | INFO    | ⏳ غير مستحق بعد — التحديث القادم خلال ~577 دقيقة
2026-02-22 15:54:48 | INFO    | ⏳ غير مستحق بعد — التحديث القادم خلال ~576 دقيقة
2026-02-22 15:55:48 | INFO    | ⏳ غير مستحق بعد — التحديث القادم خلال ~575 دقيقة
2026-02-22 15:56:48 | INFO    | ⏳ غير مستحق بعد — التحديث القادم خلال ~574 دقيقة
2026-02-22 15:57:48 | INFO    | ⏳ غير مستحق بعد — التحديث القادم خلال ~573 دقيقة
2026-02-22 15:58:48 | INFO    | ⏳ غير مستحق بعد — التحديث القادم خلال ~572 دقيقة
2026-02-22 15:59:49 | INFO    | ⏳ غير مستحق بعد — التحديث القادم خلال ~571 دقيقة
2026-02-22 16:00:49 | INFO    | ⏳ غير مستحق بعد — التحديث القادم خلال ~570 دقيقة
2026-02-22 16:01:49 | INFO    | ⏳ غير مستحق بعد — التحديث القادم خلال ~569 دقيقة
2026-02-22 16:02:49 | INFO    | ⏳ غير مستحق بعد — التحديث القادم خلال ~568 دقيقة
2026-02-22 16:03:49 | INFO    | ⏳ غير مستحق بعد — التحديث القادم خلال ~567 دقيقة
2026-02-22 16:04:49 | INFO    | ⏳ غير مستحق بعد — التحديث القادم خلال ~566 دقيقة
2026-02-22 16:05:49 | INFO    | ⏳ غير مستحق بعد — التحديث القادم خلال ~565 دقيقة
2026-02-22 16:06:49 | INFO    | ⏳ غير مستحق بعد — التحديث القادم خلال ~564 دقيقة
2026-02-22 16:07:49 | INFO    | ⏳ غير مستحق بعد — التحديث القادم خلال ~563 دقيقة
2026-02-22 16:08:49 | INFO    | ⏳ غير مستحق بعد — التحديث القادم خلال ~562 دقيقة
2026-02-22 16:09:49 | INFO    | ⏳ غير مستحق بعد — التحديث القادم خلال ~561 دقيقة
2026-02-22 16:10:50 | INFO    | ⏳ غير مستحق بعد — التحديث القادم خلال ~560 دقيقة
2026-02-22 16:11:50 | INFO    | ⏳ غير مستحق بعد — التحديث القادم خلال ~559 دقيقة
2026-02-22 16:12:50 | INFO    | ⏳ غير مستحق بعد — التحديث القادم خلال ~558 دقيقة
2026-02-22 16:13:50 | INFO    | ⏳ غير مستحق بعد — التحديث القادم خلال ~557 دقيقة
2026-02-22 16:14:50 | INFO    | ⏳ غير مستحق بعد — التحديث القادم خلال ~556 دقيقة
2026-02-22 16:15:50 | INFO    | ⏳ غير مستحق بعد — التحديث القادم خلال ~555 دقيقة
2026-02-22 16:16:50 | INFO    | ⏳ غير مستحق بعد — التحديث القادم خلال ~554 دقيقة
2026-02-22 16:17:50 | INFO    | ⏳ غير مستحق بعد — التحديث القادم خلال ~553 دقيقة
2026-02-22 16:18:50 | INFO    | ⏳ غير مستحق بعد — التحديث القادم خلال ~552 دقيقة
2026-02-22 16:19:50 | INFO    | ⏳ غير مستحق بعد — التحديث القادم خلال ~551 دقيقة
2026-02-22 16:20:50 | INFO    | ⏳ غير مستحق بعد — التحديث القادم خلال ~550 دقيقة
2026-02-22 16:21:50 | INFO    | ⏳ غير مستحق بعد — التحديث القادم خلال ~549 دقيقة
2026-02-22 16:22:51 | INFO    | ⏳ غير مستحق بعد — التحديث القادم خلال ~548 دقيقة
2026-02-22 16:23:51 | INFO    | ⏳ غير مستحق بعد — التحديث القادم خلال ~547 دقيقة
2026-02-22 16:24:51 | INFO    | ⏳ غير مستحق بعد — التحديث القادم خلال ~546 دقيقة
2026-02-22 16:25:51 | INFO    | ⏳ غير مستحق بعد — التحديث القادم خلال ~545 دقيقة
2026-02-22 16:26:51 | INFO    | ⏳ غير مستحق بعد — التحديث القادم خلال ~544 دقيقة
2026-02-22 16:27:51 | INFO    | ⏳ غير مستحق بعد — التحديث القادم خلال ~543 دقيقة
2026-02-22 16:28:51 | INFO    | ⏳ غير مستحق بعد — التحديث القادم خلال ~542 دقيقة
2026-02-22 16:29:51 | INFO    | ⏳ غير مستحق بعد — التحديث القادم خلال ~541 دقيقة
2026-02-22 16:30:51 | INFO    | ⏳ غير مستحق بعد — التحديث القادم خلال ~540 دقيقة
2026-02-22 16:31:51 | INFO    | ⏳ غير مستحق بعد — التحديث القادم خلال ~539 دقيقة
2026-02-22 16:32:51 | INFO    | ⏳ غير مستحق بعد — التحديث القادم خلال ~538 دقيقة
2026-02-22 16:33:52 | INFO    | ⏳ غير مستحق بعد — التحديث القادم خلال ~537 دقيقة
2026-02-22 16:34:52 | INFO    | ⏳ غير مستحق بعد — التحديث القادم خلال ~536 دقيقة
2026-02-22 16:35:52 | INFO    | ⏳ غير مستحق بعد — التحديث القادم خلال ~535 دقيقة
2026-02-22 16:36:52 | INFO    | ⏳ غير مستحق بعد — التحديث القادم خلال ~534 دقيقة
2026-02-22 16:37:52 | INFO    | ⏳ غير مستحق بعد — التحديث القادم خلال ~533 دقيقة
2026-02-22 16:38:52 | INFO    | ⏳ غير مستحق بعد — التحديث القادم خلال ~532 دقيقة
2026-02-22 16:39:52 | INFO    | ⏳ غير مستحق بعد — التحديث القادم خلال ~531 دقيقة
2026-02-22 16:40:52 | INFO    | ⏳ غير مستحق بعد — التحديث القادم خلال ~530 دقيقة
2026-02-22 16:41:52 | INFO    | ⏳ غير مستحق بعد — التحديث القادم خلال ~529 دقيقة
2026-02-22 16:42:52 | INFO    | ⏳ غير مستحق بعد — التحديث القادم خلال ~528 دقيقة
2026-02-22 16:43:52 | INFO    | ⏳ غير مستحق بعد — التحديث القادم خلال ~527 دقيقة
2026-02-22 16:44:53 | INFO    | ⏳ غير مستحق بعد — التحديث القادم خلال ~526 دقيقة
2026-02-22 16:45:53 | INFO    | ⏳ غير مستحق بعد — التحديث القادم خلال ~525 دقيقة
2026-02-22 16:46:53 | INFO    | ⏳ غير مستحق بعد — التحديث القادم خلال ~524 دقيقة
2026-02-22 16:47:53 | INFO    | ⏳ غير مستحق بعد — التحديث القادم خلال ~523 دقيقة
2026-02-22 16:48:53 | INFO    | ⏳ غير مستحق بعد — التحديث القادم خلال ~522 دقيقة
2026-02-22 16:49:53 | INFO    | ⏳ غير مستحق بعد — التحديث القادم خلال ~521 دقيقة
2026-02-22 16:50:53 | INFO    | ⏳ غير مستحق بعد — التحديث القادم خلال ~520 دقيقة
2026-02-22 16:51:53 | INFO    | ⏳ غير مستحق بعد — التحديث القادم خلال ~519 دقيقة
2026-02-22 16:52:53 | INFO    | ⏳ غير مستحق بعد — التحديث القادم خلال ~518 دقيقة
2026-02-22 16:53:53 | INFO    | ⏳ غير مستحق بعد — التحديث القادم خلال ~517 دقيقة
2026-02-22 16:54:53 | INFO    | ⏳ غير مستحق بعد — التحديث القادم خلال ~516 دقيقة
2026-02-22 16:55:53 | INFO    | ⏳ غير مستحق بعد — التحديث القادم خلال ~515 دقيقة
2026-02-22 16:56:53 | INFO    | ⏳ غير مستحق بعد — التحديث القادم خلال ~514 دقيقة
2026-02-22 16:57:54 | INFO    | ⏳ غير مستحق بعد — التحديث القادم خلال ~513 دقيقة
2026-02-22 16:58:54 | INFO    | ⏳ غير مستحق بعد — التحديث القادم خلال ~512 دقيقة
2026-02-22 16:59:54 | INFO    | ⏳ غير مستحق بعد — التحديث القادم خلال ~511 دقيقة
2026-02-22 17:00:54 | INFO    | ⏳ غير مستحق بعد — التحديث القادم خلال ~510 دقيقة
2026-02-22 17:01:54 | INFO    | ⏳ غير مستحق بعد — التحديث القادم خلال ~509 دقيقة
2026-02-22 17:02:54 | INFO    | ⏳ غير مستحق بعد — التحديث القادم خلال ~508 دقيقة
2026-02-22 17:03:54 | INFO    | ⏳ غير مستحق بعد — التحديث القادم خلال ~507 دقيقة
2026-02-22 17:04:54 | INFO    | ⏳ غير مستحق بعد — التحديث القادم خلال ~506 دقيقة
2026-02-22 17:05:54 | INFO    | ⏳ غير مستحق بعد — التحديث القادم خلال ~505 دقيقة
2026-02-22 17:06:54 | INFO    | ⏳ غير مستحق بعد — التحديث القادم خلال ~504 دقيقة
2026-02-22 17:07:54 | INFO    | ⏳ غير مستحق بعد — التحديث القادم خلال ~503 دقيقة
2026-02-22 17:08:54 | INFO    | ⏳ غير مستحق بعد — التحديث القادم خلال ~502 دقيقة
2026-02-22 17:09:54 | INFO    | ⏳ غير مستحق بعد — التحديث القادم خلال ~501 دقيقة
2026-02-22 17:10:55 | INFO    | ⏳ غير مستحق بعد — التحديث القادم خلال ~500 دقيقة
2026-02-22 17:11:55 | INFO    | ⏳ غير مستحق بعد — التحديث القادم خلال ~499 دقيقة
2026-02-22 17:12:55 | INFO    | ⏳ غير مستحق بعد — التحديث القادم خلال ~498 دقيقة
2026-02-22 17:13:55 | INFO    | ⏳ غير مستحق بعد — التحديث القادم خلال ~497 دقيقة
2026-02-22 17:14:55 | INFO    | ⏳ غير مستحق بعد — التحديث القادم خلال ~496 دقيقة
2026-02-22 17:15:55 | INFO    | ⏳ غير مستحق بعد — التحديث القادم خلال ~495 دقيقة
2026-02-22 17:16:55 | INFO    | ⏳ غير مستحق بعد — التحديث القادم خلال ~494 دقيقة
2026-02-22 17:17:55 | INFO    | ⏳ غير مستحق بعد — التحديث القادم خلال ~493 دقيقة
2026-02-22 17:18:55 | INFO    | ⏳ غير مستحق بعد — التحديث القادم خلال ~492 دقيقة
2026-02-22 17:19:55 | INFO    | ⏳ غير مستحق بعد — التحديث القادم خلال ~491 دقيقة
2026-02-22 17:20:55 | INFO    | ⏳ غير مستحق بعد — التحديث القادم خلال ~490 دقيقة
2026-02-22 17:21:55 | INFO    | ⏳ غير مستحق بعد — التحديث القادم خلال ~489 دقيقة
2026-02-22 17:22:56 | INFO    | ⏳ غير مستحق بعد — التحديث القادم خلال ~488 دقيقة
2026-02-22 17:23:56 | INFO    | ⏳ غير مستحق بعد — التحديث القادم خلال ~487 دقيقة
2026-02-22 17:24:56 | INFO    | ⏳ غير مستحق بعد — التحديث القادم خلال ~486 دقيقة
2026-02-22 17:25:56 | INFO    | ⏳ غير مستحق بعد — التحديث القادم خلال ~485 دقيقة
2026-02-22 17:26:56 | INFO    | ⏳ غير مستحق بعد — التحديث القادم خلال ~484 دقيقة
2026-02-22 17:27:56 | INFO    | ⏳ غير مستحق بعد — التحديث القادم خلال ~483 دقيقة
2026-02-22 17:28:56 | INFO    | ⏳ غير مستحق بعد — التحديث القادم خلال ~482 دقيقة
2026-02-22 17:29:56 | INFO    | ⏳ غير مستحق بعد — التحديث القادم خلال ~481 دقيقة
2026-02-22 17:30:56 | INFO    | ⏳ غير مستحق بعد — التحديث القادم خلال ~480 دقيقة
2026-02-22 17:31:56 | INFO    | ⏳ غير مستحق بعد — التحديث القادم خلال ~479 دقيقة
2026-02-22 17:32:56 | INFO    | ⏳ غير مستحق بعد — التحديث القادم خلال ~478 دقيقة
2026-02-22 17:33:56 | INFO    | ⏳ غير مستحق بعد — التحديث القادم خلال ~477 دقيقة
2026-02-22 17:34:57 | INFO    | ⏳ غير مستحق بعد — التحديث القادم خلال ~476 دقيقة
2026-02-22 17:35:57 | INFO    | ⏳ غير مستحق بعد — التحديث القادم خلال ~475 دقيقة
2026-02-22 17:36:57 | INFO    | ⏳ غير مستحق بعد — التحديث القادم خلال ~474 دقيقة
2026-02-22 17:37:57 | INFO    | ⏳ غير مستحق بعد — التحديث القادم خلال ~473 دقيقة
2026-02-22 17:38:57 | INFO    | ⏳ غير مستحق بعد — التحديث القادم خلال ~472 دقيقة
2026-02-22 17:39:57 | INFO    | ⏳ غير مستحق بعد — التحديث القادم خلال ~471 دقيقة
2026-02-22 17:40:57 | INFO    | ⏳ غير مستحق بعد — التحديث القادم خلال ~470 دقيقة
2026-02-22 17:41:57 | INFO    | ⏳ غير مستحق بعد — التحديث القادم خلال ~469 دقيقة
2026-02-22 17:42:57 | INFO    | ⏳ غير مستحق بعد — التحديث القادم خلال ~468 دقيقة
2026-02-22 17:43:57 | INFO    | ⏳ غير مستحق بعد — التحديث القادم خلال ~467 دقيقة
2026-02-22 17:44:57 | INFO    | ⏳ غير مستحق بعد — التحديث القادم خلال ~466 دقيقة
2026-02-22 17:45:58 | INFO    | ⏳ غير مستحق بعد — التحديث القادم خلال ~465 دقيقة
2026-02-22 17:46:58 | INFO    | ⏳ غير مستحق بعد — التحديث القادم خلال ~464 دقيقة
2026-02-22 17:47:58 | INFO    | ⏳ غير مستحق بعد — التحديث القادم خلال ~463 دقيقة
2026-02-22 17:48:58 | INFO    | ⏳ غير مستحق بعد — التحديث القادم خلال ~462 دقيقة
2026-02-22 17:49:58 | INFO    | ⏳ غير مستحق بعد — التحديث القادم خلال ~461 دقيقة
2026-02-22 17:50:58 | INFO    | ⏳ غير مستحق بعد — التحديث القادم خلال ~460 دقيقة
2026-02-22 17:51:58 | INFO    | ⏳ غير مستحق بعد — التحديث القادم خلال ~459 دقيقة
2026-02-22 17:52:58 | INFO    | ⏳ غير مستحق بعد — التحديث القادم خلال ~458 دقيقة
2026-02-22 17:53:58 | INFO    | ⏳ غير مستحق بعد — التحديث القادم خلال ~457 دقيقة
2026-02-22 17:54:58 | INFO    | ⏳ غير مستحق بعد — التحديث القادم خلال ~456 دقيقة
2026-02-22 17:55:58 | INFO    | ⏳ غير مستحق بعد — التحديث القادم خلال ~455 دقيقة
