2026-02-26 17:44:14 | INFO    | 🥩 ═══ بدء زحف StakingRewards ═══
2026-02-26 17:44:14 | INFO    | ⏱️ StakingRewards timeframe: 24h
2026-02-26 17:44:16 | DEBUG   | 🌐 GET https://www.stakingrewards.com/assets/all?page=0&pageSize=100&timeframe=24h (محاولة 1/3)
2026-02-26 17:44:19 | INFO    | ✅ https://www.stakingrewards.com/assets/all?page=0&pageSize=100&timeframe=24h → 1,348,424 bytes
2026-02-26 17:44:19 | INFO    | 🥩 عثرنا على 20 أصل في RSC payload
2026-02-26 17:44:19 | DEBUG   |   ✅ ETH    rate=    3.26 price=$  2,051.04 providers=0
2026-02-26 17:44:19 | DEBUG   |   ✅ SOL    rate=     6.4 price=$     87.00 providers=0
2026-02-26 17:44:19 | DEBUG   |   ✅ HYPE   rate=2.20560466 price=$     29.18 providers=0
2026-02-26 17:44:19 | DEBUG   |   ✅ TRX    rate=3.2530042783209243 price=$      0.29 providers=0
2026-02-26 17:44:19 | DEBUG   |   ✅ SUI    rate=1.7106302460770888 price=$      0.94 providers=0
2026-02-26 17:44:19 | DEBUG   |   ✅ BTC    rate=0.03787169340009487 price=$ 67,697.00 providers=0
2026-02-26 17:44:19 | DEBUG   |   ✅ AVAX   rate=6.641154039121092 price=$      9.32 providers=0
2026-02-26 17:44:19 | DEBUG   |   ✅ DOT    rate=11.610578580629785 price=$      1.59 providers=0
2026-02-26 17:44:19 | DEBUG   |   ✅ CRO    rate=1.6718414767797654 price=$      0.08 providers=0
2026-02-26 17:44:19 | DEBUG   |   ✅ APT    rate=6.999678000000001 price=$      0.97 providers=0
2026-02-26 17:44:19 | DEBUG   |   ✅ NEAR   rate=4.738324996891519 price=$      1.12 providers=0
2026-02-26 17:44:19 | DEBUG   |   ✅ ATOM   rate=19.459773552837063 price=$      1.91 providers=0
2026-02-26 17:44:19 | DEBUG   |   ✅ IP     rate=    10.0 price=$      1.02 providers=0
2026-02-26 17:44:19 | DEBUG   |   ✅ MATIC  rate=4.724671243121438 price=$      0.00 providers=0
2026-02-26 17:44:19 | DEBUG   |   ✅ MON    rate=15.202766109278262 price=$      0.02 providers=0
2026-02-26 17:44:19 | DEBUG   |   ✅ SEI    rate=6.9964440000318175 price=$      0.07 providers=0
2026-02-26 17:44:19 | DEBUG   |   ✅ XTZ    rate=9.215885170817199 price=$      0.39 providers=0
2026-02-26 17:44:19 | DEBUG   |   ✅ INJ    rate=5.967122810883612 price=$      3.20 providers=0
2026-02-26 17:44:19 | DEBUG   |   ✅ TIA    rate=4.649763513619914 price=$      0.34 providers=0
2026-02-26 17:44:19 | DEBUG   |   ✅ IOTA   rate=11.504891481538593 price=$      0.07 providers=0
2026-02-26 17:44:19 | INFO    | 🥩 StakingRewards: 20 أصل | متوسط المكافآت: 6.81%
2026-02-26 17:44:19 | INFO    | ⏱️ StakingRewards timeframe: 7d
2026-02-26 17:44:21 | DEBUG   | 🌐 GET https://www.stakingrewards.com/assets/all?page=0&pageSize=100&timeframe=7d (محاولة 1/3)
2026-02-26 17:44:22 | INFO    | ✅ https://www.stakingrewards.com/assets/all?page=0&pageSize=100&timeframe=7d → 1,348,419 bytes
2026-02-26 17:44:22 | INFO    | 🥩 عثرنا على 20 أصل في RSC payload
2026-02-26 17:44:22 | DEBUG   |   ✅ ETH    rate=    3.26 price=$  2,051.04 providers=0
2026-02-26 17:44:22 | DEBUG   |   ✅ SOL    rate=     6.4 price=$     87.00 providers=0
2026-02-26 17:44:22 | DEBUG   |   ✅ HYPE   rate=2.20560466 price=$     29.18 providers=0
2026-02-26 17:44:22 | DEBUG   |   ✅ TRX    rate=3.2530042783209243 price=$      0.29 providers=0
2026-02-26 17:44:22 | DEBUG   |   ✅ SUI    rate=1.7106302460770888 price=$      0.94 providers=0
2026-02-26 17:44:22 | DEBUG   |   ✅ BTC    rate=0.03787169340009487 price=$ 67,697.00 providers=0
2026-02-26 17:44:22 | DEBUG   |   ✅ AVAX   rate=6.641154039121092 price=$      9.32 providers=0
2026-02-26 17:44:22 | DEBUG   |   ✅ DOT    rate=11.610578580629785 price=$      1.59 providers=0
2026-02-26 17:44:22 | DEBUG   |   ✅ CRO    rate=1.6718414767797654 price=$      0.08 providers=0
2026-02-26 17:44:22 | DEBUG   |   ✅ APT    rate=6.999678000000001 price=$      0.97 providers=0
2026-02-26 17:44:22 | DEBUG   |   ✅ NEAR   rate=4.738324996891519 price=$      1.12 providers=0
2026-02-26 17:44:22 | DEBUG   |   ✅ ATOM   rate=19.459773552837063 price=$      1.91 providers=0
2026-02-26 17:44:22 | DEBUG   |   ✅ IP     rate=    10.0 price=$      1.02 providers=0
2026-02-26 17:44:22 | DEBUG   |   ✅ MATIC  rate=4.724671243121438 price=$      0.00 providers=0
2026-02-26 17:44:22 | DEBUG   |   ✅ MON    rate=15.202766109278262 price=$      0.02 providers=0
2026-02-26 17:44:22 | DEBUG   |   ✅ SEI    rate=6.9964440000318175 price=$      0.07 providers=0
2026-02-26 17:44:22 | DEBUG   |   ✅ XTZ    rate=9.215885170817199 price=$      0.39 providers=0
2026-02-26 17:44:22 | DEBUG   |   ✅ INJ    rate=5.967122810883612 price=$      3.20 providers=0
2026-02-26 17:44:22 | DEBUG   |   ✅ TIA    rate=4.649763513619914 price=$      0.34 providers=0
2026-02-26 17:44:22 | DEBUG   |   ✅ IOTA   rate=11.504891481538593 price=$      0.07 providers=0
2026-02-26 17:44:22 | INFO    | 🥩 StakingRewards: 20 أصل | متوسط المكافآت: 6.81%
2026-02-26 17:44:22 | INFO    | ⏱️ StakingRewards timeframe: 30d
2026-02-26 17:44:24 | DEBUG   | 🌐 GET https://www.stakingrewards.com/assets/all?page=0&pageSize=100&timeframe=30d (محاولة 1/3)
2026-02-26 17:44:26 | INFO    | ✅ https://www.stakingrewards.com/assets/all?page=0&pageSize=100&timeframe=30d → 1,348,424 bytes
2026-02-26 17:44:26 | INFO    | 🥩 عثرنا على 20 أصل في RSC payload
2026-02-26 17:44:26 | DEBUG   |   ✅ ETH    rate=    3.26 price=$  2,051.04 providers=0
2026-02-26 17:44:26 | DEBUG   |   ✅ SOL    rate=     6.4 price=$     87.00 providers=0
2026-02-26 17:44:26 | DEBUG   |   ✅ HYPE   rate=2.20560466 price=$     29.18 providers=0
2026-02-26 17:44:26 | DEBUG   |   ✅ TRX    rate=3.2530042783209243 price=$      0.29 providers=0
2026-02-26 17:44:26 | DEBUG   |   ✅ SUI    rate=1.7106302460770888 price=$      0.94 providers=0
2026-02-26 17:44:26 | DEBUG   |   ✅ BTC    rate=0.03787169340009487 price=$ 67,697.00 providers=0
2026-02-26 17:44:26 | DEBUG   |   ✅ AVAX   rate=6.641154039121092 price=$      9.32 providers=0
2026-02-26 17:44:26 | DEBUG   |   ✅ DOT    rate=11.610578580629785 price=$      1.59 providers=0
2026-02-26 17:44:26 | DEBUG   |   ✅ CRO    rate=1.6718414767797654 price=$      0.08 providers=0
2026-02-26 17:44:26 | DEBUG   |   ✅ APT    rate=6.999678000000001 price=$      0.97 providers=0
2026-02-26 17:44:26 | DEBUG   |   ✅ NEAR   rate=4.738324996891519 price=$      1.12 providers=0
2026-02-26 17:44:26 | DEBUG   |   ✅ ATOM   rate=19.459773552837063 price=$      1.91 providers=0
2026-02-26 17:44:26 | DEBUG   |   ✅ IP     rate=    10.0 price=$      1.02 providers=0
2026-02-26 17:44:26 | DEBUG   |   ✅ MATIC  rate=4.724671243121438 price=$      0.00 providers=0
2026-02-26 17:44:26 | DEBUG   |   ✅ MON    rate=15.202766109278262 price=$      0.02 providers=0
2026-02-26 17:44:26 | DEBUG   |   ✅ SEI    rate=6.9964440000318175 price=$      0.07 providers=0
2026-02-26 17:44:26 | DEBUG   |   ✅ XTZ    rate=9.215885170817199 price=$      0.39 providers=0
2026-02-26 17:44:26 | DEBUG   |   ✅ INJ    rate=5.967122810883612 price=$      3.20 providers=0
2026-02-26 17:44:26 | DEBUG   |   ✅ TIA    rate=4.649763513619914 price=$      0.34 providers=0
2026-02-26 17:44:26 | DEBUG   |   ✅ IOTA   rate=11.504891481538593 price=$      0.07 providers=0
2026-02-26 17:44:26 | INFO    | 🥩 StakingRewards: 20 أصل | متوسط المكافآت: 6.81%
2026-02-26 17:44:26 | INFO    | ⏱️ StakingRewards timeframe: 90d
2026-02-26 17:44:28 | DEBUG   | 🌐 GET https://www.stakingrewards.com/assets/all?page=0&pageSize=100&timeframe=90d (محاولة 1/3)
2026-02-26 17:44:30 | INFO    | ✅ https://www.stakingrewards.com/assets/all?page=0&pageSize=100&timeframe=90d → 1,348,424 bytes
2026-02-26 17:44:30 | INFO    | 🥩 عثرنا على 20 أصل في RSC payload
2026-02-26 17:44:30 | DEBUG   |   ✅ ETH    rate=    3.26 price=$  2,051.04 providers=0
2026-02-26 17:44:30 | DEBUG   |   ✅ SOL    rate=     6.4 price=$     87.00 providers=0
2026-02-26 17:44:30 | DEBUG   |   ✅ HYPE   rate=2.20560466 price=$     29.18 providers=0
2026-02-26 17:44:30 | DEBUG   |   ✅ TRX    rate=3.2530042783209243 price=$      0.29 providers=0
2026-02-26 17:44:30 | DEBUG   |   ✅ SUI    rate=1.7106302460770888 price=$      0.94 providers=0
2026-02-26 17:44:30 | DEBUG   |   ✅ BTC    rate=0.03787169340009487 price=$ 67,697.00 providers=0
2026-02-26 17:44:30 | DEBUG   |   ✅ AVAX   rate=6.641154039121092 price=$      9.32 providers=0
2026-02-26 17:44:30 | DEBUG   |   ✅ DOT    rate=11.610578580629785 price=$      1.59 providers=0
2026-02-26 17:44:30 | DEBUG   |   ✅ CRO    rate=1.6718414767797654 price=$      0.08 providers=0
2026-02-26 17:44:30 | DEBUG   |   ✅ APT    rate=6.999678000000001 price=$      0.97 providers=0
2026-02-26 17:44:30 | DEBUG   |   ✅ NEAR   rate=4.738324996891519 price=$      1.12 providers=0
2026-02-26 17:44:30 | DEBUG   |   ✅ ATOM   rate=19.459773552837063 price=$      1.91 providers=0
2026-02-26 17:44:30 | DEBUG   |   ✅ IP     rate=    10.0 price=$      1.02 providers=0
2026-02-26 17:44:30 | DEBUG   |   ✅ MATIC  rate=4.724671243121438 price=$      0.00 providers=0
2026-02-26 17:44:30 | DEBUG   |   ✅ MON    rate=15.202766109278262 price=$      0.02 providers=0
2026-02-26 17:44:30 | DEBUG   |   ✅ SEI    rate=6.9964440000318175 price=$      0.07 providers=0
2026-02-26 17:44:30 | DEBUG   |   ✅ XTZ    rate=9.215885170817199 price=$      0.39 providers=0
2026-02-26 17:44:30 | DEBUG   |   ✅ INJ    rate=5.967122810883612 price=$      3.20 providers=0
2026-02-26 17:44:30 | DEBUG   |   ✅ TIA    rate=4.649763513619914 price=$      0.34 providers=0
2026-02-26 17:44:30 | DEBUG   |   ✅ IOTA   rate=11.504891481538593 price=$      0.07 providers=0
2026-02-26 17:44:30 | INFO    | 🥩 StakingRewards: 20 أصل | متوسط المكافآت: 6.81%
2026-02-26 17:44:30 | INFO    | ⏱️ StakingRewards timeframe: 1y
2026-02-26 17:44:32 | DEBUG   | 🌐 GET https://www.stakingrewards.com/assets/all?page=0&pageSize=100&timeframe=1y (محاولة 1/3)
2026-02-26 17:44:34 | INFO    | ✅ https://www.stakingrewards.com/assets/all?page=0&pageSize=100&timeframe=1y → 1,348,419 bytes
2026-02-26 17:44:34 | INFO    | 🥩 عثرنا على 20 أصل في RSC payload
2026-02-26 17:44:34 | DEBUG   |   ✅ ETH    rate=    3.26 price=$  2,051.04 providers=0
2026-02-26 17:44:34 | DEBUG   |   ✅ SOL    rate=     6.4 price=$     87.00 providers=0
2026-02-26 17:44:34 | DEBUG   |   ✅ HYPE   rate=2.20560466 price=$     29.18 providers=0
2026-02-26 17:44:34 | DEBUG   |   ✅ TRX    rate=3.2530042783209243 price=$      0.29 providers=0
2026-02-26 17:44:34 | DEBUG   |   ✅ SUI    rate=1.7106302460770888 price=$      0.94 providers=0
2026-02-26 17:44:34 | DEBUG   |   ✅ BTC    rate=0.03787169340009487 price=$ 67,697.00 providers=0
2026-02-26 17:44:34 | DEBUG   |   ✅ AVAX   rate=6.641154039121092 price=$      9.32 providers=0
2026-02-26 17:44:34 | DEBUG   |   ✅ DOT    rate=11.610578580629785 price=$      1.59 providers=0
2026-02-26 17:44:34 | DEBUG   |   ✅ CRO    rate=1.6718414767797654 price=$      0.08 providers=0
2026-02-26 17:44:34 | DEBUG   |   ✅ APT    rate=6.999678000000001 price=$      0.97 providers=0
2026-02-26 17:44:34 | DEBUG   |   ✅ NEAR   rate=4.738324996891519 price=$      1.12 providers=0
2026-02-26 17:44:34 | DEBUG   |   ✅ ATOM   rate=19.459773552837063 price=$      1.91 providers=0
2026-02-26 17:44:34 | DEBUG   |   ✅ IP     rate=    10.0 price=$      1.02 providers=0
2026-02-26 17:44:34 | DEBUG   |   ✅ MATIC  rate=4.724671243121438 price=$      0.00 providers=0
2026-02-26 17:44:34 | DEBUG   |   ✅ MON    rate=15.202766109278262 price=$      0.02 providers=0
2026-02-26 17:44:34 | DEBUG   |   ✅ SEI    rate=6.9964440000318175 price=$      0.07 providers=0
2026-02-26 17:44:34 | DEBUG   |   ✅ XTZ    rate=9.215885170817199 price=$      0.39 providers=0
2026-02-26 17:44:34 | DEBUG   |   ✅ INJ    rate=5.967122810883612 price=$      3.20 providers=0
2026-02-26 17:44:34 | DEBUG   |   ✅ TIA    rate=4.649763513619914 price=$      0.34 providers=0
2026-02-26 17:44:34 | DEBUG   |   ✅ IOTA   rate=11.504891481538593 price=$      0.07 providers=0
2026-02-26 17:44:34 | INFO    | 🥩 StakingRewards: 20 أصل | متوسط المكافآت: 6.81%
2026-02-26 17:44:34 | INFO    | 🥩 ═══ اكتمل زحف StakingRewards (20.2ث) | assets=20 ═══
2026-02-26 17:44:34 | INFO    | 🪙 بدء إثراء CoinGecko لـ 20 أصل...
2026-02-26 17:44:34 | INFO    | 🪙 CoinGecko: 181 IDs في 1 batch(es)
2026-02-26 17:44:34 | DEBUG   | 📦 Batch 1/1: 181 IDs
2026-02-26 17:44:35 | INFO    | ✅ CoinGecko /coins/markets → 169 coins
2026-02-26 17:44:35 | INFO    | 🪙 CoinGecko: 169 coins fetched
2026-02-26 17:44:35 | INFO    | 🪙 CoinGecko enrichment done: 16/20 assets enriched (0.7s)
2026-02-26 17:44:35 | INFO    | 💾 تم حفظ __stakingrewards__: crawler/data\latest\__stakingrewards__.json
2026-02-26 17:44:35 | SUCCESS | ✅ تم تحديث StakingRewards بنجاح
2026-02-26 17:45:35 | INFO    | ⏳ غير مستحق بعد — التحديث القادم خلال ~1438 دقيقة
2026-02-26 17:46:35 | INFO    | ⏳ غير مستحق بعد — التحديث القادم خلال ~1437 دقيقة
2026-02-26 17:47:35 | INFO    | ⏳ غير مستحق بعد — التحديث القادم خلال ~1436 دقيقة
2026-02-26 17:48:35 | INFO    | ⏳ غير مستحق بعد — التحديث القادم خلال ~1435 دقيقة
2026-02-26 17:49:35 | INFO    | ⏳ غير مستحق بعد — التحديث القادم خلال ~1434 دقيقة
2026-02-26 17:50:35 | INFO    | ⏳ غير مستحق بعد — التحديث القادم خلال ~1433 دقيقة
2026-02-26 17:51:35 | INFO    | ⏳ غير مستحق بعد — التحديث القادم خلال ~1432 دقيقة
2026-02-26 17:52:35 | INFO    | ⏳ غير مستحق بعد — التحديث القادم خلال ~1431 دقيقة
2026-02-26 17:53:35 | INFO    | ⏳ غير مستحق بعد — التحديث القادم خلال ~1430 دقيقة
2026-02-26 17:54:36 | INFO    | ⏳ غير مستحق بعد — التحديث القادم خلال ~1429 دقيقة
2026-02-26 17:55:36 | INFO    | ⏳ غير مستحق بعد — التحديث القادم خلال ~1428 دقيقة
2026-02-26 17:56:36 | INFO    | ⏳ غير مستحق بعد — التحديث القادم خلال ~1427 دقيقة
2026-02-26 17:57:36 | INFO    | ⏳ غير مستحق بعد — التحديث القادم خلال ~1426 دقيقة
2026-02-26 17:58:36 | INFO    | ⏳ غير مستحق بعد — التحديث القادم خلال ~1425 دقيقة
2026-02-26 17:59:36 | INFO    | ⏳ غير مستحق بعد — التحديث القادم خلال ~1424 دقيقة
2026-02-26 18:00:36 | INFO    | ⏳ غير مستحق بعد — التحديث القادم خلال ~1423 دقيقة
2026-02-26 18:01:36 | INFO    | ⏳ غير مستحق بعد — التحديث القادم خلال ~1422 دقيقة
2026-02-26 18:02:36 | INFO    | ⏳ غير مستحق بعد — التحديث القادم خلال ~1421 دقيقة
2026-02-26 18:03:36 | INFO    | ⏳ غير مستحق بعد — التحديث القادم خلال ~1420 دقيقة
2026-02-26 18:04:36 | INFO    | ⏳ غير مستحق بعد — التحديث القادم خلال ~1419 دقيقة
2026-02-26 18:05:36 | INFO    | ⏳ غير مستحق بعد — التحديث القادم خلال ~1418 دقيقة
2026-02-26 18:06:36 | INFO    | ⏳ غير مستحق بعد — التحديث القادم خلال ~1417 دقيقة
2026-02-26 18:07:37 | INFO    | ⏳ غير مستحق بعد — التحديث القادم خلال ~1416 دقيقة
2026-02-26 18:08:37 | INFO    | ⏳ غير مستحق بعد — التحديث القادم خلال ~1415 دقيقة
2026-02-26 18:09:37 | INFO    | ⏳ غير مستحق بعد — التحديث القادم خلال ~1414 دقيقة
2026-02-26 18:10:37 | INFO    | ⏳ غير مستحق بعد — التحديث القادم خلال ~1413 دقيقة
2026-02-26 18:11:37 | INFO    | ⏳ غير مستحق بعد — التحديث القادم خلال ~1412 دقيقة
2026-02-26 18:12:37 | INFO    | ⏳ غير مستحق بعد — التحديث القادم خلال ~1411 دقيقة
2026-02-26 18:13:37 | INFO    | ⏳ غير مستحق بعد — التحديث القادم خلال ~1410 دقيقة
2026-02-26 18:14:37 | INFO    | ⏳ غير مستحق بعد — التحديث القادم خلال ~1409 دقيقة
2026-02-26 18:15:37 | INFO    | ⏳ غير مستحق بعد — التحديث القادم خلال ~1408 دقيقة
2026-02-26 18:16:37 | INFO    | ⏳ غير مستحق بعد — التحديث القادم خلال ~1407 دقيقة
2026-02-26 18:17:37 | INFO    | ⏳ غير مستحق بعد — التحديث القادم خلال ~1406 دقيقة
2026-02-26 18:18:37 | INFO    | ⏳ غير مستحق بعد — التحديث القادم خلال ~1405 دقيقة
2026-02-26 18:19:37 | INFO    | ⏳ غير مستحق بعد — التحديث القادم خلال ~1404 دقيقة
2026-02-26 18:20:38 | INFO    | ⏳ غير مستحق بعد — التحديث القادم خلال ~1403 دقيقة
2026-02-26 18:21:38 | INFO    | ⏳ غير مستحق بعد — التحديث القادم خلال ~1402 دقيقة
2026-02-26 18:22:38 | INFO    | ⏳ غير مستحق بعد — التحديث القادم خلال ~1401 دقيقة
2026-02-26 18:23:38 | INFO    | ⏳ غير مستحق بعد — التحديث القادم خلال ~1400 دقيقة
2026-02-26 18:24:38 | INFO    | ⏳ غير مستحق بعد — التحديث القادم خلال ~1399 دقيقة
2026-02-26 18:25:38 | INFO    | ⏳ غير مستحق بعد — التحديث القادم خلال ~1398 دقيقة
2026-02-26 18:26:38 | INFO    | ⏳ غير مستحق بعد — التحديث القادم خلال ~1397 دقيقة
2026-02-26 18:27:38 | INFO    | ⏳ غير مستحق بعد — التحديث القادم خلال ~1396 دقيقة
2026-02-26 18:28:38 | INFO    | ⏳ غير مستحق بعد — التحديث القادم خلال ~1395 دقيقة
2026-02-26 18:29:38 | INFO    | ⏳ غير مستحق بعد — التحديث القادم خلال ~1394 دقيقة
2026-02-26 18:30:38 | INFO    | ⏳ غير مستحق بعد — التحديث القادم خلال ~1393 دقيقة
2026-02-26 18:31:38 | INFO    | ⏳ غير مستحق بعد — التحديث القادم خلال ~1392 دقيقة
2026-02-26 18:32:39 | INFO    | ⏳ غير مستحق بعد — التحديث القادم خلال ~1391 دقيقة
2026-02-26 18:33:39 | INFO    | ⏳ غير مستحق بعد — التحديث القادم خلال ~1390 دقيقة
2026-02-26 18:34:39 | INFO    | ⏳ غير مستحق بعد — التحديث القادم خلال ~1389 دقيقة
2026-02-26 18:35:39 | INFO    | ⏳ غير مستحق بعد — التحديث القادم خلال ~1388 دقيقة
2026-02-26 18:36:39 | INFO    | ⏳ غير مستحق بعد — التحديث القادم خلال ~1387 دقيقة
2026-02-26 18:37:39 | INFO    | ⏳ غير مستحق بعد — التحديث القادم خلال ~1386 دقيقة
2026-02-26 18:38:39 | INFO    | ⏳ غير مستحق بعد — التحديث القادم خلال ~1385 دقيقة
2026-02-26 18:39:39 | INFO    | ⏳ غير مستحق بعد — التحديث القادم خلال ~1384 دقيقة
2026-02-26 18:40:39 | INFO    | ⏳ غير مستحق بعد — التحديث القادم خلال ~1383 دقيقة
2026-02-26 18:41:39 | INFO    | ⏳ غير مستحق بعد — التحديث القادم خلال ~1382 دقيقة
2026-02-26 18:42:39 | INFO    | ⏳ غير مستحق بعد — التحديث القادم خلال ~1381 دقيقة
2026-02-26 18:43:39 | INFO    | ⏳ غير مستحق بعد — التحديث القادم خلال ~1380 دقيقة
2026-02-26 18:44:40 | INFO    | ⏳ غير مستحق بعد — التحديث القادم خلال ~1379 دقيقة
2026-02-26 18:45:40 | INFO    | ⏳ غير مستحق بعد — التحديث القادم خلال ~1378 دقيقة
2026-02-26 18:46:40 | INFO    | ⏳ غير مستحق بعد — التحديث القادم خلال ~1377 دقيقة
2026-02-26 18:47:40 | INFO    | ⏳ غير مستحق بعد — التحديث القادم خلال ~1376 دقيقة
2026-02-26 18:48:40 | INFO    | ⏳ غير مستحق بعد — التحديث القادم خلال ~1375 دقيقة
2026-02-26 18:49:40 | INFO    | ⏳ غير مستحق بعد — التحديث القادم خلال ~1374 دقيقة
2026-02-26 18:50:40 | INFO    | ⏳ غير مستحق بعد — التحديث القادم خلال ~1373 دقيقة
2026-02-26 18:51:40 | INFO    | ⏳ غير مستحق بعد — التحديث القادم خلال ~1372 دقيقة
2026-02-26 18:52:40 | INFO    | ⏳ غير مستحق بعد — التحديث القادم خلال ~1371 دقيقة
2026-02-26 18:53:40 | INFO    | ⏳ غير مستحق بعد — التحديث القادم خلال ~1370 دقيقة
2026-02-26 18:54:40 | INFO    | ⏳ غير مستحق بعد — التحديث القادم خلال ~1369 دقيقة
2026-02-26 18:55:40 | INFO    | ⏳ غير مستحق بعد — التحديث القادم خلال ~1368 دقيقة
2026-02-26 18:56:40 | INFO    | ⏳ غير مستحق بعد — التحديث القادم خلال ~1367 دقيقة
2026-02-26 18:57:41 | INFO    | ⏳ غير مستحق بعد — التحديث القادم خلال ~1366 دقيقة
2026-02-26 18:58:41 | INFO    | ⏳ غير مستحق بعد — التحديث القادم خلال ~1365 دقيقة
2026-02-26 18:59:41 | INFO    | ⏳ غير مستحق بعد — التحديث القادم خلال ~1364 دقيقة
2026-02-26 19:00:41 | INFO    | ⏳ غير مستحق بعد — التحديث القادم خلال ~1363 دقيقة
2026-02-26 19:01:41 | INFO    | ⏳ غير مستحق بعد — التحديث القادم خلال ~1362 دقيقة
2026-02-26 19:02:41 | INFO    | ⏳ غير مستحق بعد — التحديث القادم خلال ~1361 دقيقة
2026-02-26 19:03:41 | INFO    | ⏳ غير مستحق بعد — التحديث القادم خلال ~1360 دقيقة
2026-02-26 19:04:41 | INFO    | ⏳ غير مستحق بعد — التحديث القادم خلال ~1359 دقيقة
2026-02-26 19:05:41 | INFO    | ⏳ غير مستحق بعد — التحديث القادم خلال ~1358 دقيقة
2026-02-26 19:06:41 | INFO    | ⏳ غير مستحق بعد — التحديث القادم خلال ~1357 دقيقة
2026-02-26 19:07:41 | INFO    | ⏳ غير مستحق بعد — التحديث القادم خلال ~1356 دقيقة
2026-02-26 19:08:42 | INFO    | ⏳ غير مستحق بعد — التحديث القادم خلال ~1355 دقيقة
2026-02-26 19:09:42 | INFO    | ⏳ غير مستحق بعد — التحديث القادم خلال ~1354 دقيقة
2026-02-26 19:10:42 | INFO    | ⏳ غير مستحق بعد — التحديث القادم خلال ~1353 دقيقة
2026-02-26 19:11:42 | INFO    | ⏳ غير مستحق بعد — التحديث القادم خلال ~1352 دقيقة
2026-02-26 19:12:42 | INFO    | ⏳ غير مستحق بعد — التحديث القادم خلال ~1351 دقيقة
2026-02-26 19:13:42 | INFO    | ⏳ غير مستحق بعد — التحديث القادم خلال ~1350 دقيقة
2026-02-26 19:14:42 | INFO    | ⏳ غير مستحق بعد — التحديث القادم خلال ~1349 دقيقة
2026-02-26 19:15:42 | INFO    | ⏳ غير مستحق بعد — التحديث القادم خلال ~1348 دقيقة
2026-02-26 19:16:43 | INFO    | ⏳ غير مستحق بعد — التحديث القادم خلال ~1347 دقيقة
2026-02-26 19:17:43 | INFO    | ⏳ غير مستحق بعد — التحديث القادم خلال ~1346 دقيقة
2026-02-26 19:18:43 | INFO    | ⏳ غير مستحق بعد — التحديث القادم خلال ~1345 دقيقة
2026-02-26 19:19:43 | INFO    | ⏳ غير مستحق بعد — التحديث القادم خلال ~1344 دقيقة
2026-02-26 19:20:43 | INFO    | ⏳ غير مستحق بعد — التحديث القادم خلال ~1343 دقيقة
2026-02-26 19:21:43 | INFO    | ⏳ غير مستحق بعد — التحديث القادم خلال ~1342 دقيقة
2026-02-26 19:22:43 | INFO    | ⏳ غير مستحق بعد — التحديث القادم خلال ~1341 دقيقة
2026-02-26 19:23:43 | INFO    | ⏳ غير مستحق بعد — التحديث القادم خلال ~1340 دقيقة
2026-02-26 19:24:43 | INFO    | ⏳ غير مستحق بعد — التحديث القادم خلال ~1339 دقيقة
