2026-02-25 17:43:54 | INFO    | 🚀 الإنترنت متاح والتحديث مستحق — بدء زحف StakingRewards...
2026-02-25 17:43:54 | INFO    | 🥩 ═══ بدء زحف StakingRewards ═══
2026-02-25 17:43:54 | INFO    | 🥩 ═══ بدء زحف StakingRewards ═══
2026-02-25 17:43:54 | INFO    | ⏱️ StakingRewards timeframe: 24h
2026-02-25 17:43:54 | INFO    | ⏱️ StakingRewards timeframe: 24h
2026-02-25 17:43:56 | DEBUG   | 🌐 GET https://www.stakingrewards.com/assets/all?page=0&pageSize=100&timeframe=24h (محاولة 1/3)
2026-02-25 17:43:56 | DEBUG   | 🌐 GET https://www.stakingrewards.com/assets/all?page=0&pageSize=100&timeframe=24h (محاولة 1/3)
2026-02-25 17:43:59 | INFO    | ✅ https://www.stakingrewards.com/assets/all?page=0&pageSize=100&timeframe=24h → 1,255,414 bytes
2026-02-25 17:43:59 | INFO    | ✅ https://www.stakingrewards.com/assets/all?page=0&pageSize=100&timeframe=24h → 1,255,414 bytes
2026-02-25 17:43:59 | INFO    | 🥩 عثرنا على 19 أصل في RSC payload
2026-02-25 17:43:59 | INFO    | 🥩 عثرنا على 19 أصل في RSC payload
2026-02-25 17:43:59 | DEBUG   |   ✅ ETH    rate=    3.26 price=$  1,996.52 providers=0
2026-02-25 17:43:59 | DEBUG   |   ✅ ETH    rate=    3.26 price=$  1,996.52 providers=0
2026-02-25 17:43:59 | DEBUG   |   ✅ SOL    rate=     6.4 price=$     85.49 providers=0
2026-02-25 17:43:59 | DEBUG   |   ✅ SOL    rate=     6.4 price=$     85.49 providers=0
2026-02-25 17:43:59 | DEBUG   |   ✅ TRX    rate=3.253357835439335 price=$      0.29 providers=0
2026-02-25 17:43:59 | DEBUG   |   ✅ TRX    rate=3.253357835439335 price=$      0.29 providers=0
2026-02-25 17:43:59 | DEBUG   |   ✅ HYPE   rate=2.20537663 price=$     28.31 providers=0
2026-02-25 17:43:59 | DEBUG   |   ✅ HYPE   rate=2.20537663 price=$     28.31 providers=0
2026-02-25 17:43:59 | DEBUG   |   ✅ SUI    rate=1.7119138269475715 price=$      0.94 providers=0
2026-02-25 17:43:59 | DEBUG   |   ✅ SUI    rate=1.7119138269475715 price=$      0.94 providers=0
2026-02-25 17:43:59 | DEBUG   |   ✅ BTC    rate=0.038620526828168134 price=$ 66,952.00 providers=0
2026-02-25 17:43:59 | DEBUG   |   ✅ BTC    rate=0.038620526828168134 price=$ 66,952.00 providers=0
2026-02-25 17:43:59 | DEBUG   |   ✅ AVAX   rate=6.641154039121092 price=$      9.46 providers=0
2026-02-25 17:43:59 | DEBUG   |   ✅ AVAX   rate=6.641154039121092 price=$      9.46 providers=0
2026-02-25 17:43:59 | DEBUG   |   ✅ DOT    rate=11.59066585496795 price=$      1.49 providers=0
2026-02-25 17:43:59 | DEBUG   |   ✅ DOT    rate=11.59066585496795 price=$      1.49 providers=0
2026-02-25 17:43:59 | DEBUG   |   ✅ CRO    rate=1.6727508620721216 price=$      0.08 providers=0
2026-02-25 17:43:59 | DEBUG   |   ✅ CRO    rate=1.6727508620721216 price=$      0.08 providers=0
2026-02-25 17:43:59 | DEBUG   |   ✅ APT    rate=6.999678000000001 price=$      0.92 providers=0
2026-02-25 17:43:59 | DEBUG   |   ✅ APT    rate=6.999678000000001 price=$      0.92 providers=0
2026-02-25 17:43:59 | DEBUG   |   ✅ NEAR   rate=4.733453925883263 price=$      1.09 providers=0
2026-02-25 17:43:59 | DEBUG   |   ✅ NEAR   rate=4.733453925883263 price=$      1.09 providers=0
2026-02-25 17:43:59 | DEBUG   |   ✅ ATOM   rate=19.48431269663412 price=$      2.09 providers=0
2026-02-25 17:43:59 | DEBUG   |   ✅ ATOM   rate=19.48431269663412 price=$      2.09 providers=0
2026-02-25 17:43:59 | DEBUG   |   ✅ IP     rate=    9.98 price=$      1.03 providers=0
2026-02-25 17:43:59 | DEBUG   |   ✅ IP     rate=    9.98 price=$      1.03 providers=0
2026-02-25 17:43:59 | DEBUG   |   ✅ MATIC  rate=4.724671243121438 price=$      0.00 providers=0
2026-02-25 17:43:59 | DEBUG   |   ✅ MATIC  rate=4.724671243121438 price=$      0.00 providers=0
2026-02-25 17:43:59 | DEBUG   |   ✅ MON    rate=15.349502185236668 price=$      0.02 providers=0
2026-02-25 17:43:59 | DEBUG   |   ✅ MON    rate=15.349502185236668 price=$      0.02 providers=0
2026-02-25 17:43:59 | DEBUG   |   ✅ XTZ    rate=8.897723510168234 price=$      0.39 providers=0
2026-02-25 17:43:59 | DEBUG   |   ✅ XTZ    rate=8.897723510168234 price=$      0.39 providers=0
2026-02-25 17:43:59 | DEBUG   |   ✅ SEI    rate=6.997281490525173 price=$      0.07 providers=0
2026-02-25 17:43:59 | DEBUG   |   ✅ SEI    rate=6.997281490525173 price=$      0.07 providers=0
2026-02-25 17:43:59 | DEBUG   |   ✅ INJ    rate=5.970997559243911 price=$      3.28 providers=0
2026-02-25 17:43:59 | DEBUG   |   ✅ INJ    rate=5.970997559243911 price=$      3.28 providers=0
2026-02-25 17:43:59 | DEBUG   |   ✅ TIA    rate=4.659865351659528 price=$      0.34 providers=0
2026-02-25 17:43:59 | DEBUG   |   ✅ TIA    rate=4.659865351659528 price=$      0.34 providers=0
2026-02-25 17:43:59 | INFO    | 🥩 StakingRewards: 19 أصل | متوسط المكافآت: 6.56%
2026-02-25 17:43:59 | INFO    | 🥩 StakingRewards: 19 أصل | متوسط المكافآت: 6.56%
2026-02-25 17:43:59 | INFO    | ⏱️ StakingRewards timeframe: 7d
2026-02-25 17:43:59 | INFO    | ⏱️ StakingRewards timeframe: 7d
2026-02-25 17:44:01 | DEBUG   | 🌐 GET https://www.stakingrewards.com/assets/all?page=0&pageSize=100&timeframe=7d (محاولة 1/3)
2026-02-25 17:44:01 | DEBUG   | 🌐 GET https://www.stakingrewards.com/assets/all?page=0&pageSize=100&timeframe=7d (محاولة 1/3)
2026-02-25 17:44:03 | INFO    | ✅ https://www.stakingrewards.com/assets/all?page=0&pageSize=100&timeframe=7d → 1,255,409 bytes
2026-02-25 17:44:03 | INFO    | ✅ https://www.stakingrewards.com/assets/all?page=0&pageSize=100&timeframe=7d → 1,255,409 bytes
2026-02-25 17:44:03 | INFO    | 🥩 عثرنا على 19 أصل في RSC payload
2026-02-25 17:44:03 | INFO    | 🥩 عثرنا على 19 أصل في RSC payload
2026-02-25 17:44:03 | DEBUG   |   ✅ ETH    rate=    3.26 price=$  1,996.52 providers=0
2026-02-25 17:44:03 | DEBUG   |   ✅ ETH    rate=    3.26 price=$  1,996.52 providers=0
2026-02-25 17:44:03 | DEBUG   |   ✅ SOL    rate=     6.4 price=$     85.49 providers=0
2026-02-25 17:44:03 | DEBUG   |   ✅ SOL    rate=     6.4 price=$     85.49 providers=0
2026-02-25 17:44:03 | DEBUG   |   ✅ TRX    rate=3.253357835439335 price=$      0.29 providers=0
2026-02-25 17:44:03 | DEBUG   |   ✅ TRX    rate=3.253357835439335 price=$      0.29 providers=0
2026-02-25 17:44:03 | DEBUG   |   ✅ HYPE   rate=2.20537663 price=$     28.31 providers=0
2026-02-25 17:44:03 | DEBUG   |   ✅ HYPE   rate=2.20537663 price=$     28.31 providers=0
2026-02-25 17:44:03 | DEBUG   |   ✅ SUI    rate=1.7119138269475715 price=$      0.94 providers=0
2026-02-25 17:44:03 | DEBUG   |   ✅ SUI    rate=1.7119138269475715 price=$      0.94 providers=0
2026-02-25 17:44:03 | DEBUG   |   ✅ BTC    rate=0.038620526828168134 price=$ 66,952.00 providers=0
2026-02-25 17:44:03 | DEBUG   |   ✅ BTC    rate=0.038620526828168134 price=$ 66,952.00 providers=0
2026-02-25 17:44:03 | DEBUG   |   ✅ AVAX   rate=6.641154039121092 price=$      9.46 providers=0
2026-02-25 17:44:03 | DEBUG   |   ✅ AVAX   rate=6.641154039121092 price=$      9.46 providers=0
2026-02-25 17:44:03 | DEBUG   |   ✅ DOT    rate=11.59066585496795 price=$      1.49 providers=0
2026-02-25 17:44:03 | DEBUG   |   ✅ DOT    rate=11.59066585496795 price=$      1.49 providers=0
2026-02-25 17:44:03 | DEBUG   |   ✅ CRO    rate=1.6727508620721216 price=$      0.08 providers=0
2026-02-25 17:44:03 | DEBUG   |   ✅ CRO    rate=1.6727508620721216 price=$      0.08 providers=0
2026-02-25 17:44:03 | DEBUG   |   ✅ APT    rate=6.999678000000001 price=$      0.92 providers=0
2026-02-25 17:44:03 | DEBUG   |   ✅ APT    rate=6.999678000000001 price=$      0.92 providers=0
2026-02-25 17:44:03 | DEBUG   |   ✅ NEAR   rate=4.733453925883263 price=$      1.09 providers=0
2026-02-25 17:44:03 | DEBUG   |   ✅ NEAR   rate=4.733453925883263 price=$      1.09 providers=0
2026-02-25 17:44:03 | DEBUG   |   ✅ ATOM   rate=19.48431269663412 price=$      2.09 providers=0
2026-02-25 17:44:03 | DEBUG   |   ✅ ATOM   rate=19.48431269663412 price=$      2.09 providers=0
2026-02-25 17:44:03 | DEBUG   |   ✅ IP     rate=    9.98 price=$      1.03 providers=0
2026-02-25 17:44:03 | DEBUG   |   ✅ IP     rate=    9.98 price=$      1.03 providers=0
2026-02-25 17:44:03 | DEBUG   |   ✅ MATIC  rate=4.724671243121438 price=$      0.00 providers=0
2026-02-25 17:44:03 | DEBUG   |   ✅ MATIC  rate=4.724671243121438 price=$      0.00 providers=0
2026-02-25 17:44:03 | DEBUG   |   ✅ MON    rate=15.349502185236668 price=$      0.02 providers=0
2026-02-25 17:44:03 | DEBUG   |   ✅ MON    rate=15.349502185236668 price=$      0.02 providers=0
2026-02-25 17:44:03 | DEBUG   |   ✅ XTZ    rate=8.897723510168234 price=$      0.39 providers=0
2026-02-25 17:44:03 | DEBUG   |   ✅ XTZ    rate=8.897723510168234 price=$      0.39 providers=0
2026-02-25 17:44:03 | DEBUG   |   ✅ SEI    rate=6.997281490525173 price=$      0.07 providers=0
2026-02-25 17:44:03 | DEBUG   |   ✅ SEI    rate=6.997281490525173 price=$      0.07 providers=0
2026-02-25 17:44:03 | DEBUG   |   ✅ INJ    rate=5.970997559243911 price=$      3.28 providers=0
2026-02-25 17:44:03 | DEBUG   |   ✅ INJ    rate=5.970997559243911 price=$      3.28 providers=0
2026-02-25 17:44:03 | DEBUG   |   ✅ TIA    rate=4.659865351659528 price=$      0.34 providers=0
2026-02-25 17:44:03 | DEBUG   |   ✅ TIA    rate=4.659865351659528 price=$      0.34 providers=0
2026-02-25 17:44:03 | INFO    | 🥩 StakingRewards: 19 أصل | متوسط المكافآت: 6.56%
2026-02-25 17:44:03 | INFO    | 🥩 StakingRewards: 19 أصل | متوسط المكافآت: 6.56%
2026-02-25 17:44:03 | INFO    | ⏱️ StakingRewards timeframe: 30d
2026-02-25 17:44:03 | INFO    | ⏱️ StakingRewards timeframe: 30d
2026-02-25 17:44:05 | DEBUG   | 🌐 GET https://www.stakingrewards.com/assets/all?page=0&pageSize=100&timeframe=30d (محاولة 1/3)
2026-02-25 17:44:05 | DEBUG   | 🌐 GET https://www.stakingrewards.com/assets/all?page=0&pageSize=100&timeframe=30d (محاولة 1/3)
2026-02-25 17:44:07 | INFO    | ✅ https://www.stakingrewards.com/assets/all?page=0&pageSize=100&timeframe=30d → 1,255,414 bytes
2026-02-25 17:44:07 | INFO    | ✅ https://www.stakingrewards.com/assets/all?page=0&pageSize=100&timeframe=30d → 1,255,414 bytes
2026-02-25 17:44:07 | INFO    | 🥩 عثرنا على 19 أصل في RSC payload
2026-02-25 17:44:07 | INFO    | 🥩 عثرنا على 19 أصل في RSC payload
2026-02-25 17:44:07 | DEBUG   |   ✅ ETH    rate=    3.26 price=$  1,996.52 providers=0
2026-02-25 17:44:07 | DEBUG   |   ✅ ETH    rate=    3.26 price=$  1,996.52 providers=0
2026-02-25 17:44:07 | DEBUG   |   ✅ SOL    rate=     6.4 price=$     85.49 providers=0
2026-02-25 17:44:07 | DEBUG   |   ✅ SOL    rate=     6.4 price=$     85.49 providers=0
2026-02-25 17:44:07 | DEBUG   |   ✅ TRX    rate=3.253357835439335 price=$      0.29 providers=0
2026-02-25 17:44:07 | DEBUG   |   ✅ TRX    rate=3.253357835439335 price=$      0.29 providers=0
2026-02-25 17:44:07 | DEBUG   |   ✅ HYPE   rate=2.20537663 price=$     28.31 providers=0
2026-02-25 17:44:07 | DEBUG   |   ✅ HYPE   rate=2.20537663 price=$     28.31 providers=0
2026-02-25 17:44:07 | DEBUG   |   ✅ SUI    rate=1.7119138269475715 price=$      0.94 providers=0
2026-02-25 17:44:07 | DEBUG   |   ✅ SUI    rate=1.7119138269475715 price=$      0.94 providers=0
2026-02-25 17:44:07 | DEBUG   |   ✅ BTC    rate=0.038620526828168134 price=$ 66,952.00 providers=0
2026-02-25 17:44:07 | DEBUG   |   ✅ BTC    rate=0.038620526828168134 price=$ 66,952.00 providers=0
2026-02-25 17:44:07 | DEBUG   |   ✅ AVAX   rate=6.641154039121092 price=$      9.46 providers=0
2026-02-25 17:44:07 | DEBUG   |   ✅ AVAX   rate=6.641154039121092 price=$      9.46 providers=0
2026-02-25 17:44:07 | DEBUG   |   ✅ DOT    rate=11.59066585496795 price=$      1.49 providers=0
2026-02-25 17:44:07 | DEBUG   |   ✅ DOT    rate=11.59066585496795 price=$      1.49 providers=0
2026-02-25 17:44:07 | DEBUG   |   ✅ CRO    rate=1.6727508620721216 price=$      0.08 providers=0
2026-02-25 17:44:07 | DEBUG   |   ✅ CRO    rate=1.6727508620721216 price=$      0.08 providers=0
2026-02-25 17:44:07 | DEBUG   |   ✅ APT    rate=6.999678000000001 price=$      0.92 providers=0
2026-02-25 17:44:07 | DEBUG   |   ✅ APT    rate=6.999678000000001 price=$      0.92 providers=0
2026-02-25 17:44:07 | DEBUG   |   ✅ NEAR   rate=4.733453925883263 price=$      1.09 providers=0
2026-02-25 17:44:07 | DEBUG   |   ✅ NEAR   rate=4.733453925883263 price=$      1.09 providers=0
2026-02-25 17:44:07 | DEBUG   |   ✅ ATOM   rate=19.48431269663412 price=$      2.09 providers=0
2026-02-25 17:44:07 | DEBUG   |   ✅ ATOM   rate=19.48431269663412 price=$      2.09 providers=0
2026-02-25 17:44:07 | DEBUG   |   ✅ IP     rate=    9.98 price=$      1.03 providers=0
2026-02-25 17:44:07 | DEBUG   |   ✅ IP     rate=    9.98 price=$      1.03 providers=0
2026-02-25 17:44:07 | DEBUG   |   ✅ MATIC  rate=4.724671243121438 price=$      0.00 providers=0
2026-02-25 17:44:07 | DEBUG   |   ✅ MATIC  rate=4.724671243121438 price=$      0.00 providers=0
2026-02-25 17:44:07 | DEBUG   |   ✅ MON    rate=15.349502185236668 price=$      0.02 providers=0
2026-02-25 17:44:07 | DEBUG   |   ✅ MON    rate=15.349502185236668 price=$      0.02 providers=0
2026-02-25 17:44:07 | DEBUG   |   ✅ XTZ    rate=8.897723510168234 price=$      0.39 providers=0
2026-02-25 17:44:07 | DEBUG   |   ✅ XTZ    rate=8.897723510168234 price=$      0.39 providers=0
2026-02-25 17:44:07 | DEBUG   |   ✅ SEI    rate=6.997281490525173 price=$      0.07 providers=0
2026-02-25 17:44:07 | DEBUG   |   ✅ SEI    rate=6.997281490525173 price=$      0.07 providers=0
2026-02-25 17:44:07 | DEBUG   |   ✅ INJ    rate=5.970997559243911 price=$      3.28 providers=0
2026-02-25 17:44:07 | DEBUG   |   ✅ INJ    rate=5.970997559243911 price=$      3.28 providers=0
2026-02-25 17:44:07 | DEBUG   |   ✅ TIA    rate=4.659865351659528 price=$      0.34 providers=0
2026-02-25 17:44:07 | DEBUG   |   ✅ TIA    rate=4.659865351659528 price=$      0.34 providers=0
2026-02-25 17:44:07 | INFO    | 🥩 StakingRewards: 19 أصل | متوسط المكافآت: 6.56%
2026-02-25 17:44:07 | INFO    | 🥩 StakingRewards: 19 أصل | متوسط المكافآت: 6.56%
2026-02-25 17:44:07 | INFO    | ⏱️ StakingRewards timeframe: 90d
2026-02-25 17:44:07 | INFO    | ⏱️ StakingRewards timeframe: 90d
2026-02-25 17:44:09 | DEBUG   | 🌐 GET https://www.stakingrewards.com/assets/all?page=0&pageSize=100&timeframe=90d (محاولة 1/3)
2026-02-25 17:44:09 | DEBUG   | 🌐 GET https://www.stakingrewards.com/assets/all?page=0&pageSize=100&timeframe=90d (محاولة 1/3)
2026-02-25 17:44:11 | INFO    | ✅ https://www.stakingrewards.com/assets/all?page=0&pageSize=100&timeframe=90d → 1,255,414 bytes
2026-02-25 17:44:11 | INFO    | ✅ https://www.stakingrewards.com/assets/all?page=0&pageSize=100&timeframe=90d → 1,255,414 bytes
2026-02-25 17:44:11 | INFO    | 🥩 عثرنا على 19 أصل في RSC payload
2026-02-25 17:44:11 | INFO    | 🥩 عثرنا على 19 أصل في RSC payload
2026-02-25 17:44:11 | DEBUG   |   ✅ ETH    rate=    3.26 price=$  1,996.52 providers=0
2026-02-25 17:44:11 | DEBUG   |   ✅ ETH    rate=    3.26 price=$  1,996.52 providers=0
2026-02-25 17:44:11 | DEBUG   |   ✅ SOL    rate=     6.4 price=$     85.49 providers=0
2026-02-25 17:44:11 | DEBUG   |   ✅ SOL    rate=     6.4 price=$     85.49 providers=0
2026-02-25 17:44:11 | DEBUG   |   ✅ TRX    rate=3.253357835439335 price=$      0.29 providers=0
2026-02-25 17:44:11 | DEBUG   |   ✅ TRX    rate=3.253357835439335 price=$      0.29 providers=0
2026-02-25 17:44:11 | DEBUG   |   ✅ HYPE   rate=2.20537663 price=$     28.31 providers=0
2026-02-25 17:44:11 | DEBUG   |   ✅ HYPE   rate=2.20537663 price=$     28.31 providers=0
2026-02-25 17:44:11 | DEBUG   |   ✅ SUI    rate=1.7119138269475715 price=$      0.94 providers=0
2026-02-25 17:44:11 | DEBUG   |   ✅ SUI    rate=1.7119138269475715 price=$      0.94 providers=0
2026-02-25 17:44:11 | DEBUG   |   ✅ BTC    rate=0.038620526828168134 price=$ 66,952.00 providers=0
2026-02-25 17:44:11 | DEBUG   |   ✅ BTC    rate=0.038620526828168134 price=$ 66,952.00 providers=0
2026-02-25 17:44:11 | DEBUG   |   ✅ AVAX   rate=6.641154039121092 price=$      9.46 providers=0
2026-02-25 17:44:11 | DEBUG   |   ✅ AVAX   rate=6.641154039121092 price=$      9.46 providers=0
2026-02-25 17:44:11 | DEBUG   |   ✅ DOT    rate=11.59066585496795 price=$      1.49 providers=0
2026-02-25 17:44:11 | DEBUG   |   ✅ DOT    rate=11.59066585496795 price=$      1.49 providers=0
2026-02-25 17:44:11 | DEBUG   |   ✅ CRO    rate=1.6727508620721216 price=$      0.08 providers=0
2026-02-25 17:44:11 | DEBUG   |   ✅ CRO    rate=1.6727508620721216 price=$      0.08 providers=0
2026-02-25 17:44:11 | DEBUG   |   ✅ APT    rate=6.999678000000001 price=$      0.92 providers=0
2026-02-25 17:44:11 | DEBUG   |   ✅ APT    rate=6.999678000000001 price=$      0.92 providers=0
2026-02-25 17:44:11 | DEBUG   |   ✅ NEAR   rate=4.733453925883263 price=$      1.09 providers=0
2026-02-25 17:44:11 | DEBUG   |   ✅ NEAR   rate=4.733453925883263 price=$      1.09 providers=0
2026-02-25 17:44:11 | DEBUG   |   ✅ ATOM   rate=19.48431269663412 price=$      2.09 providers=0
2026-02-25 17:44:11 | DEBUG   |   ✅ ATOM   rate=19.48431269663412 price=$      2.09 providers=0
2026-02-25 17:44:11 | DEBUG   |   ✅ IP     rate=    9.98 price=$      1.03 providers=0
2026-02-25 17:44:11 | DEBUG   |   ✅ IP     rate=    9.98 price=$      1.03 providers=0
2026-02-25 17:44:11 | DEBUG   |   ✅ MATIC  rate=4.724671243121438 price=$      0.00 providers=0
2026-02-25 17:44:11 | DEBUG   |   ✅ MATIC  rate=4.724671243121438 price=$      0.00 providers=0
2026-02-25 17:44:11 | DEBUG   |   ✅ MON    rate=15.349502185236668 price=$      0.02 providers=0
2026-02-25 17:44:11 | DEBUG   |   ✅ MON    rate=15.349502185236668 price=$      0.02 providers=0
2026-02-25 17:44:11 | DEBUG   |   ✅ XTZ    rate=8.897723510168234 price=$      0.39 providers=0
2026-02-25 17:44:11 | DEBUG   |   ✅ XTZ    rate=8.897723510168234 price=$      0.39 providers=0
2026-02-25 17:44:11 | DEBUG   |   ✅ SEI    rate=6.997281490525173 price=$      0.07 providers=0
2026-02-25 17:44:11 | DEBUG   |   ✅ SEI    rate=6.997281490525173 price=$      0.07 providers=0
2026-02-25 17:44:11 | DEBUG   |   ✅ INJ    rate=5.970997559243911 price=$      3.28 providers=0
2026-02-25 17:44:11 | DEBUG   |   ✅ INJ    rate=5.970997559243911 price=$      3.28 providers=0
2026-02-25 17:44:11 | DEBUG   |   ✅ TIA    rate=4.659865351659528 price=$      0.34 providers=0
2026-02-25 17:44:11 | DEBUG   |   ✅ TIA    rate=4.659865351659528 price=$      0.34 providers=0
2026-02-25 17:44:11 | INFO    | 🥩 StakingRewards: 19 أصل | متوسط المكافآت: 6.56%
2026-02-25 17:44:11 | INFO    | 🥩 StakingRewards: 19 أصل | متوسط المكافآت: 6.56%
2026-02-25 17:44:11 | INFO    | ⏱️ StakingRewards timeframe: 1y
2026-02-25 17:44:11 | INFO    | ⏱️ StakingRewards timeframe: 1y
2026-02-25 17:44:13 | DEBUG   | 🌐 GET https://www.stakingrewards.com/assets/all?page=0&pageSize=100&timeframe=1y (محاولة 1/3)
2026-02-25 17:44:13 | DEBUG   | 🌐 GET https://www.stakingrewards.com/assets/all?page=0&pageSize=100&timeframe=1y (محاولة 1/3)
2026-02-25 17:44:15 | INFO    | ✅ https://www.stakingrewards.com/assets/all?page=0&pageSize=100&timeframe=1y → 1,255,409 bytes
2026-02-25 17:44:15 | INFO    | ✅ https://www.stakingrewards.com/assets/all?page=0&pageSize=100&timeframe=1y → 1,255,409 bytes
2026-02-25 17:44:15 | INFO    | 🥩 عثرنا على 19 أصل في RSC payload
2026-02-25 17:44:15 | INFO    | 🥩 عثرنا على 19 أصل في RSC payload
2026-02-25 17:44:15 | DEBUG   |   ✅ ETH    rate=    3.26 price=$  1,996.52 providers=0
2026-02-25 17:44:15 | DEBUG   |   ✅ ETH    rate=    3.26 price=$  1,996.52 providers=0
2026-02-25 17:44:15 | DEBUG   |   ✅ SOL    rate=     6.4 price=$     85.49 providers=0
2026-02-25 17:44:15 | DEBUG   |   ✅ SOL    rate=     6.4 price=$     85.49 providers=0
2026-02-25 17:44:15 | DEBUG   |   ✅ TRX    rate=3.253357835439335 price=$      0.29 providers=0
2026-02-25 17:44:15 | DEBUG   |   ✅ TRX    rate=3.253357835439335 price=$      0.29 providers=0
2026-02-25 17:44:15 | DEBUG   |   ✅ HYPE   rate=2.20537663 price=$     28.31 providers=0
2026-02-25 17:44:15 | DEBUG   |   ✅ HYPE   rate=2.20537663 price=$     28.31 providers=0
2026-02-25 17:44:15 | DEBUG   |   ✅ SUI    rate=1.7119138269475715 price=$      0.94 providers=0
2026-02-25 17:44:15 | DEBUG   |   ✅ SUI    rate=1.7119138269475715 price=$      0.94 providers=0
2026-02-25 17:44:15 | DEBUG   |   ✅ BTC    rate=0.038620526828168134 price=$ 66,952.00 providers=0
2026-02-25 17:44:15 | DEBUG   |   ✅ BTC    rate=0.038620526828168134 price=$ 66,952.00 providers=0
2026-02-25 17:44:15 | DEBUG   |   ✅ AVAX   rate=6.641154039121092 price=$      9.46 providers=0
2026-02-25 17:44:15 | DEBUG   |   ✅ AVAX   rate=6.641154039121092 price=$      9.46 providers=0
2026-02-25 17:44:15 | DEBUG   |   ✅ DOT    rate=11.59066585496795 price=$      1.49 providers=0
2026-02-25 17:44:15 | DEBUG   |   ✅ DOT    rate=11.59066585496795 price=$      1.49 providers=0
2026-02-25 17:44:15 | DEBUG   |   ✅ CRO    rate=1.6727508620721216 price=$      0.08 providers=0
2026-02-25 17:44:15 | DEBUG   |   ✅ CRO    rate=1.6727508620721216 price=$      0.08 providers=0
2026-02-25 17:44:15 | DEBUG   |   ✅ APT    rate=6.999678000000001 price=$      0.92 providers=0
2026-02-25 17:44:15 | DEBUG   |   ✅ APT    rate=6.999678000000001 price=$      0.92 providers=0
2026-02-25 17:44:15 | DEBUG   |   ✅ NEAR   rate=4.733453925883263 price=$      1.09 providers=0
2026-02-25 17:44:15 | DEBUG   |   ✅ NEAR   rate=4.733453925883263 price=$      1.09 providers=0
2026-02-25 17:44:15 | DEBUG   |   ✅ ATOM   rate=19.48431269663412 price=$      2.09 providers=0
2026-02-25 17:44:15 | DEBUG   |   ✅ ATOM   rate=19.48431269663412 price=$      2.09 providers=0
2026-02-25 17:44:15 | DEBUG   |   ✅ IP     rate=    9.98 price=$      1.03 providers=0
2026-02-25 17:44:15 | DEBUG   |   ✅ IP     rate=    9.98 price=$      1.03 providers=0
2026-02-25 17:44:15 | DEBUG   |   ✅ MATIC  rate=4.724671243121438 price=$      0.00 providers=0
2026-02-25 17:44:15 | DEBUG   |   ✅ MATIC  rate=4.724671243121438 price=$      0.00 providers=0
2026-02-25 17:44:15 | DEBUG   |   ✅ MON    rate=15.349502185236668 price=$      0.02 providers=0
2026-02-25 17:44:15 | DEBUG   |   ✅ MON    rate=15.349502185236668 price=$      0.02 providers=0
2026-02-25 17:44:15 | DEBUG   |   ✅ XTZ    rate=8.897723510168234 price=$      0.39 providers=0
2026-02-25 17:44:15 | DEBUG   |   ✅ XTZ    rate=8.897723510168234 price=$      0.39 providers=0
2026-02-25 17:44:15 | DEBUG   |   ✅ SEI    rate=6.997281490525173 price=$      0.07 providers=0
2026-02-25 17:44:15 | DEBUG   |   ✅ SEI    rate=6.997281490525173 price=$      0.07 providers=0
2026-02-25 17:44:15 | DEBUG   |   ✅ INJ    rate=5.970997559243911 price=$      3.28 providers=0
2026-02-25 17:44:15 | DEBUG   |   ✅ INJ    rate=5.970997559243911 price=$      3.28 providers=0
2026-02-25 17:44:15 | DEBUG   |   ✅ TIA    rate=4.659865351659528 price=$      0.34 providers=0
2026-02-25 17:44:15 | DEBUG   |   ✅ TIA    rate=4.659865351659528 price=$      0.34 providers=0
2026-02-25 17:44:15 | INFO    | 🥩 StakingRewards: 19 أصل | متوسط المكافآت: 6.56%
2026-02-25 17:44:15 | INFO    | 🥩 StakingRewards: 19 أصل | متوسط المكافآت: 6.56%
2026-02-25 17:44:15 | INFO    | 🥩 ═══ اكتمل زحف StakingRewards (21.1ث) | assets=19 ═══
2026-02-25 17:44:15 | INFO    | 🥩 ═══ اكتمل زحف StakingRewards (21.1ث) | assets=19 ═══
2026-02-25 17:44:15 | INFO    | 🪙 بدء إثراء CoinGecko لـ 19 أصل...
2026-02-25 17:44:15 | INFO    | 🪙 بدء إثراء CoinGecko لـ 19 أصل...
2026-02-25 17:44:15 | INFO    | 🪙 CoinGecko: 181 IDs في 1 batch(es)
2026-02-25 17:44:15 | INFO    | 🪙 CoinGecko: 181 IDs في 1 batch(es)
2026-02-25 17:44:15 | DEBUG   | 📦 Batch 1/1: 181 IDs
2026-02-25 17:44:15 | DEBUG   | 📦 Batch 1/1: 181 IDs
2026-02-25 17:44:16 | INFO    | ✅ CoinGecko /coins/markets → 169 coins
2026-02-25 17:44:16 | INFO    | ✅ CoinGecko /coins/markets → 169 coins
2026-02-25 17:44:16 | INFO    | 🪙 CoinGecko: 169 coins fetched
2026-02-25 17:44:16 | INFO    | 🪙 CoinGecko: 169 coins fetched
2026-02-25 17:44:16 | INFO    | 🪙 CoinGecko enrichment done: 15/19 assets enriched (0.7s)
2026-02-25 17:44:16 | INFO    | 🪙 CoinGecko enrichment done: 15/19 assets enriched (0.7s)
2026-02-25 17:44:16 | INFO    | 💾 تم حفظ __stakingrewards__: crawler/data\latest\__stakingrewards__.json
2026-02-25 17:44:16 | INFO    | 💾 تم حفظ __stakingrewards__: crawler/data\latest\__stakingrewards__.json
2026-02-25 17:44:16 | SUCCESS | ✅ تم تحديث StakingRewards بنجاح
2026-02-25 17:44:16 | SUCCESS | ✅ تم تحديث StakingRewards بنجاح
2026-02-25 17:45:16 | INFO    | ⏳ غير مستحق بعد — التحديث القادم خلال ~1438 دقيقة
2026-02-25 17:45:16 | INFO    | ⏳ غير مستحق بعد — التحديث القادم خلال ~1438 دقيقة
2026-02-25 17:46:16 | INFO    | ⏳ غير مستحق بعد — التحديث القادم خلال ~1437 دقيقة
2026-02-25 17:46:16 | INFO    | ⏳ غير مستحق بعد — التحديث القادم خلال ~1437 دقيقة
2026-02-25 17:47:16 | INFO    | ⏳ غير مستحق بعد — التحديث القادم خلال ~1436 دقيقة
2026-02-25 17:47:16 | INFO    | ⏳ غير مستحق بعد — التحديث القادم خلال ~1436 دقيقة
2026-02-25 17:48:16 | INFO    | ⏳ غير مستحق بعد — التحديث القادم خلال ~1435 دقيقة
2026-02-25 17:48:16 | INFO    | ⏳ غير مستحق بعد — التحديث القادم خلال ~1435 دقيقة
2026-02-25 17:49:16 | INFO    | ⏳ غير مستحق بعد — التحديث القادم خلال ~1434 دقيقة
2026-02-25 17:49:16 | INFO    | ⏳ غير مستحق بعد — التحديث القادم خلال ~1434 دقيقة
2026-02-25 17:50:17 | INFO    | ⏳ غير مستحق بعد — التحديث القادم خلال ~1433 دقيقة
2026-02-25 17:50:17 | INFO    | ⏳ غير مستحق بعد — التحديث القادم خلال ~1433 دقيقة
2026-02-25 17:51:17 | INFO    | ⏳ غير مستحق بعد — التحديث القادم خلال ~1432 دقيقة
2026-02-25 17:51:17 | INFO    | ⏳ غير مستحق بعد — التحديث القادم خلال ~1432 دقيقة
2026-02-25 17:52:17 | INFO    | ⏳ غير مستحق بعد — التحديث القادم خلال ~1431 دقيقة
2026-02-25 17:52:17 | INFO    | ⏳ غير مستحق بعد — التحديث القادم خلال ~1431 دقيقة
2026-02-25 17:53:17 | INFO    | ⏳ غير مستحق بعد — التحديث القادم خلال ~1430 دقيقة
2026-02-25 17:53:17 | INFO    | ⏳ غير مستحق بعد — التحديث القادم خلال ~1430 دقيقة
2026-02-25 17:54:17 | INFO    | ⏳ غير مستحق بعد — التحديث القادم خلال ~1429 دقيقة
2026-02-25 17:54:17 | INFO    | ⏳ غير مستحق بعد — التحديث القادم خلال ~1429 دقيقة
2026-02-25 17:55:17 | INFO    | ⏳ غير مستحق بعد — التحديث القادم خلال ~1428 دقيقة
2026-02-25 17:55:17 | INFO    | ⏳ غير مستحق بعد — التحديث القادم خلال ~1428 دقيقة
2026-02-25 17:56:17 | INFO    | ⏳ غير مستحق بعد — التحديث القادم خلال ~1427 دقيقة
2026-02-25 17:56:17 | INFO    | ⏳ غير مستحق بعد — التحديث القادم خلال ~1427 دقيقة
2026-02-25 17:57:17 | INFO    | ⏳ غير مستحق بعد — التحديث القادم خلال ~1426 دقيقة
2026-02-25 17:57:17 | INFO    | ⏳ غير مستحق بعد — التحديث القادم خلال ~1426 دقيقة
2026-02-25 17:58:17 | INFO    | ⏳ غير مستحق بعد — التحديث القادم خلال ~1425 دقيقة
2026-02-25 17:58:17 | INFO    | ⏳ غير مستحق بعد — التحديث القادم خلال ~1425 دقيقة
2026-02-25 17:59:17 | INFO    | ⏳ غير مستحق بعد — التحديث القادم خلال ~1424 دقيقة
2026-02-25 17:59:17 | INFO    | ⏳ غير مستحق بعد — التحديث القادم خلال ~1424 دقيقة
2026-02-25 18:00:17 | INFO    | ⏳ غير مستحق بعد — التحديث القادم خلال ~1423 دقيقة
2026-02-25 18:00:17 | INFO    | ⏳ غير مستحق بعد — التحديث القادم خلال ~1423 دقيقة
2026-02-25 18:01:18 | INFO    | ⏳ غير مستحق بعد — التحديث القادم خلال ~1422 دقيقة
2026-02-25 18:01:18 | INFO    | ⏳ غير مستحق بعد — التحديث القادم خلال ~1422 دقيقة
2026-02-25 18:02:18 | INFO    | ⏳ غير مستحق بعد — التحديث القادم خلال ~1421 دقيقة
2026-02-25 18:02:18 | INFO    | ⏳ غير مستحق بعد — التحديث القادم خلال ~1421 دقيقة
2026-02-25 18:03:18 | INFO    | ⏳ غير مستحق بعد — التحديث القادم خلال ~1420 دقيقة
2026-02-25 18:03:18 | INFO    | ⏳ غير مستحق بعد — التحديث القادم خلال ~1420 دقيقة
2026-02-25 18:04:18 | INFO    | ⏳ غير مستحق بعد — التحديث القادم خلال ~1419 دقيقة
2026-02-25 18:04:18 | INFO    | ⏳ غير مستحق بعد — التحديث القادم خلال ~1419 دقيقة
2026-02-25 18:05:18 | INFO    | ⏳ غير مستحق بعد — التحديث القادم خلال ~1418 دقيقة
2026-02-25 18:05:18 | INFO    | ⏳ غير مستحق بعد — التحديث القادم خلال ~1418 دقيقة
2026-02-25 18:06:18 | INFO    | ⏳ غير مستحق بعد — التحديث القادم خلال ~1417 دقيقة
2026-02-25 18:06:18 | INFO    | ⏳ غير مستحق بعد — التحديث القادم خلال ~1417 دقيقة
2026-02-25 18:07:18 | INFO    | ⏳ غير مستحق بعد — التحديث القادم خلال ~1416 دقيقة
2026-02-25 18:07:18 | INFO    | ⏳ غير مستحق بعد — التحديث القادم خلال ~1416 دقيقة
2026-02-25 18:08:18 | INFO    | ⏳ غير مستحق بعد — التحديث القادم خلال ~1415 دقيقة
2026-02-25 18:08:18 | INFO    | ⏳ غير مستحق بعد — التحديث القادم خلال ~1415 دقيقة
2026-02-25 18:09:18 | INFO    | ⏳ غير مستحق بعد — التحديث القادم خلال ~1414 دقيقة
2026-02-25 18:09:18 | INFO    | ⏳ غير مستحق بعد — التحديث القادم خلال ~1414 دقيقة
2026-02-25 18:10:18 | INFO    | ⏳ غير مستحق بعد — التحديث القادم خلال ~1413 دقيقة
2026-02-25 18:10:18 | INFO    | ⏳ غير مستحق بعد — التحديث القادم خلال ~1413 دقيقة
2026-02-25 18:11:19 | INFO    | ⏳ غير مستحق بعد — التحديث القادم خلال ~1412 دقيقة
2026-02-25 18:11:19 | INFO    | ⏳ غير مستحق بعد — التحديث القادم خلال ~1412 دقيقة
2026-02-25 18:12:19 | INFO    | ⏳ غير مستحق بعد — التحديث القادم خلال ~1411 دقيقة
2026-02-25 18:12:19 | INFO    | ⏳ غير مستحق بعد — التحديث القادم خلال ~1411 دقيقة
2026-02-25 18:13:19 | INFO    | ⏳ غير مستحق بعد — التحديث القادم خلال ~1410 دقيقة
2026-02-25 18:13:19 | INFO    | ⏳ غير مستحق بعد — التحديث القادم خلال ~1410 دقيقة
2026-02-25 18:14:19 | INFO    | ⏳ غير مستحق بعد — التحديث القادم خلال ~1409 دقيقة
2026-02-25 18:14:19 | INFO    | ⏳ غير مستحق بعد — التحديث القادم خلال ~1409 دقيقة
2026-02-25 18:15:19 | INFO    | ⏳ غير مستحق بعد — التحديث القادم خلال ~1408 دقيقة
2026-02-25 18:15:19 | INFO    | ⏳ غير مستحق بعد — التحديث القادم خلال ~1408 دقيقة
2026-02-25 18:16:19 | INFO    | ⏳ غير مستحق بعد — التحديث القادم خلال ~1407 دقيقة
2026-02-25 18:16:19 | INFO    | ⏳ غير مستحق بعد — التحديث القادم خلال ~1407 دقيقة
2026-02-25 18:17:19 | INFO    | ⏳ غير مستحق بعد — التحديث القادم خلال ~1406 دقيقة
2026-02-25 18:17:19 | INFO    | ⏳ غير مستحق بعد — التحديث القادم خلال ~1406 دقيقة
2026-02-25 18:18:19 | INFO    | ⏳ غير مستحق بعد — التحديث القادم خلال ~1405 دقيقة
2026-02-25 18:18:19 | INFO    | ⏳ غير مستحق بعد — التحديث القادم خلال ~1405 دقيقة
2026-02-25 18:19:19 | INFO    | ⏳ غير مستحق بعد — التحديث القادم خلال ~1404 دقيقة
2026-02-25 18:19:19 | INFO    | ⏳ غير مستحق بعد — التحديث القادم خلال ~1404 دقيقة
2026-02-25 18:20:20 | INFO    | ⏳ غير مستحق بعد — التحديث القادم خلال ~1403 دقيقة
2026-02-25 18:20:20 | INFO    | ⏳ غير مستحق بعد — التحديث القادم خلال ~1403 دقيقة
2026-02-25 18:21:20 | INFO    | ⏳ غير مستحق بعد — التحديث القادم خلال ~1402 دقيقة
2026-02-25 18:21:20 | INFO    | ⏳ غير مستحق بعد — التحديث القادم خلال ~1402 دقيقة
2026-02-25 18:22:20 | INFO    | ⏳ غير مستحق بعد — التحديث القادم خلال ~1401 دقيقة
2026-02-25 18:22:20 | INFO    | ⏳ غير مستحق بعد — التحديث القادم خلال ~1401 دقيقة
2026-02-25 18:23:20 | INFO    | ⏳ غير مستحق بعد — التحديث القادم خلال ~1400 دقيقة
2026-02-25 18:23:20 | INFO    | ⏳ غير مستحق بعد — التحديث القادم خلال ~1400 دقيقة
2026-02-25 18:24:20 | INFO    | ⏳ غير مستحق بعد — التحديث القادم خلال ~1399 دقيقة
2026-02-25 18:24:20 | INFO    | ⏳ غير مستحق بعد — التحديث القادم خلال ~1399 دقيقة
2026-02-25 18:25:20 | INFO    | ⏳ غير مستحق بعد — التحديث القادم خلال ~1398 دقيقة
2026-02-25 18:25:20 | INFO    | ⏳ غير مستحق بعد — التحديث القادم خلال ~1398 دقيقة
2026-02-25 18:26:20 | INFO    | ⏳ غير مستحق بعد — التحديث القادم خلال ~1397 دقيقة
2026-02-25 18:26:20 | INFO    | ⏳ غير مستحق بعد — التحديث القادم خلال ~1397 دقيقة
2026-02-25 18:27:20 | INFO    | ⏳ غير مستحق بعد — التحديث القادم خلال ~1396 دقيقة
2026-02-25 18:27:20 | INFO    | ⏳ غير مستحق بعد — التحديث القادم خلال ~1396 دقيقة
2026-02-25 18:28:20 | INFO    | ⏳ غير مستحق بعد — التحديث القادم خلال ~1395 دقيقة
2026-02-25 18:28:20 | INFO    | ⏳ غير مستحق بعد — التحديث القادم خلال ~1395 دقيقة
2026-02-25 18:29:20 | INFO    | ⏳ غير مستحق بعد — التحديث القادم خلال ~1394 دقيقة
2026-02-25 18:29:20 | INFO    | ⏳ غير مستحق بعد — التحديث القادم خلال ~1394 دقيقة
2026-02-25 18:30:20 | INFO    | ⏳ غير مستحق بعد — التحديث القادم خلال ~1393 دقيقة
2026-02-25 18:30:20 | INFO    | ⏳ غير مستحق بعد — التحديث القادم خلال ~1393 دقيقة
2026-02-25 18:31:21 | INFO    | ⏳ غير مستحق بعد — التحديث القادم خلال ~1392 دقيقة
2026-02-25 18:31:21 | INFO    | ⏳ غير مستحق بعد — التحديث القادم خلال ~1392 دقيقة
2026-02-25 18:32:21 | INFO    | ⏳ غير مستحق بعد — التحديث القادم خلال ~1391 دقيقة
2026-02-25 18:32:21 | INFO    | ⏳ غير مستحق بعد — التحديث القادم خلال ~1391 دقيقة
2026-02-25 18:33:21 | INFO    | ⏳ غير مستحق بعد — التحديث القادم خلال ~1390 دقيقة
2026-02-25 18:33:21 | INFO    | ⏳ غير مستحق بعد — التحديث القادم خلال ~1390 دقيقة
2026-02-25 18:34:21 | INFO    | ⏳ غير مستحق بعد — التحديث القادم خلال ~1389 دقيقة
2026-02-25 18:34:21 | INFO    | ⏳ غير مستحق بعد — التحديث القادم خلال ~1389 دقيقة
2026-02-25 18:35:21 | INFO    | ⏳ غير مستحق بعد — التحديث القادم خلال ~1388 دقيقة
2026-02-25 18:35:21 | INFO    | ⏳ غير مستحق بعد — التحديث القادم خلال ~1388 دقيقة
2026-02-25 18:36:21 | INFO    | ⏳ غير مستحق بعد — التحديث القادم خلال ~1387 دقيقة
2026-02-25 18:36:21 | INFO    | ⏳ غير مستحق بعد — التحديث القادم خلال ~1387 دقيقة
2026-02-25 18:37:21 | INFO    | ⏳ غير مستحق بعد — التحديث القادم خلال ~1386 دقيقة
2026-02-25 18:37:21 | INFO    | ⏳ غير مستحق بعد — التحديث القادم خلال ~1386 دقيقة
2026-02-25 18:38:21 | INFO    | ⏳ غير مستحق بعد — التحديث القادم خلال ~1385 دقيقة
2026-02-25 18:38:21 | INFO    | ⏳ غير مستحق بعد — التحديث القادم خلال ~1385 دقيقة
2026-02-25 18:39:21 | INFO    | ⏳ غير مستحق بعد — التحديث القادم خلال ~1384 دقيقة
2026-02-25 18:39:21 | INFO    | ⏳ غير مستحق بعد — التحديث القادم خلال ~1384 دقيقة
2026-02-25 18:40:21 | INFO    | ⏳ غير مستحق بعد — التحديث القادم خلال ~1383 دقيقة
2026-02-25 18:40:21 | INFO    | ⏳ غير مستحق بعد — التحديث القادم خلال ~1383 دقيقة
2026-02-25 18:41:21 | INFO    | ⏳ غير مستحق بعد — التحديث القادم خلال ~1382 دقيقة
2026-02-25 18:41:21 | INFO    | ⏳ غير مستحق بعد — التحديث القادم خلال ~1382 دقيقة
2026-02-25 18:42:21 | INFO    | ⏳ غير مستحق بعد — التحديث القادم خلال ~1381 دقيقة
2026-02-25 18:42:21 | INFO    | ⏳ غير مستحق بعد — التحديث القادم خلال ~1381 دقيقة
2026-02-25 18:43:22 | INFO    | ⏳ غير مستحق بعد — التحديث القادم خلال ~1380 دقيقة
2026-02-25 18:43:22 | INFO    | ⏳ غير مستحق بعد — التحديث القادم خلال ~1380 دقيقة
2026-02-25 18:44:22 | INFO    | ⏳ غير مستحق بعد — التحديث القادم خلال ~1379 دقيقة
2026-02-25 18:44:22 | INFO    | ⏳ غير مستحق بعد — التحديث القادم خلال ~1379 دقيقة
2026-02-25 18:45:22 | INFO    | ⏳ غير مستحق بعد — التحديث القادم خلال ~1378 دقيقة
2026-02-25 18:45:22 | INFO    | ⏳ غير مستحق بعد — التحديث القادم خلال ~1378 دقيقة
2026-02-25 18:46:22 | INFO    | ⏳ غير مستحق بعد — التحديث القادم خلال ~1377 دقيقة
2026-02-25 18:46:22 | INFO    | ⏳ غير مستحق بعد — التحديث القادم خلال ~1377 دقيقة
2026-02-25 18:47:22 | INFO    | ⏳ غير مستحق بعد — التحديث القادم خلال ~1376 دقيقة
2026-02-25 18:47:22 | INFO    | ⏳ غير مستحق بعد — التحديث القادم خلال ~1376 دقيقة
2026-02-25 18:48:22 | INFO    | ⏳ غير مستحق بعد — التحديث القادم خلال ~1375 دقيقة
2026-02-25 18:48:22 | INFO    | ⏳ غير مستحق بعد — التحديث القادم خلال ~1375 دقيقة
2026-02-25 18:49:22 | INFO    | ⏳ غير مستحق بعد — التحديث القادم خلال ~1374 دقيقة
2026-02-25 18:49:22 | INFO    | ⏳ غير مستحق بعد — التحديث القادم خلال ~1374 دقيقة
2026-02-25 18:50:22 | INFO    | ⏳ غير مستحق بعد — التحديث القادم خلال ~1373 دقيقة
2026-02-25 18:50:22 | INFO    | ⏳ غير مستحق بعد — التحديث القادم خلال ~1373 دقيقة
2026-02-25 18:51:22 | INFO    | ⏳ غير مستحق بعد — التحديث القادم خلال ~1372 دقيقة
2026-02-25 18:51:22 | INFO    | ⏳ غير مستحق بعد — التحديث القادم خلال ~1372 دقيقة
2026-02-25 18:52:22 | INFO    | ⏳ غير مستحق بعد — التحديث القادم خلال ~1371 دقيقة
2026-02-25 18:52:22 | INFO    | ⏳ غير مستحق بعد — التحديث القادم خلال ~1371 دقيقة
2026-02-25 18:53:22 | INFO    | ⏳ غير مستحق بعد — التحديث القادم خلال ~1370 دقيقة
2026-02-25 18:53:22 | INFO    | ⏳ غير مستحق بعد — التحديث القادم خلال ~1370 دقيقة
2026-02-25 18:54:22 | INFO    | ⏳ غير مستحق بعد — التحديث القادم خلال ~1369 دقيقة
2026-02-25 18:54:22 | INFO    | ⏳ غير مستحق بعد — التحديث القادم خلال ~1369 دقيقة
2026-02-25 18:55:23 | INFO    | ⏳ غير مستحق بعد — التحديث القادم خلال ~1368 دقيقة
2026-02-25 18:55:23 | INFO    | ⏳ غير مستحق بعد — التحديث القادم خلال ~1368 دقيقة
2026-02-25 18:56:23 | INFO    | ⏳ غير مستحق بعد — التحديث القادم خلال ~1367 دقيقة
2026-02-25 18:56:23 | INFO    | ⏳ غير مستحق بعد — التحديث القادم خلال ~1367 دقيقة
2026-02-25 18:57:23 | INFO    | ⏳ غير مستحق بعد — التحديث القادم خلال ~1366 دقيقة
2026-02-25 18:57:23 | INFO    | ⏳ غير مستحق بعد — التحديث القادم خلال ~1366 دقيقة
2026-02-25 18:58:23 | INFO    | ⏳ غير مستحق بعد — التحديث القادم خلال ~1365 دقيقة
2026-02-25 18:58:23 | INFO    | ⏳ غير مستحق بعد — التحديث القادم خلال ~1365 دقيقة
2026-02-25 18:59:23 | INFO    | ⏳ غير مستحق بعد — التحديث القادم خلال ~1364 دقيقة
2026-02-25 18:59:23 | INFO    | ⏳ غير مستحق بعد — التحديث القادم خلال ~1364 دقيقة
2026-02-25 19:00:23 | INFO    | ⏳ غير مستحق بعد — التحديث القادم خلال ~1363 دقيقة
2026-02-25 19:00:23 | INFO    | ⏳ غير مستحق بعد — التحديث القادم خلال ~1363 دقيقة
2026-02-25 19:01:23 | INFO    | ⏳ غير مستحق بعد — التحديث القادم خلال ~1362 دقيقة
2026-02-25 19:01:23 | INFO    | ⏳ غير مستحق بعد — التحديث القادم خلال ~1362 دقيقة
