C:\Users\GAME\elhammadi\nexus-webapp\api-hub\blockchain\main.py:67: PydanticDeprecatedSince20: Support for class-based `config` is deprecated, use ConfigDict instead. Deprecated in Pydantic V2.0 to be removed in V3.0. See Pydantic V2 Migration Guide at https://errors.pydantic.dev/2.12/migration/
  class QueryRequest(BaseModel):
C:\Users\GAME\elhammadi\nexus-webapp\api-hub\blockchain\main.py:137: DeprecationWarning: 
        on_event is deprecated, use lifespan event handlers instead.

        Read more about it in the
        [FastAPI docs for Lifespan Events](https://fastapi.tiangolo.com/advanced/events/).
        
  @app.on_event("startup")
C:\Users\GAME\elhammadi\nexus-webapp\api-hub\blockchain\main.py:160: DeprecationWarning: 
        on_event is deprecated, use lifespan event handlers instead.

        Read more about it in the
        [FastAPI docs for Lifespan Events](https://fastapi.tiangolo.com/advanced/events/).
        
  @app.on_event("shutdown")
Traceback (most recent call last):
  File "C:\Users\GAME\elhammadi\nexus-webapp\api-hub\blockchain\main.py", line 558, in <module>
    main()
  File "C:\Users\GAME\elhammadi\nexus-webapp\api-hub\blockchain\main.py", line 546, in main
    print(f"\n\U0001f680 Starting Omnichain API at http://{args.host}:{args.port}")
  File "C:\Users\GAME\AppData\Local\Programs\Python\Python312\Lib\encodings\cp1252.py", line 19, in encode
    return codecs.charmap_encode(input,self.errors,encoding_table)[0]
           ^^^^^^^^^^^^^^^^^^^^^^^^^^^^^^^^^^^^^^^^^^^^^^^^^^^^^^^
UnicodeEncodeError: 'charmap' codec can't encode character '\U0001f680' in position 2: character maps to <undefined>
